<?xml version="1.0" encoding="utf-8"?><testsuites name="pytest tests"><testsuite name="pytest" errors="0" failures="0" skipped="0" tests="8" time="5.922" timestamp="2026-08-08T00:23:52.402185+00:00" hostname="agent-env-6fcfc196-e04f-4efe-af9a-ddc6fdde71ea"><testcase classname="tests.test_iter55_player_otp_sandbox.TestOtpRequestPhoneNormalization" name="test_phone_without_plus_10_digits" time="1.271" /><testcase classname="tests.test_iter55_player_otp_sandbox.TestOtpRequestPhoneNormalization" name="test_phone_with_separators" time="0.951" /><testcase classname="tests.test_iter55_player_otp_sandbox.TestOtpRequestPhoneNormalization" name="test_phone_with_plus_e164" time="0.961" /><testcase classname="tests.test_iter55_player_otp_sandbox.TestOtpRequestValidation" name="test_invalid_phone_abc" time="0.713" /><testcase classname="tests.test_iter55_player_otp_sandbox.TestOtpRequestValidation" name="test_name_too_short" time="0.739" /><testcase classname="tests.test_iter55_player_otp_sandbox.TestOtpVerifyFlow" name="test_verify_happy_path_and_wrong_code" time="1.205" /><testcase classname="tests.test_iter55_player_otp_sandbox.TestValidatePhoneUnit" name="test_accepts_all_formats" time="0.038" /><testcase classname="tests.test_iter55_player_otp_sandbox.TestValidatePhoneUnit" name="test_rejects_invalid" time="0.000" /></testsuite></testsuites>