<?xml version="1.0" encoding="utf-8"?><testsuites name="pytest tests"><testsuite name="pytest" errors="0" failures="1" skipped="1" tests="16" time="17.611" timestamp="2026-08-05T00:59:42.497917+00:00" hostname="agent-env-6fcfc196-e04f-4efe-af9a-ddc6fdde71ea"><testcase classname="tests.test_iter52_security_audit_sec001_sec004.TestSEC001Underpayment" name="test_join_request_ignores_client_amount" time="1.005" /><testcase classname="tests.test_iter52_security_audit_sec001_sec004.TestSEC001Underpayment" name="test_join_request_costo_zero_returns_400" time="0.314" /><testcase classname="tests.test_iter52_security_audit_sec001_sec004.TestSEC001Underpayment" name="test_preauth_form_ignores_amount_query" time="0.205" /><testcase classname="tests.test_iter52_security_audit_sec001_sec004.TestSEC002OwnershipAdminRetas" name="test_get_reta_by_non_owner_returns_403" time="0.306" /><testcase classname="tests.test_iter52_security_audit_sec001_sec004.TestSEC002OwnershipAdminRetas" name="test_endpoints_require_auth" time="0.321" /><testcase classname="tests.test_iter52_security_audit_sec001_sec004.TestSEC002OwnershipAdminRetas" name="test_non_owner_admin_gets_403" time="0.535" /><testcase classname="tests.test_iter52_security_audit_sec001_sec004.TestSEC003PlayerJoinRequestsAuth" name="test_no_auth_returns_401_or_403" time="0.101" /><testcase classname="tests.test_iter52_security_audit_sec001_sec004.TestSEC003PlayerJoinRequestsAuth" name="test_admin_jwt_returns_403" time="0.094" /><testcase classname="tests.test_iter52_security_audit_sec001_sec004.TestSEC003PlayerJoinRequestsAuth" name="test_player_jwt_wrong_sub_returns_403" time="0.103" /><testcase classname="tests.test_iter52_security_audit_sec001_sec004.TestSEC003PlayerJoinRequestsAuth" name="test_player_jwt_matching_sub_returns_200" time="0.097" /><testcase classname="tests.test_iter52_security_audit_sec001_sec004.TestSEC004RateLimits" name="test_join_request_rate_limit_5_per_minute" time="0.846" /><testcase classname="tests.test_iter52_security_audit_sec001_sec004.TestSEC004RateLimits" name="test_checkout_mp_rate_limit_10_per_minute" time="8.173" /><testcase classname="tests.test_iter52_security_audit_sec001_sec004.TestSEC004RateLimits" name="test_preauth_form_rate_limit_20_per_minute" time="2.583"><failure message="AssertionError: No se observó 429 en 23 requests. Statuses: [200, 200, 200, 200, 200, 200, 200, 200, 200, 200, 200, 200, 200, 200, 200, 200, 200, 200, 200, 200, 200, 200, 200]&#10;assert 429 in [200, 200, 200, 200, 200, 200, ...]">E   AssertionError: No se observó 429 en 23 requests. Statuses: [200, 200, 200, 200, 200, 200, 200, 200, 200, 200, 200, 200, 200, 200, 200, 200, 200, 200, 200, 200, 200, 200, 200]
    assert 429 in [200, 200, 200, 200, 200, 200, ...]</failure></testcase><testcase classname="tests.test_iter52_security_audit_sec001_sec004.TestRegression" name="test_admin_login_works" time="0.328" /><testcase classname="tests.test_iter52_security_audit_sec001_sec004.TestRegression" name="test_google_verification_endpoint" time="0.101" /><testcase classname="tests.test_iter52_security_audit_sec001_sec004.TestRegression" name="test_openapi_boots" time="2.475"><skipped type="pytest.skip" message="Ningún endpoint openapi/docs público accesible — no bloquea">/app/backend/tests/test_iter52_security_audit_sec001_sec004.py:434: Ningún endpoint openapi/docs público accesible — no bloquea</skipped></testcase></testsuite></testsuites>