<?xml version="1.0" encoding="utf-8"?><testsuites name="pytest tests"><testsuite name="pytest" errors="0" failures="1" skipped="0" tests="11" time="8.365" timestamp="2026-05-29T00:21:14.754992+00:00" hostname="agent-env-6fcfc196-e04f-4efe-af9a-ddc6fdde71ea"><testcase classname="backend.tests.test_phase_a_rsvp" name="test_aceptar_con_cupo" time="0.875" /><testcase classname="backend.tests.test_phase_a_rsvp" name="test_idempotencia_mismo_telefono" time="0.623" /><testcase classname="backend.tests.test_phase_a_rsvp" name="test_llenado_va_a_lista_espera" time="0.905" /><testcase classname="backend.tests.test_phase_a_rsvp" name="test_rechazar_libera_y_promueve" time="1.127" /><testcase classname="backend.tests.test_phase_a_rsvp" name="test_rechazar_sin_previo_aceptado" time="0.398" /><testcase classname="backend.tests.test_phase_a_rsvp" name="test_rsvp_rejects_paga_reta" time="0.450" /><testcase classname="backend.tests.test_phase_a_rsvp" name="test_admin_asistencia_columnas" time="1.086" /><testcase classname="backend.tests.test_phase_a_rsvp" name="test_patch_estatus_libera_y_promueve" time="1.105"><failure message="AssertionError: Internal Server Error&#10;assert 500 == 200&#10; +  where 500 = &lt;Response [500]&gt;.status_code">backend/tests/test_phase_a_rsvp.py:264: in test_patch_estatus_libera_y_promueve
    assert r.status_code == 200, r.text
E   AssertionError: Internal Server Error
E   assert 500 == 200
E    +  where 500 = &lt;Response [500]&gt;.status_code</failure></testcase><testcase classname="backend.tests.test_phase_a_rsvp" name="test_patch_acceptar_en_llena_409" time="1.070" /><testcase classname="backend.tests.test_phase_a_rsvp" name="test_regresion_paga_checkout_mp_no_rota" time="0.433" /><testcase classname="backend.tests.test_phase_a_rsvp" name="test_admin_endpoints_require_auth" time="0.236" /></testsuite></testsuites>