<?xml version="1.0" encoding="utf-8"?><testsuites name="pytest tests"><testsuite name="pytest" errors="0" failures="0" skipped="0" tests="11" time="2.592" timestamp="2026-05-28T15:25:41.914204+00:00" hostname="agent-env-6fcfc196-e04f-4efe-af9a-ddc6fdde71ea"><testcase classname="tests.test_import_inscripciones" name="test_b1_import_5_jugadores_validos" time="0.823" /><testcase classname="tests.test_import_inscripciones" name="test_b2_duplicado_case_insensitive" time="0.211" /><testcase classname="tests.test_import_inscripciones" name="test_b3_cupo_lleno_respeta_orden" time="0.149" /><testcase classname="tests.test_import_inscripciones" name="test_b4_lista_vacia_422" time="0.158" /><testcase classname="tests.test_import_inscripciones" name="test_b5_mas_de_1000_422" time="0.187" /><testcase classname="tests.test_import_inscripciones" name="test_b6_con_resultados_capturados_409" time="0.289" /><testcase classname="tests.test_import_inscripciones" name="test_b7_sin_auth_401" time="0.144" /><testcase classname="tests.test_import_inscripciones" name="test_b8_normaliza_espacios" time="0.212" /><testcase classname="tests.test_import_inscripciones" name="test_b9_nombre_vacio_post_trim" time="0.161" /><testcase classname="tests.test_import_inscripciones" name="test_b10_regresion_rol_orden_preview" time="0.158" /><testcase classname="tests.test_import_inscripciones" name="test_demo_reta_full_import_blocked_by_cupo" time="0.055" /></testsuite></testsuites>