<?xml version="1.0" encoding="utf-8"?><testsuites name="pytest tests"><testsuite name="pytest" errors="0" failures="0" skipped="0" tests="33" time="84.304" timestamp="2026-05-28T23:05:47.441004+00:00" hostname="agent-env-6fcfc196-e04f-4efe-af9a-ddc6fdde71ea"><testcase classname="backend.tests.test_phase234_parejas.TestFase2Checkout" name="test_mp_dúo_crea_2_inscripciones_mismo_grupo" time="1.212" /><testcase classname="backend.tests.test_phase234_parejas.TestFase2Checkout" name="test_mp_individual_rechaza_datos_pareja" time="0.208" /><testcase classname="backend.tests.test_phase234_parejas.TestFase2Checkout" name="test_mp_parejas_sin_pareja_ni_freeagent_400" time="0.208" /><testcase classname="backend.tests.test_phase234_parejas.TestFase2Checkout" name="test_mp_freeagent_sin_permiso_400" time="0.207" /><testcase classname="backend.tests.test_phase234_parejas.TestFase2Checkout" name="test_mock_checkout_dúo_crea_2" time="0.315" /><testcase classname="backend.tests.test_phase234_parejas.TestFase2Checkout" name="test_stripe_dúo_o_503" time="0.760" /><testcase classname="backend.tests.test_phase234_parejas.TestFase2Checkout" name="test_webhook_payment_approved_aprueba_ambas" time="0.467" /><testcase classname="backend.tests.test_phase234_parejas.TestFase2Checkout" name="test_webhook_payment_failed_borra_ambas_libera_2" time="0.646" /><testcase classname="backend.tests.test_phase234_parejas.TestFase2Checkout" name="test_concurrencia_un_cupo_dúo_409" time="1.079" /><testcase classname="backend.tests.test_phase234_parejas.TestFase3RoundRobin" name="test_rol_individual_regresion" time="0.269" /><testcase classname="backend.tests.test_phase234_parejas.TestFase3RoundRobin" name="test_rol_parejas_sin_duos" time="0.225" /><testcase classname="backend.tests.test_phase234_parejas.TestFase3RoundRobin" name="test_rol_parejas_con_4_duos" time="1.099" /><testcase classname="backend.tests.test_phase234_parejas.TestFase3RoundRobin" name="test_tabla_por_duo" time="0.686" /><testcase classname="backend.tests.test_phase234_parejas.TestFase3RoundRobin" name="test_csv_rol_parejas" time="1.126" /><testcase classname="backend.tests.test_phase234_parejas.TestFase3RoundRobin" name="test_clasificacion_csv_pdf_parejas" time="43.273" /><testcase classname="backend.tests.test_phase234_parejas.TestFase4Admin" name="test_listar_free_agents" time="20.138" /><testcase classname="backend.tests.test_phase234_parejas.TestFase4Admin" name="test_match_free_agents" time="0.817" /><testcase classname="backend.tests.test_phase234_parejas.TestFase4Admin" name="test_match_ids_iguales_400" time="0.443" /><testcase classname="backend.tests.test_phase234_parejas.TestFase4Admin" name="test_match_ya_emparejados_409" time="0.784" /><testcase classname="backend.tests.test_phase234_parejas.TestFase4Admin" name="test_cancel_dúo_modo_duo" time="0.713" /><testcase classname="backend.tests.test_phase234_parejas.TestFase4Admin" name="test_cancel_modo_solo" time="0.570" /><testcase classname="backend.tests.test_phase234_parejas.TestFase4Admin" name="test_listar_duos" time="0.815" /><testcase classname="backend.tests.test_phase234_parejas.TestFase4Admin" name="test_endpoints_fase4_requieren_auth" time="0.361" /><testcase classname="backend.tests.test_phase234_parejas.TestFase4Admin" name="test_endpoints_fase4_400_si_individual" time="0.358" /><testcase classname="backend.tests.test_phase234_parejas.TestRegresionIndividual" name="test_checkout_individual_clasico" time="3.116" /><testcase classname="backend.tests.test_iter18_refinamientos.TestTwilioSandboxInfo" name="test_p1_admin_auth_ok_shape" time="0.476" /><testcase classname="backend.tests.test_iter18_refinamientos.TestTwilioSandboxInfo" name="test_p1b_is_sandbox_consistent_with_join_code" time="0.111" /><testcase classname="backend.tests.test_iter18_refinamientos.TestTwilioSandboxInfo" name="test_p2_sin_auth_401_403" time="0.104" /><testcase classname="backend.tests.test_iter18_refinamientos.TestTwilioSandboxInfo" name="test_p2b_token_invalido_401_403" time="0.106" /><testcase classname="backend.tests.test_iter18_refinamientos.TestFreeAgentsMatch" name="test_p3_mismo_telefono_400" time="0.637" /><testcase classname="backend.tests.test_iter18_refinamientos.TestFreeAgentsMatch" name="test_p4_ids_iguales_400" time="0.717" /><testcase classname="backend.tests.test_iter18_refinamientos.TestFreeAgentsMatch" name="test_p6_match_exitoso" time="0.684" /><testcase classname="backend.tests.test_iter18_refinamientos.TestFreeAgentsMatch" name="test_p5_ya_emparejado_409" time="1.538" /></testsuite></testsuites>