<?xml version="1.0" encoding="utf-8"?><testsuites name="pytest tests"><testsuite name="pytest" errors="0" failures="0" skipped="2" tests="19" time="4.377" timestamp="2026-06-25T22:01:40.971212+00:00" hostname="agent-env-6fcfc196-e04f-4efe-af9a-ddc6fdde71ea"><testcase classname="tests.test_iter47_deeplink_push.TestWellKnownBackendDirect" name="test_aasa_status_and_content_type" time="0.007" /><testcase classname="tests.test_iter47_deeplink_push.TestWellKnownBackendDirect" name="test_aasa_payload_structure" time="0.002" /><testcase classname="tests.test_iter47_deeplink_push.TestWellKnownBackendDirect" name="test_assetlinks_status_and_content_type" time="0.002" /><testcase classname="tests.test_iter47_deeplink_push.TestWellKnownBackendDirect" name="test_assetlinks_payload_structure" time="0.002" /><testcase classname="tests.test_iter47_deeplink_push.TestWellKnownPublicURL" name="test_aasa_public_url_returns_non_json" time="1.237"><skipped type="pytest.skip" message="INFRA_NOTE: Public ingress does not route .well-known/* to backend (got 404 text/html). Backend serves it correctly on direct hit. Production at padelappretas.app must route /.well-known/* to backend.">/app/backend/tests/test_iter47_deeplink_push.py:107: INFRA_NOTE: Public ingress does not route .well-known/* to backend (got 404 text/html). Backend serves it correctly on direct hit. Production at padelappretas.app must route /.well-known/* to backend.</skipped></testcase><testcase classname="tests.test_iter47_deeplink_push.TestWellKnownPublicURL" name="test_assetlinks_public_url_returns_non_json" time="0.934"><skipped type="pytest.skip" message="INFRA_NOTE: Public ingress does not route .well-known/* to backend (got 404 text/html).">/app/backend/tests/test_iter47_deeplink_push.py:121: INFRA_NOTE: Public ingress does not route .well-known/* to backend (got 404 text/html).</skipped></testcase><testcase classname="tests.test_iter47_deeplink_push.TestRegisterPush" name="test_register_push_android_pending_deploy" time="0.289" /><testcase classname="tests.test_iter47_deeplink_push.TestRegisterPush" name="test_register_push_ios" time="0.123" /><testcase classname="tests.test_iter47_deeplink_push.TestRegisterPush" name="test_register_push_web" time="0.117" /><testcase classname="tests.test_iter47_deeplink_push.TestRegisterPush" name="test_register_push_validation_422[payload0-user_id]" time="0.135" /><testcase classname="tests.test_iter47_deeplink_push.TestRegisterPush" name="test_register_push_validation_422[payload1-platform]" time="0.097" /><testcase classname="tests.test_iter47_deeplink_push.TestRegisterPush" name="test_register_push_validation_422[payload2-device_token]" time="0.096" /><testcase classname="tests.test_iter47_deeplink_push.TestRegisterPush" name="test_register_push_validation_422[payload3-device_token]" time="0.110" /><testcase classname="tests.test_iter47_deeplink_push.TestRegisterPush" name="test_register_push_validation_422[payload4-user_id]" time="0.100" /><testcase classname="tests.test_iter47_deeplink_push.TestRegisterPush" name="test_register_push_idempotent_upsert" time="0.279" /><testcase classname="tests.test_iter47_deeplink_push.TestRegisterPush" name="test_audit_stores_fingerprint_not_full_token" time="0.123" /><testcase classname="tests.test_iter47_deeplink_push.TestRegressionSmoke" name="test_health" time="0.095" /><testcase classname="tests.test_iter47_deeplink_push.TestRegressionSmoke" name="test_admin_login" time="0.344" /><testcase classname="tests.test_iter47_deeplink_push.TestRegressionSmoke" name="test_public_buscar_retas" time="0.170" /></testsuite></testsuites>