<?xml version="1.0" encoding="utf-8"?><testsuites name="pytest tests"><testsuite name="pytest" errors="0" failures="0" skipped="2" tests="70" time="10.116" timestamp="2026-06-26T23:15:48.502408+00:00" hostname="agent-env-6fcfc196-e04f-4efe-af9a-ddc6fdde71ea"><testcase classname="tests.test_iter45_waitlist_acid.TestBackendBoots" name="test_root_api_returns_200" time="0.257" /><testcase classname="tests.test_iter45_waitlist_acid.TestAdminLogin" name="test_admin_login_success" time="0.270" /><testcase classname="tests.test_iter45_waitlist_acid.TestAdminLogin" name="test_admin_login_bad_password" time="0.272" /><testcase classname="tests.test_iter45_waitlist_acid.TestPublicSearch" name="test_buscar_retas_returns_list" time="0.136" /><testcase classname="tests.test_iter45_waitlist_acid.TestExpirarPendientes" name="test_expirar_pendientes_requires_auth" time="0.449" /><testcase classname="tests.test_iter45_waitlist_acid.TestExpirarPendientes" name="test_expirar_pendientes_returns_expected_shape" time="0.046" /><testcase classname="tests.test_iter45_waitlist_acid.TestExpirarPendientes" name="test_expirar_pendientes_unknown_reta_404" time="0.044" /><testcase classname="tests.test_iter45_waitlist_acid.TestExpirarPendientes" name="test_expirar_pendientes_idempotent" time="0.087" /><testcase classname="tests.test_iter45_waitlist_acid.TestJobsWorker" name="test_jobs_queue_collection_via_mongo" time="0.004" /><testcase classname="tests.test_iter45_waitlist_acid.TestJobsWorker" name="test_jobs_worker_log_line_present" time="0.006" /><testcase classname="tests.test_iter45_waitlist_acid.TestAdminEndpoints" name="test_payouts_summary" time="0.044" /><testcase classname="tests.test_iter45_waitlist_acid.TestAdminEndpoints" name="test_comunidad_asistencia" time="0.060" /><testcase classname="tests.test_iter45_waitlist_acid" name="test_promover_lista_espera_returns_none_when_empty" time="0.242" /><testcase classname="tests.test_iter45_waitlist_acid" name="test_helpers_imports_clean" time="0.001" /><testcase classname="tests.test_iter45_waitlist_acid" name="test_transactions_module_present" time="0.001" /><testcase classname="tests.test_iter45_waitlist_acid" name="test_mercadopago_refundar_pago_present" time="0.006" /><testcase classname="tests.test_iter46_acid_refund_overflow.TestMPOverflowRefund" name="test_mp_approved_overflow_triggers_refund" time="0.038" /><testcase classname="tests.test_iter46_acid_refund_overflow.TestMPOverflowRefund" name="test_mp_approved_happy_path_no_refund" time="0.009" /><testcase classname="tests.test_iter46_acid_refund_overflow.TestMPOverflowRefund" name="test_mp_already_processed_is_idempotent" time="0.004" /><testcase classname="tests.test_iter46_acid_refund_overflow.TestStripeOverflowRefund" name="test_stripe_paid_overflow_triggers_refund" time="0.038" /><testcase classname="tests.test_iter46_acid_refund_overflow.TestStripeOverflowRefund" name="test_stripe_paid_happy_path_no_refund" time="0.005" /><testcase classname="tests.test_iter46_acid_refund_overflow.TestSafeTransactionFallback" name="test_safe_transaction_yields_none_on_standalone" time="0.000" /><testcase classname="tests.test_iter46_acid_refund_overflow.TestSafeTransactionFallback" name="test_safe_transaction_exception_propagates" time="0.000" /><testcase classname="tests.test_iter46_acid_refund_overflow.TestPublicBuscarSanitization" name="test_q_sanitization_returns_200[test%00null]" time="0.147" /><testcase classname="tests.test_iter46_acid_refund_overflow.TestPublicBuscarSanitization" name="test_q_sanitization_returns_200[%00%00%00]" time="0.148" /><testcase classname="tests.test_iter46_acid_refund_overflow.TestPublicBuscarSanitization" name="test_q_sanitization_returns_200[%01%02%03test]" time="0.127" /><testcase classname="tests.test_iter46_acid_refund_overflow.TestPublicBuscarSanitization" name="test_q_sanitization_returns_200[test%E2%80%A8sep]" time="0.044" /><testcase classname="tests.test_iter46_acid_refund_overflow.TestPublicBuscarSanitization" name="test_q_sanitization_returns_200[test%E2%80%A9sep]" time="0.044" /><testcase classname="tests.test_iter46_acid_refund_overflow.TestPublicBuscarSanitization" name="test_q_sanitization_returns_200[test%E2%80%AAover]" time="0.096" /><testcase classname="tests.test_iter46_acid_refund_overflow.TestPublicBuscarSanitization" name="test_q_sanitization_returns_200[test%E2%81%A6iso]" time="0.044" /><testcase classname="tests.test_iter46_acid_refund_overflow.TestPublicBuscarSanitization" name="test_q_sanitization_returns_200[%20%20%20]" time="0.155" /><testcase classname="tests.test_iter46_acid_refund_overflow.TestPublicBuscarSanitization" name="test_q_sanitization_returns_200[%5E%24%2E%2A%2B%3F]" time="0.044" /><testcase classname="tests.test_iter46_acid_refund_overflow.TestPublicBuscarSanitization" name="test_q_sanitization_returns_200[test%7F%C2%85]" time="0.133" /><testcase classname="tests.test_iter47_deeplink_push.TestWellKnownBackendDirect" name="test_aasa_status_and_content_type" time="0.003" /><testcase classname="tests.test_iter47_deeplink_push.TestWellKnownBackendDirect" name="test_aasa_payload_structure" time="0.002" /><testcase classname="tests.test_iter47_deeplink_push.TestWellKnownBackendDirect" name="test_assetlinks_status_and_content_type" time="0.001" /><testcase classname="tests.test_iter47_deeplink_push.TestWellKnownBackendDirect" name="test_assetlinks_payload_structure" time="0.001" /><testcase classname="tests.test_iter47_deeplink_push.TestWellKnownPublicURL" name="test_aasa_public_url_returns_non_json" time="1.153"><skipped type="pytest.skip" message="INFRA_NOTE: Public ingress does not route .well-known/* to backend (got 404 text/html). Backend serves it correctly on direct hit. Production at padelappretas.app must route /.well-known/* to backend.">/app/backend/tests/test_iter47_deeplink_push.py:107: INFRA_NOTE: Public ingress does not route .well-known/* to backend (got 404 text/html). Backend serves it correctly on direct hit. Production at padelappretas.app must route /.well-known/* to backend.</skipped></testcase><testcase classname="tests.test_iter47_deeplink_push.TestWellKnownPublicURL" name="test_assetlinks_public_url_returns_non_json" time="0.935"><skipped type="pytest.skip" message="INFRA_NOTE: Public ingress does not route .well-known/* to backend (got 404 text/html).">/app/backend/tests/test_iter47_deeplink_push.py:121: INFRA_NOTE: Public ingress does not route .well-known/* to backend (got 404 text/html).</skipped></testcase><testcase classname="tests.test_iter47_deeplink_push.TestRegisterPush" name="test_register_push_android_pending_deploy" time="0.183" /><testcase classname="tests.test_iter47_deeplink_push.TestRegisterPush" name="test_register_push_ios" time="0.143" /><testcase classname="tests.test_iter47_deeplink_push.TestRegisterPush" name="test_register_push_web" time="0.130" /><testcase classname="tests.test_iter47_deeplink_push.TestRegisterPush" name="test_register_push_validation_422[payload0-user_id]" time="0.133" /><testcase classname="tests.test_iter47_deeplink_push.TestRegisterPush" name="test_register_push_validation_422[payload1-platform]" time="0.108" /><testcase classname="tests.test_iter47_deeplink_push.TestRegisterPush" name="test_register_push_validation_422[payload2-device_token]" time="0.093" /><testcase classname="tests.test_iter47_deeplink_push.TestRegisterPush" name="test_register_push_validation_422[payload3-device_token]" time="0.093" /><testcase classname="tests.test_iter47_deeplink_push.TestRegisterPush" name="test_register_push_validation_422[payload4-user_id]" time="0.104" /><testcase classname="tests.test_iter47_deeplink_push.TestRegisterPush" name="test_register_push_idempotent_upsert" time="0.269" /><testcase classname="tests.test_iter47_deeplink_push.TestRegisterPush" name="test_audit_stores_fingerprint_not_full_token" time="0.108" /><testcase classname="tests.test_iter47_deeplink_push.TestRegressionSmoke" name="test_health" time="0.104" /><testcase classname="tests.test_iter47_deeplink_push.TestRegressionSmoke" name="test_admin_login" time="0.333" /><testcase classname="tests.test_iter47_deeplink_push.TestRegressionSmoke" name="test_public_buscar_retas" time="0.210" /><testcase classname="tests.test_iter48_push_settings.TestPushStatusEndpoint" name="test_status_never_registered" time="0.102" /><testcase classname="tests.test_iter48_push_settings.TestPushStatusEndpoint" name="test_status_registered_or_pending_deploy" time="0.205" /><testcase classname="tests.test_iter48_push_settings.TestPushStatusEndpoint" name="test_status_missing_user_id_422" time="0.091" /><testcase classname="tests.test_iter48_push_settings.TestPushStatusEndpoint" name="test_status_empty_user_id_422" time="0.095" /><testcase classname="tests.test_iter48_push_settings.TestPushStatusEndpoint" name="test_status_after_disable_is_disabled" time="0.302" /><testcase classname="tests.test_iter48_push_settings.TestDisablePushEndpoint" name="test_disable_after_register_updates_doc" time="0.203" /><testcase classname="tests.test_iter48_push_settings.TestDisablePushEndpoint" name="test_disable_never_registered_creates_shell_doc" time="0.212" /><testcase classname="tests.test_iter48_push_settings.TestDisablePushEndpoint" name="test_disable_empty_user_id_422" time="0.099" /><testcase classname="tests.test_iter48_push_settings.TestDisablePushEndpoint" name="test_disable_missing_user_id_422" time="0.091" /><testcase classname="tests.test_iter48_push_settings.TestDisablePushEndpoint" name="test_disable_idempotent_twice" time="0.205" /><testcase classname="tests.test_iter48_push_settings.TestEndToEndOptInOut" name="test_full_lifecycle" time="0.622" /><testcase classname="tests.test_iter48_push_settings.TestSendPushFiltersOptOuts" name="test_filters_disabled_user_from_payload" time="0.004" /><testcase classname="tests.test_iter48_push_settings.TestSendPushFiltersOptOuts" name="test_all_disabled_returns_false_and_no_upstream_call" time="0.002" /><testcase classname="tests.test_iter48_push_settings.TestSendPushFiltersOptOuts" name="test_all_enabled_passes_full_list" time="0.002" /><testcase classname="tests.test_iter48_push_settings.TestRegressionSmoke" name="test_health" time="0.112" /><testcase classname="tests.test_iter48_push_settings.TestRegressionSmoke" name="test_admin_login" time="0.320" /><testcase classname="tests.test_iter48_push_settings.TestRegressionSmoke" name="test_public_buscar_retas" time="0.201" /><testcase classname="tests.test_iter48_push_settings.TestRegressionSmoke" name="test_aasa_backend_direct" time="0.003" /></testsuite></testsuites>