<?xml version="1.0" encoding="utf-8"?><testsuites name="pytest tests"><testsuite name="pytest" errors="0" failures="6" skipped="0" tests="224" time="79.570" timestamp="2026-05-28T00:03:59.895261+00:00" hostname="agent-env-6fcfc196-e04f-4efe-af9a-ddc6fdde71ea"><testcase classname="tests.test_api_padelappretas.TestAuth" name="test_login_success" time="0.350" /><testcase classname="tests.test_api_padelappretas.TestAuth" name="test_login_bad_password" time="0.267" /><testcase classname="tests.test_api_padelappretas.TestAuth" name="test_me_returns_admin" time="0.314" /><testcase classname="tests.test_api_padelappretas.TestAuth" name="test_me_requires_token" time="0.044" /><testcase classname="tests.test_api_padelappretas.TestRetas" name="test_create_reta_sets_max_jugadores_8x_canchas" time="0.162" /><testcase classname="tests.test_api_padelappretas.TestRetas" name="test_list_retas_has_semaforo" time="0.158" /><testcase classname="tests.test_api_padelappretas.TestRadar" name="test_radar_includes_close_excludes_far" time="0.248" /><testcase classname="tests.test_api_padelappretas.TestPublicDetail" name="test_get_reta_by_slug" time="0.148" /><testcase classname="tests.test_api_padelappretas.TestCheckoutFlow" name="test_checkout_creates_pendiente_with_lock" time="0.143"><failure message="AssertionError: {&quot;detail&quot;:[{&quot;type&quot;:&quot;value_error&quot;,&quot;loc&quot;:[&quot;body&quot;,&quot;telefono&quot;],&quot;msg&quot;:&quot;Value error, Teléfono inválido. Usa formato internacional con +. Ejemplo: +5215512345678&quot;,&quot;input&quot;:&quot;+521TEST10000001&quot;,&quot;ctx&quot;:{&quot;error&quot;:{}},&quot;url&quot;:&quot;https://errors.pydantic.dev/2.13/v/value_error&quot;}]}&#10;assert 422 == 200&#10; +  where 422 = &lt;Response [422]&gt;.status_code">E   AssertionError: {"detail":[{"type":"value_error","loc":["body","telefono"],"msg":"Value error, Teléfono inválido. Usa formato internacional con +. Ejemplo: +5215512345678","input":"+521TEST10000001","ctx":{"error":{}},"url":"https://errors.pydantic.dev/2.13/v/value_error"}]}
    assert 422 == 200
     +  where 422 = &lt;Response [422]&gt;.status_code</failure></testcase><testcase classname="tests.test_api_padelappretas.TestCheckoutFlow" name="test_fill_reta_to_rojo_and_409" time="0.142"><failure message="AssertionError: Checkout 0 failed: {&quot;detail&quot;:[{&quot;type&quot;:&quot;value_error&quot;,&quot;loc&quot;:[&quot;body&quot;,&quot;telefono&quot;],&quot;msg&quot;:&quot;Value error, Teléfono inválido. Usa formato internacional con +. Ejemplo: +5215512345678&quot;,&quot;input&quot;:&quot;+521TEST20000000&quot;,&quot;ctx&quot;:{&quot;error&quot;:{}},&quot;url&quot;:&quot;https://errors.pydantic.dev/2.13/v/value_error&quot;}]}&#10;assert 422 == 200&#10; +  where 422 = &lt;Response [422]&gt;.status_code">E   AssertionError: Checkout 0 failed: {"detail":[{"type":"value_error","loc":["body","telefono"],"msg":"Value error, Teléfono inválido. Usa formato internacional con +. Ejemplo: +5215512345678","input":"+521TEST20000000","ctx":{"error":{}},"url":"https://errors.pydantic.dev/2.13/v/value_error"}]}
    assert 422 == 200
     +  where 422 = &lt;Response [422]&gt;.status_code</failure></testcase><testcase classname="tests.test_api_padelappretas.TestWaitlist" name="test_waitlist_positions_and_promotion" time="0.141"><failure message="assert 422 == 200&#10; +  where 422 = &lt;Response [422]&gt;.status_code">E   assert 422 == 200
     +  where 422 = &lt;Response [422]&gt;.status_code</failure></testcase><testcase classname="tests.test_api_padelappretas.TestPDF" name="test_generate_pdf_binary" time="0.244" /><testcase classname="tests.test_api_padelappretas.TestPlayerStats" name="test_stats_unknown_player_returns_defaults" time="0.050" /><testcase classname="tests.test_api_padelappretas.TestPlayerStats" name="test_stats_known_player_no_results_yet" time="0.152"><failure message="KeyError: 'id'">E   KeyError: 'id'</failure></testcase><testcase classname="tests.test_api_padelappretas.TestPlayerStats" name="test_stats_real_efectividad_from_resultados" time="0.142"><failure message="KeyError: 'id'">E   KeyError: 'id'</failure></testcase><testcase classname="tests.test_api_padelappretas.TestRol" name="test_get_rol_returns_round_robin" time="0.141" /><testcase classname="tests.test_api_padelappretas.TestRol" name="test_get_rol_requires_auth" time="0.046" /><testcase classname="tests.test_api_padelappretas.TestResultados" name="test_post_resultado_calcula_ganador_A" time="0.147" /><testcase classname="tests.test_api_padelappretas.TestResultados" name="test_post_resultado_calcula_ganador_B_y_empate" time="0.198" /><testcase classname="tests.test_api_padelappretas.TestResultados" name="test_post_resultado_idempotente_upsert" time="0.235" /><testcase classname="tests.test_api_padelappretas.TestResultados" name="test_get_resultados_ordenado" time="0.332" /><testcase classname="tests.test_api_padelappretas.TestResultados" name="test_post_validations_cancha_ronda_pareja" time="0.240" /><testcase classname="tests.test_api_padelappretas.TestTabla" name="test_tabla_ordering_y_puntos" time="0.294" /><testcase classname="tests.test_api_padelappretas.TestTabla" name="test_tabla_publica_sin_auth" time="0.206" /><testcase classname="tests.test_api_padelappretas.TestTabla" name="test_tabla_reta_inexistente_404" time="0.104" /><testcase classname="tests.test_buscar_hibrido.TestFallbackOrdenado" name="test_sin_params_devuelve_lista" time="0.108" /><testcase classname="tests.test_buscar_hibrido.TestFallbackOrdenado" name="test_sin_params_ordenado_por_fecha_asc" time="0.057" /><testcase classname="tests.test_buscar_hibrido.TestFallbackOrdenado" name="test_seed_data_presente" time="0.053" /><testcase classname="tests.test_buscar_hibrido.TestTextoLibre" name="test_q_club_encuentra_match" time="0.060" /><testcase classname="tests.test_buscar_hibrido.TestTextoLibre" name="test_q_demo_devuelve_reta_demo" time="0.052" /><testcase classname="tests.test_buscar_hibrido.TestTextoLibre" name="test_q_case_insensitive" time="0.099" /><testcase classname="tests.test_buscar_hibrido.TestTextoLibre" name="test_q_solo_espacios_ignora_filtro" time="0.055" /><testcase classname="tests.test_buscar_hibrido.TestTextoLibre" name="test_q_trim_aplicado" time="0.120" /><testcase classname="tests.test_buscar_hibrido.TestTextoLibre" name="test_q_mp_encuentra_reta_mp" time="0.058" /><testcase classname="tests.test_buscar_hibrido.TestTextoLibre" name="test_q_sin_match_devuelve_vacio" time="0.049" /><testcase classname="tests.test_buscar_hibrido.TestTextoLibre" name="test_q_metacaracter_regex_no_rompe" time="0.049" /><testcase classname="tests.test_buscar_hibrido.TestGpsHaversine" name="test_lat_lng_cdmx_radio_30_devuelve_reta_demo" time="0.055" /><testcase classname="tests.test_buscar_hibrido.TestGpsHaversine" name="test_lat_lng_lejos_devuelve_vacio" time="0.047" /><testcase classname="tests.test_buscar_hibrido.TestGpsHaversine" name="test_sin_lng_ignora_geo" time="0.054" /><testcase classname="tests.test_buscar_hibrido.TestGpsHaversine" name="test_retas_sin_lat_lng_omitidas_no_rompen" time="0.051" /><testcase classname="tests.test_buscar_hibrido.TestGpsHaversine" name="test_lat_fuera_de_rango_400" time="0.049" /><testcase classname="tests.test_buscar_hibrido.TestGpsHaversine" name="test_radio_km_fuera_de_rango_400" time="0.045" /><testcase classname="tests.test_buscar_hibrido.TestCombinacionTextoYGeo" name="test_q_padel_lat_lng_cdmx" time="0.050" /><testcase classname="tests.test_buscar_hibrido.TestCombinacionTextoYGeo" name="test_q_no_match_con_geo_devuelve_vacio" time="0.046" /><testcase classname="tests.test_dashboard_refund_player_auth.TestAdminMetrics" name="test_metrics_requires_auth" time="0.054" /><testcase classname="tests.test_dashboard_refund_player_auth.TestAdminMetrics" name="test_metrics_rejects_player_token" time="0.380" /><testcase classname="tests.test_dashboard_refund_player_auth.TestAdminMetrics" name="test_metrics_schema_and_ordering" time="0.247" /><testcase classname="tests.test_dashboard_refund_player_auth.TestRefundEndpoint" name="test_refund_requires_auth" time="0.049" /><testcase classname="tests.test_dashboard_refund_player_auth.TestRefundEndpoint" name="test_refund_404_for_missing_inscripcion" time="0.140" /><testcase classname="tests.test_dashboard_refund_player_auth.TestRefundEndpoint" name="test_refund_400_when_not_aprobado" time="0.194" /><testcase classname="tests.test_dashboard_refund_player_auth.TestRefundEndpoint" name="test_refund_success_no_payment_intent_local_path" time="0.247" /><testcase classname="tests.test_dashboard_refund_player_auth.TestRefundEndpoint" name="test_refund_idempotent_returns_404_second_time" time="0.297" /><testcase classname="tests.test_dashboard_refund_player_auth.TestRefundEndpoint" name="test_refund_promotes_waitlist" time="0.972"><failure message="assert False is True">E   assert False is True</failure></testcase><testcase classname="tests.test_dashboard_refund_player_auth.TestPlayerOtp" name="test_otp_request_creates_record_and_lazy_user" time="0.189" /><testcase classname="tests.test_dashboard_refund_player_auth.TestPlayerOtp" name="test_otp_verify_wrong_code_increments_intentos" time="0.481" /><testcase classname="tests.test_dashboard_refund_player_auth.TestPlayerOtp" name="test_otp_verify_expired_returns_410" time="0.238" /><testcase classname="tests.test_dashboard_refund_player_auth.TestPlayerOtp" name="test_otp_full_success_flow" time="0.281" /><testcase classname="tests.test_dashboard_refund_player_auth.TestPlayerOtp" name="test_player_me_requires_auth_and_rejects_admin" time="0.093" /><testcase classname="tests.test_dashboard_refund_player_auth.TestPlayerHistoryStats" name="test_player_inscripciones_only_own_phone" time="0.507" /><testcase classname="tests.test_dashboard_refund_player_auth.TestPlayerHistoryStats" name="test_player_stats_returns_schema" time="0.305" /><testcase classname="tests.test_logic_modules" name="test_validar_rotacion_no_raises" time="0.000" /><testcase classname="tests.test_logic_modules" name="test_round_robin_table_has_7_rondas" time="0.000" /><testcase classname="tests.test_logic_modules" name="test_generar_rol_filtrado[5]" time="0.000" /><testcase classname="tests.test_logic_modules" name="test_generar_rol_filtrado[6]" time="0.000" /><testcase classname="tests.test_logic_modules" name="test_generar_rol_filtrado[7]" time="0.000" /><testcase classname="tests.test_logic_modules" name="test_generar_rol_rechaza_jugadores_incorrectos" time="0.000" /><testcase classname="tests.test_logic_modules" name="test_generar_rol_rechaza_rondas_invalidas" time="0.000" /><testcase classname="tests.test_logic_modules" name="test_haversine_cdmx_aprox_10km" time="0.000" /><testcase classname="tests.test_logic_modules" name="test_haversine_zero_for_same_point" time="0.000" /><testcase classname="tests.test_logic_modules" name="test_construir_fecha_local_iso_offset_cdmx" time="0.000" /><testcase classname="tests.test_phase_a_elastico.TestJugadoresPar4" name="test_acepta_multiplos_4_en_rango[4]" time="0.000" /><testcase classname="tests.test_phase_a_elastico.TestJugadoresPar4" name="test_acepta_multiplos_4_en_rango[8]" time="0.000" /><testcase classname="tests.test_phase_a_elastico.TestJugadoresPar4" name="test_acepta_multiplos_4_en_rango[12]" time="0.000" /><testcase classname="tests.test_phase_a_elastico.TestJugadoresPar4" name="test_acepta_multiplos_4_en_rango[16]" time="0.000" /><testcase classname="tests.test_phase_a_elastico.TestJugadoresPar4" name="test_acepta_multiplos_4_en_rango[20]" time="0.000" /><testcase classname="tests.test_phase_a_elastico.TestJugadoresPar4" name="test_acepta_multiplos_4_en_rango[24]" time="0.000" /><testcase classname="tests.test_phase_a_elastico.TestJugadoresPar4" name="test_acepta_multiplos_4_en_rango[28]" time="0.000" /><testcase classname="tests.test_phase_a_elastico.TestJugadoresPar4" name="test_acepta_multiplos_4_en_rango[32]" time="0.000" /><testcase classname="tests.test_phase_a_elastico.TestJugadoresPar4" name="test_rechaza_menor_a_4[0]" time="0.000" /><testcase classname="tests.test_phase_a_elastico.TestJugadoresPar4" name="test_rechaza_menor_a_4[1]" time="0.000" /><testcase classname="tests.test_phase_a_elastico.TestJugadoresPar4" name="test_rechaza_menor_a_4[2]" time="0.000" /><testcase classname="tests.test_phase_a_elastico.TestJugadoresPar4" name="test_rechaza_menor_a_4[3]" time="0.000" /><testcase classname="tests.test_phase_a_elastico.TestJugadoresPar4" name="test_rechaza_mayor_a_32[33]" time="0.000" /><testcase classname="tests.test_phase_a_elastico.TestJugadoresPar4" name="test_rechaza_mayor_a_32[36]" time="0.000" /><testcase classname="tests.test_phase_a_elastico.TestJugadoresPar4" name="test_rechaza_mayor_a_32[40]" time="0.000" /><testcase classname="tests.test_phase_a_elastico.TestJugadoresPar4" name="test_rechaza_mayor_a_32[100]" time="0.000" /><testcase classname="tests.test_phase_a_elastico.TestJugadoresPar4" name="test_rechaza_no_multiplo_4_con_sugerencia[5]" time="0.000" /><testcase classname="tests.test_phase_a_elastico.TestJugadoresPar4" name="test_rechaza_no_multiplo_4_con_sugerencia[6]" time="0.000" /><testcase classname="tests.test_phase_a_elastico.TestJugadoresPar4" name="test_rechaza_no_multiplo_4_con_sugerencia[7]" time="0.000" /><testcase classname="tests.test_phase_a_elastico.TestJugadoresPar4" name="test_rechaza_no_multiplo_4_con_sugerencia[9]" time="0.000" /><testcase classname="tests.test_phase_a_elastico.TestJugadoresPar4" name="test_rechaza_no_multiplo_4_con_sugerencia[10]" time="0.000" /><testcase classname="tests.test_phase_a_elastico.TestJugadoresPar4" name="test_rechaza_no_multiplo_4_con_sugerencia[11]" time="0.000" /><testcase classname="tests.test_phase_a_elastico.TestJugadoresPar4" name="test_rechaza_no_multiplo_4_con_sugerencia[13]" time="0.000" /><testcase classname="tests.test_phase_a_elastico.TestJugadoresPar4" name="test_rechaza_no_multiplo_4_con_sugerencia[15]" time="0.000" /><testcase classname="tests.test_phase_a_elastico.TestJugadoresPar4" name="test_rechaza_no_multiplo_4_con_sugerencia[17]" time="0.000" /><testcase classname="tests.test_phase_a_elastico.TestJugadoresPar4" name="test_rechaza_no_multiplo_4_con_sugerencia[19]" time="0.000" /><testcase classname="tests.test_phase_a_elastico.TestJugadoresPar4" name="test_rechaza_no_multiplo_4_con_sugerencia[21]" time="0.000" /><testcase classname="tests.test_phase_a_elastico.TestJugadoresPar4" name="test_rechaza_no_multiplo_4_con_sugerencia[23]" time="0.000" /><testcase classname="tests.test_phase_a_elastico.TestJugadoresPar4" name="test_rechaza_no_multiplo_4_con_sugerencia[25]" time="0.000" /><testcase classname="tests.test_phase_a_elastico.TestJugadoresPar4" name="test_rechaza_no_multiplo_4_con_sugerencia[27]" time="0.000" /><testcase classname="tests.test_phase_a_elastico.TestJugadoresPar4" name="test_rechaza_no_multiplo_4_con_sugerencia[29]" time="0.000" /><testcase classname="tests.test_phase_a_elastico.TestJugadoresPar4" name="test_rechaza_no_multiplo_4_con_sugerencia[31]" time="0.000" /><testcase classname="tests.test_phase_a_elastico.TestJugadoresPar4" name="test_opcional_max_jugadores" time="0.000" /><testcase classname="tests.test_phase_a_elastico.TestFormatoScore" name="test_default_es_puntos_9_juegos" time="0.000" /><testcase classname="tests.test_phase_a_elastico.TestFormatoScore" name="test_puntos_juegos_validos[1]" time="0.000" /><testcase classname="tests.test_phase_a_elastico.TestFormatoScore" name="test_puntos_juegos_validos[6]" time="0.000" /><testcase classname="tests.test_phase_a_elastico.TestFormatoScore" name="test_puntos_juegos_validos[9]" time="0.000" /><testcase classname="tests.test_phase_a_elastico.TestFormatoScore" name="test_puntos_juegos_validos[11]" time="0.000" /><testcase classname="tests.test_phase_a_elastico.TestFormatoScore" name="test_puntos_juegos_validos[15]" time="0.000" /><testcase classname="tests.test_phase_a_elastico.TestFormatoScore" name="test_puntos_juegos_validos[21]" time="0.000" /><testcase classname="tests.test_phase_a_elastico.TestFormatoScore" name="test_puntos_juegos_fuera_rango[0]" time="0.000" /><testcase classname="tests.test_phase_a_elastico.TestFormatoScore" name="test_puntos_juegos_fuera_rango[22]" time="0.000" /><testcase classname="tests.test_phase_a_elastico.TestFormatoScore" name="test_puntos_juegos_fuera_rango[100]" time="0.000" /><testcase classname="tests.test_phase_a_elastico.TestFormatoScore" name="test_puntos_sets_validos[1]" time="0.000" /><testcase classname="tests.test_phase_a_elastico.TestFormatoScore" name="test_puntos_sets_validos[3]" time="0.000" /><testcase classname="tests.test_phase_a_elastico.TestFormatoScore" name="test_puntos_sets_validos[5]" time="0.000" /><testcase classname="tests.test_phase_a_elastico.TestFormatoScore" name="test_puntos_sets_fuera_rango[0]" time="0.000" /><testcase classname="tests.test_phase_a_elastico.TestFormatoScore" name="test_puntos_sets_fuera_rango[6]" time="0.000" /><testcase classname="tests.test_phase_a_elastico.TestFormatoScore" name="test_puntos_sets_fuera_rango[10]" time="0.000" /><testcase classname="tests.test_phase_a_elastico.TestFormatoScore" name="test_tiempo_minutos_validos[5]" time="0.000" /><testcase classname="tests.test_phase_a_elastico.TestFormatoScore" name="test_tiempo_minutos_validos[15]" time="0.000" /><testcase classname="tests.test_phase_a_elastico.TestFormatoScore" name="test_tiempo_minutos_validos[20]" time="0.000" /><testcase classname="tests.test_phase_a_elastico.TestFormatoScore" name="test_tiempo_minutos_validos[30]" time="0.000" /><testcase classname="tests.test_phase_a_elastico.TestFormatoScore" name="test_tiempo_minutos_validos[45]" time="0.000" /><testcase classname="tests.test_phase_a_elastico.TestFormatoScore" name="test_tiempo_minutos_validos[60]" time="0.000" /><testcase classname="tests.test_phase_a_elastico.TestFormatoScore" name="test_tiempo_minutos_validos[90]" time="0.000" /><testcase classname="tests.test_phase_a_elastico.TestFormatoScore" name="test_tiempo_minutos_fuera_rango[0]" time="0.000" /><testcase classname="tests.test_phase_a_elastico.TestFormatoScore" name="test_tiempo_minutos_fuera_rango[1]" time="0.000" /><testcase classname="tests.test_phase_a_elastico.TestFormatoScore" name="test_tiempo_minutos_fuera_rango[4]" time="0.000" /><testcase classname="tests.test_phase_a_elastico.TestFormatoScore" name="test_tiempo_minutos_fuera_rango[91]" time="0.000" /><testcase classname="tests.test_phase_a_elastico.TestFormatoScore" name="test_tiempo_minutos_fuera_rango[200]" time="0.000" /><testcase classname="tests.test_phase_a_elastico.TestFormatoScore" name="test_tiempo_con_unidad_juegos_invalido" time="0.000" /><testcase classname="tests.test_phase_a_elastico.TestFormatoScore" name="test_puntos_con_unidad_minutos_invalido" time="0.000" /><testcase classname="tests.test_phase_a_elastico.TestRoundRobinElastico" name="test_distribucion_canchas[4-1-0-1]" time="0.000" /><testcase classname="tests.test_phase_a_elastico.TestRoundRobinElastico" name="test_distribucion_canchas[8-1-1-0]" time="0.000" /><testcase classname="tests.test_phase_a_elastico.TestRoundRobinElastico" name="test_distribucion_canchas[12-2-1-1]" time="0.000" /><testcase classname="tests.test_phase_a_elastico.TestRoundRobinElastico" name="test_distribucion_canchas[16-2-2-0]" time="0.000" /><testcase classname="tests.test_phase_a_elastico.TestRoundRobinElastico" name="test_distribucion_canchas[20-3-2-1]" time="0.000" /><testcase classname="tests.test_phase_a_elastico.TestRoundRobinElastico" name="test_distribucion_canchas[24-3-3-0]" time="0.000" /><testcase classname="tests.test_phase_a_elastico.TestRoundRobinElastico" name="test_distribucion_canchas[28-4-3-1]" time="0.000" /><testcase classname="tests.test_phase_a_elastico.TestRoundRobinElastico" name="test_distribucion_canchas[32-4-4-0]" time="0.000" /><testcase classname="tests.test_phase_a_elastico.TestRoundRobinElastico" name="test_rechaza_capacidad_invalida[0]" time="0.000" /><testcase classname="tests.test_phase_a_elastico.TestRoundRobinElastico" name="test_rechaza_capacidad_invalida[1]" time="0.000" /><testcase classname="tests.test_phase_a_elastico.TestRoundRobinElastico" name="test_rechaza_capacidad_invalida[2]" time="0.000" /><testcase classname="tests.test_phase_a_elastico.TestRoundRobinElastico" name="test_rechaza_capacidad_invalida[3]" time="0.000" /><testcase classname="tests.test_phase_a_elastico.TestRoundRobinElastico" name="test_rechaza_capacidad_invalida[5]" time="0.000" /><testcase classname="tests.test_phase_a_elastico.TestRoundRobinElastico" name="test_rechaza_capacidad_invalida[7]" time="0.000" /><testcase classname="tests.test_phase_a_elastico.TestRoundRobinElastico" name="test_rechaza_capacidad_invalida[9]" time="0.000" /><testcase classname="tests.test_phase_a_elastico.TestRoundRobinElastico" name="test_rechaza_capacidad_invalida[33]" time="0.000" /><testcase classname="tests.test_phase_a_elastico.TestRoundRobinElastico" name="test_rechaza_capacidad_invalida[36]" time="0.000" /><testcase classname="tests.test_phase_a_elastico.TestRoundRobinElastico" name="test_jugadores_no_se_repiten_entre_canchas" time="0.000" /><testcase classname="tests.test_phase_a_elastico.TestRoundRobinElastico" name="test_cancha_4_jugadores_3_rondas" time="0.000" /><testcase classname="tests.test_phase_a_elastico.TestRoundRobinElastico" name="test_cancha_8_jugadores_n_rondas" time="0.000" /><testcase classname="tests.test_phase_a_elastico.TestImageCompression" name="test_none_passthrough" time="0.000" /><testcase classname="tests.test_phase_a_elastico.TestImageCompression" name="test_empty_string_passthrough" time="0.000" /><testcase classname="tests.test_phase_a_elastico.TestImageCompression" name="test_no_data_url_passthrough" time="0.000" /><testcase classname="tests.test_phase_a_elastico.TestImageCompression" name="test_invalid_base64_no_rompe" time="0.000" /><testcase classname="tests.test_phase_a_elastico.TestImageCompression" name="test_comprime_png_grande_a_webp" time="0.056" /><testcase classname="tests.test_phase_a_elastico.TestImageCompression" name="test_redimensiona_si_excede_512" time="0.050" /><testcase classname="tests.test_phase_a_elastico.TestImageCompression" name="test_idempotente_aproximadamente" time="0.011" /><testcase classname="tests.test_phase_abd_http.TestHealth" name="test_api_health" time="0.166" /><testcase classname="tests.test_phase_abd_http.TestFaseACapacidadElastica" name="test_acepta_12_tiempo_20_min" time="0.706" /><testcase classname="tests.test_phase_abd_http.TestFaseACapacidadElastica" name="test_rechaza_7_no_multiplo_4" time="0.365" /><testcase classname="tests.test_phase_abd_http.TestFaseACapacidadElastica" name="test_rechaza_36_excede_32" time="0.382" /><testcase classname="tests.test_phase_abd_http.TestFaseACapacidadElastica" name="test_rechaza_tiempo_unidad_juegos" time="0.393" /><testcase classname="tests.test_phase_abd_http.TestFaseACapacidadElastica" name="test_sin_max_jugadores_default_8_por_cancha" time="0.460" /><testcase classname="tests.test_phase_abd_http.TestFaseACapacidadElastica" name="test_webp_compression_reduce_logo" time="0.527" /><testcase classname="tests.test_phase_abd_http.TestFaseBQR" name="test_share_info_devuelve_metadatos" time="0.529" /><testcase classname="tests.test_phase_abd_http.TestFaseBQR" name="test_qr_admin_devuelve_png" time="0.112" /><testcase classname="tests.test_phase_abd_http.TestFaseBQR" name="test_qr_admin_sin_auth_es_401" time="0.104" /><testcase classname="tests.test_phase_abd_http.TestFaseBQR" name="test_qr_publico_sin_auth_devuelve_png" time="0.115" /><testcase classname="tests.test_phase_abd_http.TestFaseBQR" name="test_qr_admin_inexistente_404" time="0.106" /><testcase classname="tests.test_phase_abd_http.TestFaseBQR" name="test_qr_publico_inexistente_404" time="0.218" /><testcase classname="tests.test_phase_abd_http.TestFaseDWaitlistPlayer" name="test_me_waitlist_vacia_inicialmente" time="0.572" /><testcase classname="tests.test_phase_abd_http.TestFaseDWaitlistPlayer" name="test_join_waitlist_y_me_waitlist" time="0.238" /><testcase classname="tests.test_phase_abd_http.TestFaseDWaitlistPlayer" name="test_me_waitlist_sin_token_401" time="0.102" /><testcase classname="tests.test_phase_abd_http.TestFaseDWaitlistPlayer" name="test_me_waitlist_admin_token_403" time="0.251" /><testcase classname="tests.test_phase_abd_http.TestRegresion" name="test_radar_responde" time="0.056" /><testcase classname="tests.test_phase_abd_http.TestRegresion" name="test_buscar_sin_query" time="0.055" /><testcase classname="tests.test_phase_abd_http.TestRegresion" name="test_buscar_con_query" time="0.062" /><testcase classname="tests.test_phase_abd_http.TestRegresion" name="test_list_retas_admin" time="0.062" /><testcase classname="tests.test_phase_abd_http.TestRegresion" name="test_mp_status_admin" time="0.047" /><testcase classname="tests.test_phase_abd_http.TestRegresion" name="test_crear_y_borrar_reta" time="0.149" /><testcase classname="tests.test_phase_b_qr.TestQrUtils" name="test_genera_png_valido" time="0.011" /><testcase classname="tests.test_phase_b_qr.TestQrUtils" name="test_rechaza_url_vacia" time="0.000" /><testcase classname="tests.test_phase_b_qr.TestQrUtils" name="test_rechaza_none" time="0.000" /><testcase classname="tests.test_phase_b_qr.TestQrUtils" name="test_qr_distinto_por_url" time="0.011" /><testcase classname="tests.test_phase_b_qr.TestQrUtils" name="test_qr_idempotente_misma_url" time="0.011" /><testcase classname="tests.test_phase_b_qr.TestSugerenciaCapacidad" name="test_capacidad_completa_sugiere_waitlist" time="0.171" /><testcase classname="tests.test_phase_b_qr.TestSugerenciaCapacidad" name="test_capacidad_holgada_sin_sugerencia" time="0.000" /><testcase classname="tests.test_phase_b_qr.TestSugerenciaCapacidad" name="test_libres_no_multiplo_4_sugiere_cierre" time="0.000" /><testcase classname="tests.test_phase_b_qr.TestPublicBaseUrl" name="test_app_public_url_preferred" time="0.000" /><testcase classname="tests.test_phase_b_qr.TestPublicBaseUrl" name="test_fallback_to_expo_backend" time="0.000" /><testcase classname="tests.test_phase_b_qr.TestPublicBaseUrl" name="test_empty_when_no_env" time="0.000" /><testcase classname="tests.test_phase_c_realtime.TestStandingsCascade" name="test_orden_estricto_PG_DG_GF" time="0.000" /><testcase classname="tests.test_phase_c_realtime.TestStandingsCascade" name="test_empate_tecnico_4_4" time="0.000" /><testcase classname="tests.test_phase_c_realtime.TestStandingsCascade" name="test_alias_E_es_empate" time="0.000" /><testcase classname="tests.test_phase_c_realtime.TestStandingsCascade" name="test_defensa_score_sin_ganador" time="0.000" /><testcase classname="tests.test_phase_c_realtime.TestStandingsCascade" name="test_ignora_resultados_malformados" time="0.000" /><testcase classname="tests.test_phase_c_realtime.TestStandingsCascade" name="test_efectividad_calculada" time="0.000" /><testcase classname="tests.test_phase_c_realtime.TestResultadoUpsert" name="test_post_basico_inserta_y_devuelve" time="0.681" /><testcase classname="tests.test_phase_c_realtime.TestResultadoUpsert" name="test_rechaza_self_play" time="0.316" /><testcase classname="tests.test_phase_c_realtime.TestResultadoUpsert" name="test_rechaza_pareja_duplicada" time="0.358" /><testcase classname="tests.test_phase_c_realtime.TestResultadoUpsert" name="test_upsert_idempotente" time="0.535" /><testcase classname="tests.test_phase_c_realtime.TestResultadoUpsert" name="test_sin_admin_token_403" time="0.363" /><testcase classname="tests.test_phase_c_realtime.TestResultadoUpsert" name="test_player_no_puede_capturar" time="0.354" /><testcase classname="tests.test_phase_c_realtime.TestResultadoDelete" name="test_delete_resultado_admin" time="0.577" /><testcase classname="tests.test_phase_c_realtime.TestClasificacionAuth" name="test_sin_token_401" time="0.344" /><testcase classname="tests.test_phase_c_realtime.TestClasificacionAuth" name="test_admin_token_ok" time="0.343" /><testcase classname="tests.test_phase_c_realtime.TestClasificacionAuth" name="test_player_sin_inscripcion_403" time="0.343" /><testcase classname="tests.test_phase_c_realtime.TestClasificacionAuth" name="test_player_inscripcion_pendiente_403" time="0.503" /><testcase classname="tests.test_phase_c_realtime.TestClasificacionAuth" name="test_player_aprobado_ok" time="0.617" /><testcase classname="tests.test_phase_c_realtime.TestWebsocketRealtime" name="test_ws_sin_token_cierra_403" time="0.431" /><testcase classname="tests.test_phase_c_realtime.TestWebsocketRealtime" name="test_ws_admin_recibe_hello" time="0.394" /><testcase classname="tests.test_phase_c_realtime.TestWebsocketRealtime" name="test_ws_recibe_broadcast_post" time="0.717" /><testcase classname="tests.test_phase_c_realtime.TestWebsocketRealtime" name="test_ws_ping_pong" time="0.457" /><testcase classname="tests.test_phase_c_supplement.TestWSDeleteBroadcast" name="test_ws_recibe_broadcast_delete" time="1.295" /><testcase classname="tests.test_phase_c_supplement.TestWSPlayerAuth" name="test_ws_player_aprobado_conecta" time="0.676" /><testcase classname="tests.test_phase_c_supplement.TestWSPlayerAuth" name="test_ws_player_pendiente_cierra_403" time="10.545" /><testcase classname="tests.test_phase_c_supplement.TestWSPlayerAuth" name="test_ws_player_sin_inscripcion_cierra_403" time="33.352" /><testcase classname="tests.test_phase_c_supplement.TestRegresionEndpoints" name="test_health" time="0.162" /><testcase classname="tests.test_phase_c_supplement.TestRegresionEndpoints" name="test_radar_publico" time="1.169" /><testcase classname="tests.test_phase_c_supplement.TestRegresionEndpoints" name="test_retas_crud_y_share_info_y_qr" time="7.710" /><testcase classname="tests.test_phase_c_supplement.TestRegresionEndpoints" name="test_checkout_publico_y_waitlist_basico" time="0.470" /></testsuite></testsuites>