<?xml version="1.0" encoding="utf-8"?><testsuites name="pytest tests"><testsuite name="pytest" errors="0" failures="0" skipped="0" tests="12" time="2.187" timestamp="2026-06-10T18:14:23.015105+00:00" hostname="agent-env-6fcfc196-e04f-4efe-af9a-ddc6fdde71ea"><testcase classname="backend.tests.test_iter43_prod_smoke" name="test_01_health" time="0.352" /><testcase classname="backend.tests.test_iter43_prod_smoke" name="test_02_admin_login_returns_jwt" time="0.306" /><testcase classname="backend.tests.test_iter43_prod_smoke" name="test_03_player_otp_request" time="0.627" /><testcase classname="backend.tests.test_iter43_prod_smoke" name="test_04_public_retas_search_no_gps" time="0.139" /><testcase classname="backend.tests.test_iter43_prod_smoke" name="test_05_public_retas_search_with_gps" time="0.060" /><testcase classname="backend.tests.test_iter43_prod_smoke" name="test_06_admin_retas_list" time="0.408" /><testcase classname="backend.tests.test_iter43_prod_smoke" name="test_07_mp_status_requires_auth" time="0.053" /><testcase classname="backend.tests.test_iter43_prod_smoke" name="test_08_mp_status_ok" time="0.047" /><testcase classname="backend.tests.test_iter43_prod_smoke" name="test_09_mp_authorize_url" time="0.045" /><testcase classname="backend.tests.test_iter43_prod_smoke" name="test_10_player_stats_has_victorias_ko" time="0.056" /><testcase classname="backend.tests.test_iter43_prod_smoke" name="test_11_tabla_posiciones_no_crash" time="0.052" /><testcase classname="backend.tests.test_iter43_prod_smoke" name="test_12_sentry_dsn_configured" time="0.001" /></testsuite></testsuites>