<?xml version="1.0" encoding="utf-8"?><testsuites name="pytest tests"><testsuite name="pytest" errors="0" failures="0" skipped="0" tests="10" time="0.503" timestamp="2026-07-01T23:22:23.732953+00:00" hostname="agent-env-6fcfc196-e04f-4efe-af9a-ddc6fdde71ea"><testcase classname="tests.test_iter50_pago_cancha" name="test_01_ownership_no_owner_403" time="0.267" /><testcase classname="tests.test_iter50_pago_cancha" name="test_02_manual_requires_nombre" time="0.010" /><testcase classname="tests.test_iter50_pago_cancha" name="test_03_manual_respects_capacity" time="0.024" /><testcase classname="tests.test_iter50_pago_cancha" name="test_04_manual_bypasses_antiflake" time="0.011" /><testcase classname="tests.test_iter50_pago_cancha" name="test_05_cash_checkout_rejected_when_disabled" time="0.011" /><testcase classname="tests.test_iter50_pago_cancha" name="test_06_cash_checkout_accepted_when_enabled" time="0.012" /><testcase classname="tests.test_iter50_pago_cancha" name="test_07_mark_paid_flow_pendiente_to_aprobado" time="0.014" /><testcase classname="tests.test_iter50_pago_cancha" name="test_08_mark_paid_rejects_online_method" time="0.094" /><testcase classname="tests.test_iter50_pago_cancha" name="test_09_avisos_manuales_payload" time="0.020" /><testcase classname="tests.test_iter50_pago_cancha" name="test_10_back_compat_retas_sin_flag" time="0.017" /></testsuite></testsuites>