<?xml version="1.0" encoding="utf-8"?><testsuites name="pytest tests"><testsuite name="pytest" errors="0" failures="0" skipped="0" tests="5" time="1.992" timestamp="2026-05-29T18:48:48.154553+00:00" hostname="agent-env-6fcfc196-e04f-4efe-af9a-ddc6fdde71ea"><testcase classname="backend.tests.test_iter26_regression" name="test_admin_login" time="0.550" /><testcase classname="backend.tests.test_iter26_regression" name="test_player_otp_request_and_roles" time="0.293" /><testcase classname="backend.tests.test_iter26_regression" name="test_public_retas_buscar" time="0.198" /><testcase classname="backend.tests.test_iter26_regression" name="test_admin_retas_list_and_resultados_endpoints" time="0.766" /><testcase classname="backend.tests.test_iter26_regression" name="test_player_me_roles_unauth_returns_401" time="0.167" /></testsuite></testsuites>