<?xml version="1.0" encoding="utf-8"?><testsuites name="pytest tests"><testsuite name="pytest" errors="0" failures="0" skipped="0" tests="8" time="3.193" timestamp="2026-05-30T00:47:02.627179+00:00" hostname="agent-env-6fcfc196-e04f-4efe-af9a-ddc6fdde71ea"><testcase classname="backend.tests.test_iter34_audit_committee" name="test_root_health" time="0.228" /><testcase classname="backend.tests.test_iter34_audit_committee.TestCorsHardening" name="test_preflight_with_wildcard_origin" time="0.074" /><testcase classname="backend.tests.test_iter34_audit_committee.TestCorsHardening" name="test_simple_get_with_origin_does_not_leak_credentials_wildcard" time="0.170" /><testcase classname="backend.tests.test_iter34_audit_committee.TestPlayerOtpFlow" name="test_otp_request_returns_200" time="0.313" /><testcase classname="backend.tests.test_iter34_audit_committee.TestPlayerOtpFlow" name="test_otp_verify_with_db_code" time="0.913" /><testcase classname="backend.tests.test_iter34_audit_committee.TestPlayerOtpFlow" name="test_otp_verify_real_code_from_db" time="1.251" /><testcase classname="backend.tests.test_iter34_audit_committee.TestMercadoPagoWebhookGuard" name="test_webhook_rejects_missing_signature" time="0.111" /><testcase classname="backend.tests.test_iter34_audit_committee.TestMercadoPagoWebhookGuard" name="test_webhook_rejects_invalid_signature" time="0.106" /></testsuite></testsuites>