<?xml version="1.0" encoding="utf-8"?><testsuites name="pytest tests"><testsuite name="pytest" errors="0" failures="0" skipped="0" tests="23" time="6.116" timestamp="2026-08-12T16:00:46.617517+00:00" hostname="agent-env-6fcfc196-e04f-4efe-af9a-ddc6fdde71ea"><testcase classname="backend.tests.test_iter56_emergent_auth.TestAuthSession" name="test_missing_body_returns_422" time="0.180" /><testcase classname="backend.tests.test_iter56_emergent_auth.TestAuthSession" name="test_empty_session_id_returns_422" time="0.129" /><testcase classname="backend.tests.test_iter56_emergent_auth.TestAuthSession" name="test_short_session_id_returns_422" time="0.123" /><testcase classname="backend.tests.test_iter56_emergent_auth.TestAuthSession" name="test_fake_session_id_returns_401" time="0.214" /><testcase classname="backend.tests.test_iter56_emergent_auth.TestAuthSession" name="test_fake_session_id_returns_json" time="0.295" /><testcase classname="backend.tests.test_iter56_emergent_auth.TestAuthMeUnauthenticated" name="test_no_authorization_returns_401" time="0.148" /><testcase classname="backend.tests.test_iter56_emergent_auth.TestAuthMeUnauthenticated" name="test_malformed_bearer_returns_401" time="0.138" /><testcase classname="backend.tests.test_iter56_emergent_auth.TestAuthMeUnauthenticated" name="test_invalid_jwt_returns_401" time="0.118" /><testcase classname="backend.tests.test_iter56_emergent_auth.TestProfileSetupUnauth" name="test_no_auth_returns_401" time="0.188" /><testcase classname="backend.tests.test_iter56_emergent_auth.TestOtpVerifyWrongCode" name="test_wrong_code_returns_401" time="1.101" /><testcase classname="backend.tests.test_iter56_emergent_auth.TestAuthMeHybridWithOtpToken" name="test_me_works_with_legacy_otp_jwt" time="1.468" /><testcase classname="backend.tests.test_iter56_emergent_auth.TestProfileSetupWithOtpToken" name="test_valid_body_updates_profile" time="0.238" /><testcase classname="backend.tests.test_iter56_emergent_auth.TestProfileSetupWithOtpToken" name="test_invalid_enum_returns_422" time="0.125" /><testcase classname="backend.tests.test_iter56_emergent_auth.TestProfileSetupWithOtpToken" name="test_idempotent_update" time="0.222" /><testcase classname="backend.tests.test_iter56_emergent_auth.TestPlayerRolesRegression" name="test_my_roles_with_otp_token" time="0.133" /><testcase classname="backend.tests.test_iter56_emergent_auth.TestAdminLoginRegression" name="test_admin_login_returns_token" time="0.372" /><testcase classname="backend.tests.test_iter56_emergent_auth.TestAdminMeUnchanged" name="test_admin_me_returns_admin_data" time="0.445" /><testcase classname="backend.tests.test_iter56_emergent_auth.TestAdminMeUnchanged" name="test_admin_me_rejects_player_jwt" time="0.130" /><testcase classname="backend.tests.test_iter56_emergent_auth.TestEmergentLogout" name="test_logout_unauth_returns_401" time="0.138" /><testcase classname="backend.tests.test_iter56_emergent_auth.TestEmergentLogout" name="test_logout_with_otp_token_returns_200" time="0.134" /><testcase classname="backend.tests.test_iter56_emergent_auth.TestDbSchemaIndexes" name="test_usuarios_indexes_are_sparse_unique" time="0.002" /><testcase classname="backend.tests.test_iter56_emergent_auth.TestDbSchemaIndexes" name="test_user_sessions_ttl_index" time="0.001" /><testcase classname="backend.tests.test_iter56_emergent_auth.TestDbSchemaIndexes" name="test_sparse_telefono_allows_multiple_null_emails" time="0.002" /></testsuite></testsuites>