<?xml version="1.0" encoding="utf-8"?><testsuites name="pytest tests"><testsuite name="pytest" errors="0" failures="0" skipped="0" tests="47" time="84.983" timestamp="2026-05-28T17:56:24.740891+00:00" hostname="agent-env-6fcfc196-e04f-4efe-af9a-ddc6fdde71ea"><testcase classname="backend.tests.test_phase1_modalidad_registro.TestDefaults" name="test_create_without_modalidad_defaults_to_individual" time="0.454" /><testcase classname="backend.tests.test_phase1_modalidad_registro.TestDefaults" name="test_existing_reta_fetched_has_default_modalidad" time="0.127" /><testcase classname="backend.tests.test_phase1_modalidad_registro.TestParejasLibres" name="test_create_parejas_libres_with_free_agent_toggle" time="0.220" /><testcase classname="backend.tests.test_phase1_modalidad_registro.TestParejasMixtas" name="test_create_parejas_mixtas" time="0.103" /><testcase classname="backend.tests.test_phase1_modalidad_registro.TestUpdateModalidad" name="test_update_individual_to_parejas_libres_and_back" time="0.477" /><testcase classname="backend.tests.test_phase1_modalidad_registro.TestCoherenceValidator" name="test_individual_with_flag_true_is_silenced" time="0.098" /><testcase classname="backend.tests.test_phase1_modalidad_registro.TestInvalidValues" name="test_invalid_modalidad_value" time="0.097" /><testcase classname="backend.tests.test_phase1_modalidad_registro.TestInvalidValues" name="test_empty_modalidad_value" time="0.114" /><testcase classname="backend.tests.test_phase1_modalidad_registro.TestInscripcionDefaults" name="test_public_checkout_inscripcion_has_new_fields_defaulted" time="0.358" /><testcase classname="backend.tests.test_phase1_modalidad_registro.TestRegression" name="test_login_works" time="0.324" /><testcase classname="backend.tests.test_phase1_modalidad_registro.TestRegression" name="test_list_retas_includes_new_ones" time="0.139" /><testcase classname="backend.tests.test_phase1_modalidad_registro.TestRegression" name="test_delete_reta_still_works" time="1.364" /><testcase classname="backend.tests.test_phase234_parejas.TestFase2Checkout" name="test_mp_dúo_crea_2_inscripciones_mismo_grupo" time="1.124" /><testcase classname="backend.tests.test_phase234_parejas.TestFase2Checkout" name="test_mp_individual_rechaza_datos_pareja" time="0.234" /><testcase classname="backend.tests.test_phase234_parejas.TestFase2Checkout" name="test_mp_parejas_sin_pareja_ni_freeagent_400" time="0.217" /><testcase classname="backend.tests.test_phase234_parejas.TestFase2Checkout" name="test_mp_freeagent_sin_permiso_400" time="0.279" /><testcase classname="backend.tests.test_phase234_parejas.TestFase2Checkout" name="test_mock_checkout_dúo_crea_2" time="0.331" /><testcase classname="backend.tests.test_phase234_parejas.TestFase2Checkout" name="test_stripe_dúo_o_503" time="0.773" /><testcase classname="backend.tests.test_phase234_parejas.TestFase2Checkout" name="test_webhook_payment_approved_aprueba_ambas" time="0.479" /><testcase classname="backend.tests.test_phase234_parejas.TestFase2Checkout" name="test_webhook_payment_failed_borra_ambas_libera_2" time="0.722" /><testcase classname="backend.tests.test_phase234_parejas.TestFase2Checkout" name="test_concurrencia_un_cupo_dúo_409" time="1.022" /><testcase classname="backend.tests.test_phase234_parejas.TestFase3RoundRobin" name="test_rol_individual_regresion" time="0.206" /><testcase classname="backend.tests.test_phase234_parejas.TestFase3RoundRobin" name="test_rol_parejas_sin_duos" time="0.218" /><testcase classname="backend.tests.test_phase234_parejas.TestFase3RoundRobin" name="test_rol_parejas_con_4_duos" time="1.257" /><testcase classname="backend.tests.test_phase234_parejas.TestFase3RoundRobin" name="test_tabla_por_duo" time="0.671" /><testcase classname="backend.tests.test_phase234_parejas.TestFase3RoundRobin" name="test_csv_rol_parejas" time="1.211" /><testcase classname="backend.tests.test_phase234_parejas.TestFase3RoundRobin" name="test_clasificacion_csv_pdf_parejas" time="55.367" /><testcase classname="backend.tests.test_phase234_parejas.TestFase4Admin" name="test_listar_free_agents" time="1.406" /><testcase classname="backend.tests.test_phase234_parejas.TestFase4Admin" name="test_match_free_agents" time="0.824" /><testcase classname="backend.tests.test_phase234_parejas.TestFase4Admin" name="test_match_ids_iguales_400" time="0.467" /><testcase classname="backend.tests.test_phase234_parejas.TestFase4Admin" name="test_match_ya_emparejados_409" time="2.918" /><testcase classname="backend.tests.test_phase234_parejas.TestFase4Admin" name="test_cancel_dúo_modo_duo" time="5.877" /><testcase classname="backend.tests.test_phase234_parejas.TestFase4Admin" name="test_cancel_modo_solo" time="0.633" /><testcase classname="backend.tests.test_phase234_parejas.TestFase4Admin" name="test_listar_duos" time="0.744" /><testcase classname="backend.tests.test_phase234_parejas.TestFase4Admin" name="test_endpoints_fase4_requieren_auth" time="0.330" /><testcase classname="backend.tests.test_phase234_parejas.TestFase4Admin" name="test_endpoints_fase4_400_si_individual" time="0.333" /><testcase classname="backend.tests.test_phase234_parejas.TestRegresionIndividual" name="test_checkout_individual_clasico" time="3.420" /><testcase classname="backend.tests.test_logic_modules" name="test_validar_rotacion_no_raises" time="0.000" /><testcase classname="backend.tests.test_logic_modules" name="test_round_robin_table_has_7_rondas" time="0.000" /><testcase classname="backend.tests.test_logic_modules" name="test_generar_rol_filtrado[5]" time="0.000" /><testcase classname="backend.tests.test_logic_modules" name="test_generar_rol_filtrado[6]" time="0.000" /><testcase classname="backend.tests.test_logic_modules" name="test_generar_rol_filtrado[7]" time="0.000" /><testcase classname="backend.tests.test_logic_modules" name="test_generar_rol_rechaza_jugadores_incorrectos" time="0.000" /><testcase classname="backend.tests.test_logic_modules" name="test_generar_rol_rechaza_rondas_invalidas" time="0.000" /><testcase classname="backend.tests.test_logic_modules" name="test_haversine_cdmx_aprox_10km" time="0.000" /><testcase classname="backend.tests.test_logic_modules" name="test_haversine_zero_for_same_point" time="0.000" /><testcase classname="backend.tests.test_logic_modules" name="test_construir_fecha_local_iso_offset_cdmx" time="0.001" /></testsuite></testsuites>