<?xml version="1.0" encoding="utf-8"?><testsuites name="pytest tests"><testsuite name="pytest" errors="0" failures="0" skipped="0" tests="19" time="1.430" timestamp="2026-05-27T22:32:41.029397+00:00" hostname="agent-env-6fcfc196-e04f-4efe-af9a-ddc6fdde71ea"><testcase classname="backend.tests.test_buscar_hibrido.TestFallbackOrdenado" name="test_sin_params_devuelve_lista" time="0.364" /><testcase classname="backend.tests.test_buscar_hibrido.TestFallbackOrdenado" name="test_sin_params_ordenado_por_fecha_asc" time="0.054" /><testcase classname="backend.tests.test_buscar_hibrido.TestFallbackOrdenado" name="test_seed_data_presente" time="0.059" /><testcase classname="backend.tests.test_buscar_hibrido.TestTextoLibre" name="test_q_club_encuentra_match" time="0.058" /><testcase classname="backend.tests.test_buscar_hibrido.TestTextoLibre" name="test_q_demo_devuelve_reta_demo" time="0.048" /><testcase classname="backend.tests.test_buscar_hibrido.TestTextoLibre" name="test_q_case_insensitive" time="0.098" /><testcase classname="backend.tests.test_buscar_hibrido.TestTextoLibre" name="test_q_solo_espacios_ignora_filtro" time="0.052" /><testcase classname="backend.tests.test_buscar_hibrido.TestTextoLibre" name="test_q_trim_aplicado" time="0.121" /><testcase classname="backend.tests.test_buscar_hibrido.TestTextoLibre" name="test_q_mp_encuentra_reta_mp" time="0.046" /><testcase classname="backend.tests.test_buscar_hibrido.TestTextoLibre" name="test_q_sin_match_devuelve_vacio" time="0.053" /><testcase classname="backend.tests.test_buscar_hibrido.TestTextoLibre" name="test_q_metacaracter_regex_no_rompe" time="0.046" /><testcase classname="backend.tests.test_buscar_hibrido.TestGpsHaversine" name="test_lat_lng_cdmx_radio_30_devuelve_reta_demo" time="0.049" /><testcase classname="backend.tests.test_buscar_hibrido.TestGpsHaversine" name="test_lat_lng_lejos_devuelve_vacio" time="0.047" /><testcase classname="backend.tests.test_buscar_hibrido.TestGpsHaversine" name="test_sin_lng_ignora_geo" time="0.055" /><testcase classname="backend.tests.test_buscar_hibrido.TestGpsHaversine" name="test_retas_sin_lat_lng_omitidas_no_rompen" time="0.051" /><testcase classname="backend.tests.test_buscar_hibrido.TestGpsHaversine" name="test_lat_fuera_de_rango_400" time="0.047" /><testcase classname="backend.tests.test_buscar_hibrido.TestGpsHaversine" name="test_radio_km_fuera_de_rango_400" time="0.044" /><testcase classname="backend.tests.test_buscar_hibrido.TestCombinacionTextoYGeo" name="test_q_padel_lat_lng_cdmx" time="0.046" /><testcase classname="backend.tests.test_buscar_hibrido.TestCombinacionTextoYGeo" name="test_q_no_match_con_geo_devuelve_vacio" time="0.048" /></testsuite></testsuites>