<?xml version="1.0" encoding="utf-8"?><testsuites name="pytest tests"><testsuite name="pytest" errors="0" failures="0" skipped="0" tests="50" time="34.444" timestamp="2026-05-28T18:57:36.576880+00:00" hostname="agent-env-6fcfc196-e04f-4efe-af9a-ddc6fdde71ea"><testcase classname="tests.test_phase1_modalidad_registro.TestDefaults" name="test_create_without_modalidad_defaults_to_individual" time="0.474" /><testcase classname="tests.test_phase1_modalidad_registro.TestDefaults" name="test_existing_reta_fetched_has_default_modalidad" time="0.138" /><testcase classname="tests.test_phase1_modalidad_registro.TestParejasLibres" name="test_create_parejas_libres_with_free_agent_toggle" time="0.217" /><testcase classname="tests.test_phase1_modalidad_registro.TestParejasMixtas" name="test_create_parejas_mixtas" time="0.104" /><testcase classname="tests.test_phase1_modalidad_registro.TestUpdateModalidad" name="test_update_individual_to_parejas_libres_and_back" time="0.452" /><testcase classname="tests.test_phase1_modalidad_registro.TestCoherenceValidator" name="test_individual_with_flag_true_is_silenced" time="0.120" /><testcase classname="tests.test_phase1_modalidad_registro.TestInvalidValues" name="test_invalid_modalidad_value" time="0.118" /><testcase classname="tests.test_phase1_modalidad_registro.TestInvalidValues" name="test_empty_modalidad_value" time="0.120" /><testcase classname="tests.test_phase1_modalidad_registro.TestInscripcionDefaults" name="test_public_checkout_inscripcion_has_new_fields_defaulted" time="0.360" /><testcase classname="tests.test_phase1_modalidad_registro.TestRegression" name="test_login_works" time="0.339" /><testcase classname="tests.test_phase1_modalidad_registro.TestRegression" name="test_list_retas_includes_new_ones" time="0.138" /><testcase classname="tests.test_phase1_modalidad_registro.TestRegression" name="test_delete_reta_still_works" time="1.436" /><testcase classname="tests.test_phase234_parejas.TestFase2Checkout" name="test_mp_dúo_crea_2_inscripciones_mismo_grupo" time="1.252" /><testcase classname="tests.test_phase234_parejas.TestFase2Checkout" name="test_mp_individual_rechaza_datos_pareja" time="0.219" /><testcase classname="tests.test_phase234_parejas.TestFase2Checkout" name="test_mp_parejas_sin_pareja_ni_freeagent_400" time="0.247" /><testcase classname="tests.test_phase234_parejas.TestFase2Checkout" name="test_mp_freeagent_sin_permiso_400" time="0.228" /><testcase classname="tests.test_phase234_parejas.TestFase2Checkout" name="test_mock_checkout_dúo_crea_2" time="0.377" /><testcase classname="tests.test_phase234_parejas.TestFase2Checkout" name="test_stripe_dúo_o_503" time="0.754" /><testcase classname="tests.test_phase234_parejas.TestFase2Checkout" name="test_webhook_payment_approved_aprueba_ambas" time="0.437" /><testcase classname="tests.test_phase234_parejas.TestFase2Checkout" name="test_webhook_payment_failed_borra_ambas_libera_2" time="0.683" /><testcase classname="tests.test_phase234_parejas.TestFase2Checkout" name="test_concurrencia_un_cupo_dúo_409" time="1.062" /><testcase classname="tests.test_phase234_parejas.TestFase3RoundRobin" name="test_rol_individual_regresion" time="0.240" /><testcase classname="tests.test_phase234_parejas.TestFase3RoundRobin" name="test_rol_parejas_sin_duos" time="0.241" /><testcase classname="tests.test_phase234_parejas.TestFase3RoundRobin" name="test_rol_parejas_con_4_duos" time="1.208" /><testcase classname="tests.test_phase234_parejas.TestFase3RoundRobin" name="test_tabla_por_duo" time="0.746" /><testcase classname="tests.test_phase234_parejas.TestFase3RoundRobin" name="test_csv_rol_parejas" time="1.232" /><testcase classname="tests.test_phase234_parejas.TestFase3RoundRobin" name="test_clasificacion_csv_pdf_parejas" time="0.844" /><testcase classname="tests.test_phase234_parejas.TestFase4Admin" name="test_listar_free_agents" time="0.671" /><testcase classname="tests.test_phase234_parejas.TestFase4Admin" name="test_match_free_agents" time="0.836" /><testcase classname="tests.test_phase234_parejas.TestFase4Admin" name="test_match_ids_iguales_400" time="0.460" /><testcase classname="tests.test_phase234_parejas.TestFase4Admin" name="test_match_ya_emparejados_409" time="0.862" /><testcase classname="tests.test_phase234_parejas.TestFase4Admin" name="test_cancel_dúo_modo_duo" time="0.719" /><testcase classname="tests.test_phase234_parejas.TestFase4Admin" name="test_cancel_modo_solo" time="0.538" /><testcase classname="tests.test_phase234_parejas.TestFase4Admin" name="test_listar_duos" time="0.676" /><testcase classname="tests.test_phase234_parejas.TestFase4Admin" name="test_endpoints_fase4_requieren_auth" time="0.332" /><testcase classname="tests.test_phase234_parejas.TestFase4Admin" name="test_endpoints_fase4_400_si_individual" time="0.315" /><testcase classname="tests.test_phase234_parejas.TestRegresionIndividual" name="test_checkout_individual_clasico" time="3.461" /><testcase classname="tests.test_action_items_2_3.TestNotifyEndpoints" name="test_p8_endpoints_registrados" time="2.835" /><testcase classname="tests.test_action_items_2_3.TestNotifyEndpoints" name="test_p9_auth_requerida" time="0.216" /><testcase classname="tests.test_action_items_2_3.TestNotifyEndpoints" name="test_p10_recordatorio_general" time="1.254" /><testcase classname="tests.test_action_items_2_3.TestNotifyEndpoints" name="test_p11_proximo_partido_4_jugadores" time="1.185" /><testcase classname="tests.test_action_items_2_3.TestNotifyEndpoints" name="test_p12_proximo_partido_parejas" time="2.223" /><testcase classname="tests.test_action_items_2_3.TestNotifyEndpoints" name="test_p13_lista_espera" time="1.954" /><testcase classname="tests.test_action_items_2_3.TestNotifyEndpoints" name="test_p14_invariante_force_mock" time="1.125" /><testcase classname="tests.test_action_items_2_3.TestDeployReadiness" name="test_p17_shape_ok" time="0.111" /><testcase classname="tests.test_action_items_2_3.TestDeployReadiness" name="test_p18_sin_auth" time="0.099" /><testcase classname="tests.test_action_items_2_3.TestDeployReadiness" name="test_p19_siete_integraciones" time="0.104" /><testcase classname="tests.test_action_items_2_3.TestDeployReadiness" name="test_p20_campos_por_item" time="0.107" /><testcase classname="tests.test_action_items_2_3.TestDeployReadiness" name="test_p21_modes_validos" time="0.107" /><testcase classname="tests.test_action_items_2_3.TestDeployReadiness" name="test_p22_severities_validas" time="0.424" /></testsuite></testsuites>