<?xml version="1.0" encoding="utf-8"?><testsuites name="pytest tests"><testsuite name="pytest" errors="0" failures="0" skipped="0" tests="9" time="2.380" timestamp="2026-05-28T01:23:59.009413+00:00" hostname="agent-env-6fcfc196-e04f-4efe-af9a-ddc6fdde71ea"><testcase classname="backend.tests.test_drag_drop_jugadores.TestRolCronologico" name="test_rol_returns_aprobados_in_chronological_order" time="0.694" /><testcase classname="backend.tests.test_drag_drop_jugadores.TestPutOrdenManual" name="test_put_valid_list_persists" time="0.420" /><testcase classname="backend.tests.test_drag_drop_jugadores.TestPutOrdenManual" name="test_put_restore_chronological_via_resync" time="0.249" /><testcase classname="backend.tests.test_drag_drop_jugadores.TestValidaciones" name="test_put_with_duplicates_returns_422" time="0.119" /><testcase classname="backend.tests.test_drag_drop_jugadores.TestValidaciones" name="test_put_with_unknown_names_returns_422" time="0.111" /><testcase classname="backend.tests.test_drag_drop_jugadores.TestValidaciones" name="test_put_with_missing_count_returns_422" time="0.117" /><testcase classname="backend.tests.test_drag_drop_jugadores.TestValidaciones" name="test_put_with_non_list_returns_422" time="0.132" /><testcase classname="backend.tests.test_drag_drop_jugadores.TestAuth" name="test_put_without_auth_returns_401" time="0.115" /><testcase classname="backend.tests.test_drag_drop_jugadores.TestConflictConResultados" name="test_put_with_resultados_returns_409" time="0.397" /></testsuite></testsuites>