<?xml version="1.0" encoding="utf-8"?><testsuites name="pytest tests"><testsuite name="pytest" errors="0" failures="0" skipped="0" tests="48" time="12.555" timestamp="2026-05-28T15:46:17.614340+00:00" hostname="agent-env-6fcfc196-e04f-4efe-af9a-ddc6fdde71ea"><testcase classname="backend.tests.test_iter9_smoke" name="test_admin_login_ok" time="0.512" /><testcase classname="backend.tests.test_iter9_smoke" name="test_admin_login_bad_password" time="0.389" /><testcase classname="backend.tests.test_iter9_smoke" name="test_list_retas_admin" time="0.515" /><testcase classname="backend.tests.test_iter9_smoke" name="test_buscar_sin_params" time="0.165" /><testcase classname="backend.tests.test_iter9_smoke" name="test_buscar_con_texto" time="0.140" /><testcase classname="backend.tests.test_iter9_smoke" name="test_get_reta_by_slug" time="0.142" /><testcase classname="backend.tests.test_iter9_smoke" name="test_clasificacion_admin" time="0.187" /><testcase classname="backend.tests.test_iter9_smoke" name="test_clasificacion_sin_token" time="0.120" /><testcase classname="backend.tests.test_iter9_smoke" name="test_listar_resultados_admin" time="0.103" /><testcase classname="backend.tests.test_iter9_smoke" name="test_rol_admin" time="0.116" /><testcase classname="backend.tests.test_iter9_smoke" name="test_ws_endpoint_requires_token" time="0.198" /><testcase classname="backend.tests.test_iter9_smoke" name="test_ws_connects_with_admin_token" time="0.179" /><testcase classname="backend.tests.test_drag_drop_jugadores.TestRolCronologico" name="test_rol_returns_aprobados_in_chronological_order" time="0.646" /><testcase classname="backend.tests.test_drag_drop_jugadores.TestPutOrdenManual" name="test_put_valid_list_persists" time="0.411" /><testcase classname="backend.tests.test_drag_drop_jugadores.TestPutOrdenManual" name="test_put_restore_chronological_via_resync" time="0.442" /><testcase classname="backend.tests.test_drag_drop_jugadores.TestValidaciones" name="test_put_with_duplicates_returns_422" time="0.105" /><testcase classname="backend.tests.test_drag_drop_jugadores.TestValidaciones" name="test_put_with_unknown_names_returns_422" time="0.125" /><testcase classname="backend.tests.test_drag_drop_jugadores.TestValidaciones" name="test_put_with_missing_count_returns_422" time="0.113" /><testcase classname="backend.tests.test_drag_drop_jugadores.TestValidaciones" name="test_put_with_non_list_returns_422" time="0.112" /><testcase classname="backend.tests.test_drag_drop_jugadores.TestAuth" name="test_put_without_auth_returns_401" time="0.115" /><testcase classname="backend.tests.test_drag_drop_jugadores.TestConflictConResultados" name="test_put_with_resultados_returns_409" time="1.347" /><testcase classname="backend.tests.test_rol_preview.TestPreviewBasic" name="test_preview_returns_200_with_is_preview_flag" time="0.137" /><testcase classname="backend.tests.test_rol_preview.TestPreviewBasic" name="test_preview_with_reordered_list_returns_new_rol" time="0.221" /><testcase classname="backend.tests.test_rol_preview.TestPreviewValidation" name="test_duplicate_names_returns_422" time="1.310" /><testcase classname="backend.tests.test_rol_preview.TestPreviewValidation" name="test_jugadores_not_array_returns_422" time="0.131" /><testcase classname="backend.tests.test_rol_preview.TestPreviewValidation" name="test_jugadores_missing_returns_422" time="0.120" /><testcase classname="backend.tests.test_rol_preview.TestPreviewValidation" name="test_jugadores_with_non_string_element_returns_422" time="0.110" /><testcase classname="backend.tests.test_rol_preview.TestPreviewAuth" name="test_no_auth_returns_401_or_403" time="0.108" /><testcase classname="backend.tests.test_rol_preview.TestPreviewAuth" name="test_invalid_token_returns_401" time="0.117" /><testcase classname="backend.tests.test_rol_preview.TestPreviewPlaceholders" name="test_short_list_is_padded_with_placeholders" time="0.109" /><testcase classname="backend.tests.test_rol_preview.TestPreviewPlaceholders" name="test_empty_list_returns_full_placeholders" time="0.111" /><testcase classname="backend.tests.test_rol_preview.TestPreviewNoPersistence" name="test_preview_does_not_mutate_rol_persisted" time="0.345" /><testcase classname="backend.tests.test_rol_preview.TestRegressionExisting" name="test_get_rol_still_works" time="0.108" /><testcase classname="backend.tests.test_rol_preview.TestRegressionExisting" name="test_put_orden_still_works" time="0.448" /><testcase classname="backend.tests.test_rol_preview.TestRegressionExisting" name="test_capturar_resultado_y_borrar" time="0.419" /><testcase classname="backend.tests.test_rol_preview.TestRegressionExisting" name="test_preview_works_even_with_resultados_present" time="0.350" /><testcase classname="backend.tests.test_rol_preview.TestRegressionExisting" name="test_reta_not_found_returns_404" time="0.139" /><testcase classname="backend.tests.test_import_inscripciones" name="test_b1_import_5_jugadores_validos" time="0.221" /><testcase classname="backend.tests.test_import_inscripciones" name="test_b2_duplicado_case_insensitive" time="0.236" /><testcase classname="backend.tests.test_import_inscripciones" name="test_b3_cupo_lleno_respeta_orden" time="0.175" /><testcase classname="backend.tests.test_import_inscripciones" name="test_b4_lista_vacia_422" time="0.168" /><testcase classname="backend.tests.test_import_inscripciones" name="test_b5_mas_de_1000_422" time="0.195" /><testcase classname="backend.tests.test_import_inscripciones" name="test_b6_con_resultados_capturados_409" time="0.274" /><testcase classname="backend.tests.test_import_inscripciones" name="test_b7_sin_auth_401" time="0.125" /><testcase classname="backend.tests.test_import_inscripciones" name="test_b8_normaliza_espacios" time="0.273" /><testcase classname="backend.tests.test_import_inscripciones" name="test_b9_nombre_vacio_post_trim" time="0.159" /><testcase classname="backend.tests.test_import_inscripciones" name="test_b10_regresion_rol_orden_preview" time="0.169" /><testcase classname="backend.tests.test_import_inscripciones" name="test_demo_reta_full_import_blocked_by_cupo" time="0.049" /></testsuite></testsuites>