<?xml version="1.0" encoding="utf-8"?><testsuites name="pytest tests"><testsuite name="pytest" errors="0" failures="0" skipped="0" tests="44" time="4.923" timestamp="2026-05-28T17:23:39.001786+00:00" hostname="agent-env-6fcfc196-e04f-4efe-af9a-ddc6fdde71ea"><testcase classname="tests.test_phase1_modalidad_registro.TestDefaults" name="test_create_without_modalidad_defaults_to_individual" time="0.514" /><testcase classname="tests.test_phase1_modalidad_registro.TestDefaults" name="test_existing_reta_fetched_has_default_modalidad" time="0.138" /><testcase classname="tests.test_phase1_modalidad_registro.TestParejasLibres" name="test_create_parejas_libres_with_free_agent_toggle" time="0.269" /><testcase classname="tests.test_phase1_modalidad_registro.TestParejasMixtas" name="test_create_parejas_mixtas" time="0.103" /><testcase classname="tests.test_phase1_modalidad_registro.TestUpdateModalidad" name="test_update_individual_to_parejas_libres_and_back" time="0.457" /><testcase classname="tests.test_phase1_modalidad_registro.TestCoherenceValidator" name="test_individual_with_flag_true_is_silenced" time="0.121" /><testcase classname="tests.test_phase1_modalidad_registro.TestInvalidValues" name="test_invalid_modalidad_value" time="0.128" /><testcase classname="tests.test_phase1_modalidad_registro.TestInvalidValues" name="test_empty_modalidad_value" time="0.109" /><testcase classname="tests.test_phase1_modalidad_registro.TestInscripcionDefaults" name="test_public_checkout_inscripcion_has_new_fields_defaulted" time="0.351" /><testcase classname="tests.test_phase1_modalidad_registro.TestRegression" name="test_login_works" time="0.328" /><testcase classname="tests.test_phase1_modalidad_registro.TestRegression" name="test_list_retas_includes_new_ones" time="0.120" /><testcase classname="tests.test_phase1_modalidad_registro.TestRegression" name="test_delete_reta_still_works" time="1.433" /><testcase classname="tests.test_logic_modules" name="test_validar_rotacion_no_raises" time="0.000" /><testcase classname="tests.test_logic_modules" name="test_round_robin_table_has_7_rondas" time="0.000" /><testcase classname="tests.test_logic_modules" name="test_generar_rol_filtrado[5]" time="0.000" /><testcase classname="tests.test_logic_modules" name="test_generar_rol_filtrado[6]" time="0.000" /><testcase classname="tests.test_logic_modules" name="test_generar_rol_filtrado[7]" time="0.000" /><testcase classname="tests.test_logic_modules" name="test_generar_rol_rechaza_jugadores_incorrectos" time="0.000" /><testcase classname="tests.test_logic_modules" name="test_generar_rol_rechaza_rondas_invalidas" time="0.000" /><testcase classname="tests.test_logic_modules" name="test_haversine_cdmx_aprox_10km" time="0.000" /><testcase classname="tests.test_logic_modules" name="test_haversine_zero_for_same_point" time="0.000" /><testcase classname="tests.test_logic_modules" name="test_construir_fecha_local_iso_offset_cdmx" time="0.000" /><testcase classname="tests.test_phase_c_realtime.TestStandingsCascade" name="test_orden_estricto_PG_DG_GF" time="0.000" /><testcase classname="tests.test_phase_c_realtime.TestStandingsCascade" name="test_empate_tecnico_4_4" time="0.000" /><testcase classname="tests.test_phase_c_realtime.TestStandingsCascade" name="test_alias_E_es_empate" time="0.000" /><testcase classname="tests.test_phase_c_realtime.TestStandingsCascade" name="test_defensa_score_sin_ganador" time="0.000" /><testcase classname="tests.test_phase_c_realtime.TestStandingsCascade" name="test_ignora_resultados_malformados" time="0.000" /><testcase classname="tests.test_phase_c_realtime.TestStandingsCascade" name="test_efectividad_calculada" time="0.000" /><testcase classname="tests.test_phase_c_realtime.TestResultadoUpsert" name="test_post_basico_inserta_y_devuelve" time="0.285" /><testcase classname="tests.test_phase_c_realtime.TestResultadoUpsert" name="test_rechaza_self_play" time="0.009" /><testcase classname="tests.test_phase_c_realtime.TestResultadoUpsert" name="test_rechaza_pareja_duplicada" time="0.055" /><testcase classname="tests.test_phase_c_realtime.TestResultadoUpsert" name="test_upsert_idempotente" time="0.015" /><testcase classname="tests.test_phase_c_realtime.TestResultadoUpsert" name="test_sin_admin_token_403" time="0.007" /><testcase classname="tests.test_phase_c_realtime.TestResultadoUpsert" name="test_player_no_puede_capturar" time="0.007" /><testcase classname="tests.test_phase_c_realtime.TestResultadoDelete" name="test_delete_resultado_admin" time="0.011" /><testcase classname="tests.test_phase_c_realtime.TestClasificacionAuth" name="test_sin_token_401" time="0.007" /><testcase classname="tests.test_phase_c_realtime.TestClasificacionAuth" name="test_admin_token_ok" time="0.008" /><testcase classname="tests.test_phase_c_realtime.TestClasificacionAuth" name="test_player_sin_inscripcion_403" time="0.007" /><testcase classname="tests.test_phase_c_realtime.TestClasificacionAuth" name="test_player_inscripcion_pendiente_403" time="0.043" /><testcase classname="tests.test_phase_c_realtime.TestClasificacionAuth" name="test_player_aprobado_ok" time="0.018" /><testcase classname="tests.test_phase_c_realtime.TestWebsocketRealtime" name="test_ws_sin_token_cierra_403" time="0.028" /><testcase classname="tests.test_phase_c_realtime.TestWebsocketRealtime" name="test_ws_admin_recibe_hello" time="0.008" /><testcase classname="tests.test_phase_c_realtime.TestWebsocketRealtime" name="test_ws_recibe_broadcast_post" time="0.214" /><testcase classname="tests.test_phase_c_realtime.TestWebsocketRealtime" name="test_ws_ping_pong" time="0.010" /></testsuite></testsuites>