<?xml version="1.0" encoding="utf-8"?><testsuites name="pytest tests"><testsuite name="pytest" errors="0" failures="0" skipped="0" tests="14" time="7.521" timestamp="2026-05-28T23:05:34.655663+00:00" hostname="agent-env-6fcfc196-e04f-4efe-af9a-ddc6fdde71ea"><testcase classname="backend.tests.test_cupones_marketing.TestCuponesCRUD" name="test_crear_cupon_autogenerado" time="0.650" /><testcase classname="backend.tests.test_cupones_marketing.TestCuponesCRUD" name="test_crear_cupon_codigo_manual" time="0.164" /><testcase classname="backend.tests.test_cupones_marketing.TestCuponesCRUD" name="test_crear_cupon_codigo_duplicado_409" time="0.326" /><testcase classname="backend.tests.test_cupones_marketing.TestCuponesCRUD" name="test_listar_cupones" time="0.431" /><testcase classname="backend.tests.test_cupones_marketing.TestCuponesCRUD" name="test_borrar_cupon_no_usado_200" time="0.393" /><testcase classname="backend.tests.test_cupones_marketing.TestCuponesCRUD" name="test_reactivar_cupon_manual" time="0.275" /><testcase classname="backend.tests.test_cupones_marketing.TestEdgeCases" name="test_ec8_borrar_cupon_usado_409" time="0.275" /><testcase classname="backend.tests.test_cupones_marketing.TestEdgeCases" name="test_ec6_codigo_case_insensitive" time="0.493" /><testcase classname="backend.tests.test_cupones_marketing.TestEdgeCases" name="test_ec1_cross_organizer_invalidation" time="0.550" /><testcase classname="backend.tests.test_cupones_marketing.TestEdgeCases" name="test_ec2_reta_llena_no_consume" time="0.706" /><testcase classname="backend.tests.test_cupones_marketing.TestEdgeCases" name="test_ec5_reta_exclusiva_no_aplica_a_otra" time="0.710" /><testcase classname="backend.tests.test_cupones_marketing.TestEdgeCases" name="test_ec7_cupon_ya_usado" time="0.639" /><testcase classname="backend.tests.test_cupones_marketing.TestEdgeCases" name="test_ec4_race_condition_solo_uno_gana" time="0.855" /><testcase classname="backend.tests.test_cupones_marketing.TestEdgeCases" name="test_ec3_cancelacion_reactiva_cupon" time="0.941" /></testsuite></testsuites>