<?xml version="1.0" encoding="utf-8"?><testsuites name="pytest tests"><testsuite name="pytest" errors="0" failures="0" skipped="0" tests="16" time="1.992" timestamp="2026-06-25T18:51:40.898907+00:00" hostname="agent-env-6fcfc196-e04f-4efe-af9a-ddc6fdde71ea"><testcase classname="tests.test_iter45_waitlist_acid.TestBackendBoots" name="test_root_api_returns_200" time="0.218" /><testcase classname="tests.test_iter45_waitlist_acid.TestAdminLogin" name="test_admin_login_success" time="0.292" /><testcase classname="tests.test_iter45_waitlist_acid.TestAdminLogin" name="test_admin_login_bad_password" time="0.274" /><testcase classname="tests.test_iter45_waitlist_acid.TestPublicSearch" name="test_buscar_retas_returns_list" time="0.119" /><testcase classname="tests.test_iter45_waitlist_acid.TestExpirarPendientes" name="test_expirar_pendientes_requires_auth" time="0.425" /><testcase classname="tests.test_iter45_waitlist_acid.TestExpirarPendientes" name="test_expirar_pendientes_returns_expected_shape" time="0.047" /><testcase classname="tests.test_iter45_waitlist_acid.TestExpirarPendientes" name="test_expirar_pendientes_unknown_reta_404" time="0.045" /><testcase classname="tests.test_iter45_waitlist_acid.TestExpirarPendientes" name="test_expirar_pendientes_idempotent" time="0.093" /><testcase classname="tests.test_iter45_waitlist_acid.TestJobsWorker" name="test_jobs_queue_collection_via_mongo" time="0.071" /><testcase classname="tests.test_iter45_waitlist_acid.TestJobsWorker" name="test_jobs_worker_log_line_present" time="0.007" /><testcase classname="tests.test_iter45_waitlist_acid.TestAdminEndpoints" name="test_payouts_summary" time="0.050" /><testcase classname="tests.test_iter45_waitlist_acid.TestAdminEndpoints" name="test_comunidad_asistencia" time="0.062" /><testcase classname="tests.test_iter45_waitlist_acid" name="test_promover_lista_espera_returns_none_when_empty" time="0.243" /><testcase classname="tests.test_iter45_waitlist_acid" name="test_helpers_imports_clean" time="0.000" /><testcase classname="tests.test_iter45_waitlist_acid" name="test_transactions_module_present" time="0.000" /><testcase classname="tests.test_iter45_waitlist_acid" name="test_mercadopago_refundar_pago_present" time="0.005" /></testsuite></testsuites>