<?xml version="1.0" encoding="utf-8"?><testsuites name="pytest tests"><testsuite name="pytest" errors="0" failures="0" skipped="0" tests="164" time="8.381" timestamp="2026-05-28T16:46:19.327926+00:00" hostname="agent-env-6fcfc196-e04f-4efe-af9a-ddc6fdde71ea"><testcase classname="tests.test_logic_modules" name="test_validar_rotacion_no_raises" time="0.000" /><testcase classname="tests.test_logic_modules" name="test_round_robin_table_has_7_rondas" time="0.000" /><testcase classname="tests.test_logic_modules" name="test_generar_rol_filtrado[5]" time="0.000" /><testcase classname="tests.test_logic_modules" name="test_generar_rol_filtrado[6]" time="0.000" /><testcase classname="tests.test_logic_modules" name="test_generar_rol_filtrado[7]" time="0.000" /><testcase classname="tests.test_logic_modules" name="test_generar_rol_rechaza_jugadores_incorrectos" time="0.000" /><testcase classname="tests.test_logic_modules" name="test_generar_rol_rechaza_rondas_invalidas" time="0.000" /><testcase classname="tests.test_logic_modules" name="test_haversine_cdmx_aprox_10km" time="0.000" /><testcase classname="tests.test_logic_modules" name="test_haversine_zero_for_same_point" time="0.000" /><testcase classname="tests.test_logic_modules" name="test_construir_fecha_local_iso_offset_cdmx" time="0.000" /><testcase classname="tests.test_phase_a_elastico.TestJugadoresPar4" name="test_acepta_multiplos_4_en_rango[4]" time="0.000" /><testcase classname="tests.test_phase_a_elastico.TestJugadoresPar4" name="test_acepta_multiplos_4_en_rango[8]" time="0.000" /><testcase classname="tests.test_phase_a_elastico.TestJugadoresPar4" name="test_acepta_multiplos_4_en_rango[12]" time="0.000" /><testcase classname="tests.test_phase_a_elastico.TestJugadoresPar4" name="test_acepta_multiplos_4_en_rango[16]" time="0.000" /><testcase classname="tests.test_phase_a_elastico.TestJugadoresPar4" name="test_acepta_multiplos_4_en_rango[20]" time="0.000" /><testcase classname="tests.test_phase_a_elastico.TestJugadoresPar4" name="test_acepta_multiplos_4_en_rango[24]" time="0.000" /><testcase classname="tests.test_phase_a_elastico.TestJugadoresPar4" name="test_acepta_multiplos_4_en_rango[28]" time="0.000" /><testcase classname="tests.test_phase_a_elastico.TestJugadoresPar4" name="test_acepta_multiplos_4_en_rango[32]" time="0.000" /><testcase classname="tests.test_phase_a_elastico.TestJugadoresPar4" name="test_rechaza_menor_a_4[0]" time="0.000" /><testcase classname="tests.test_phase_a_elastico.TestJugadoresPar4" name="test_rechaza_menor_a_4[1]" time="0.000" /><testcase classname="tests.test_phase_a_elastico.TestJugadoresPar4" name="test_rechaza_menor_a_4[2]" time="0.000" /><testcase classname="tests.test_phase_a_elastico.TestJugadoresPar4" name="test_rechaza_menor_a_4[3]" time="0.000" /><testcase classname="tests.test_phase_a_elastico.TestJugadoresPar4" name="test_rechaza_mayor_a_32[33]" time="0.000" /><testcase classname="tests.test_phase_a_elastico.TestJugadoresPar4" name="test_rechaza_mayor_a_32[36]" time="0.000" /><testcase classname="tests.test_phase_a_elastico.TestJugadoresPar4" name="test_rechaza_mayor_a_32[40]" time="0.000" /><testcase classname="tests.test_phase_a_elastico.TestJugadoresPar4" name="test_rechaza_mayor_a_32[100]" time="0.000" /><testcase classname="tests.test_phase_a_elastico.TestJugadoresPar4" name="test_rechaza_no_multiplo_4_con_sugerencia[5]" time="0.002" /><testcase classname="tests.test_phase_a_elastico.TestJugadoresPar4" name="test_rechaza_no_multiplo_4_con_sugerencia[6]" time="0.000" /><testcase classname="tests.test_phase_a_elastico.TestJugadoresPar4" name="test_rechaza_no_multiplo_4_con_sugerencia[7]" time="0.000" /><testcase classname="tests.test_phase_a_elastico.TestJugadoresPar4" name="test_rechaza_no_multiplo_4_con_sugerencia[9]" time="0.000" /><testcase classname="tests.test_phase_a_elastico.TestJugadoresPar4" name="test_rechaza_no_multiplo_4_con_sugerencia[10]" time="0.000" /><testcase classname="tests.test_phase_a_elastico.TestJugadoresPar4" name="test_rechaza_no_multiplo_4_con_sugerencia[11]" time="0.000" /><testcase classname="tests.test_phase_a_elastico.TestJugadoresPar4" name="test_rechaza_no_multiplo_4_con_sugerencia[13]" time="0.000" /><testcase classname="tests.test_phase_a_elastico.TestJugadoresPar4" name="test_rechaza_no_multiplo_4_con_sugerencia[15]" time="0.000" /><testcase classname="tests.test_phase_a_elastico.TestJugadoresPar4" name="test_rechaza_no_multiplo_4_con_sugerencia[17]" time="0.000" /><testcase classname="tests.test_phase_a_elastico.TestJugadoresPar4" name="test_rechaza_no_multiplo_4_con_sugerencia[19]" time="0.000" /><testcase classname="tests.test_phase_a_elastico.TestJugadoresPar4" name="test_rechaza_no_multiplo_4_con_sugerencia[21]" time="0.000" /><testcase classname="tests.test_phase_a_elastico.TestJugadoresPar4" name="test_rechaza_no_multiplo_4_con_sugerencia[23]" time="0.000" /><testcase classname="tests.test_phase_a_elastico.TestJugadoresPar4" name="test_rechaza_no_multiplo_4_con_sugerencia[25]" time="0.000" /><testcase classname="tests.test_phase_a_elastico.TestJugadoresPar4" name="test_rechaza_no_multiplo_4_con_sugerencia[27]" time="0.000" /><testcase classname="tests.test_phase_a_elastico.TestJugadoresPar4" name="test_rechaza_no_multiplo_4_con_sugerencia[29]" time="0.000" /><testcase classname="tests.test_phase_a_elastico.TestJugadoresPar4" name="test_rechaza_no_multiplo_4_con_sugerencia[31]" time="0.000" /><testcase classname="tests.test_phase_a_elastico.TestJugadoresPar4" name="test_opcional_max_jugadores" time="0.000" /><testcase classname="tests.test_phase_a_elastico.TestFormatoScore" name="test_default_es_puntos_9_juegos" time="0.000" /><testcase classname="tests.test_phase_a_elastico.TestFormatoScore" name="test_puntos_juegos_validos[1]" time="0.000" /><testcase classname="tests.test_phase_a_elastico.TestFormatoScore" name="test_puntos_juegos_validos[6]" time="0.000" /><testcase classname="tests.test_phase_a_elastico.TestFormatoScore" name="test_puntos_juegos_validos[9]" time="0.000" /><testcase classname="tests.test_phase_a_elastico.TestFormatoScore" name="test_puntos_juegos_validos[11]" time="0.000" /><testcase classname="tests.test_phase_a_elastico.TestFormatoScore" name="test_puntos_juegos_validos[15]" time="0.000" /><testcase classname="tests.test_phase_a_elastico.TestFormatoScore" name="test_puntos_juegos_validos[21]" time="0.000" /><testcase classname="tests.test_phase_a_elastico.TestFormatoScore" name="test_puntos_juegos_fuera_rango[0]" time="0.000" /><testcase classname="tests.test_phase_a_elastico.TestFormatoScore" name="test_puntos_juegos_fuera_rango[22]" time="0.000" /><testcase classname="tests.test_phase_a_elastico.TestFormatoScore" name="test_puntos_juegos_fuera_rango[100]" time="0.000" /><testcase classname="tests.test_phase_a_elastico.TestFormatoScore" name="test_puntos_sets_validos[1]" time="0.000" /><testcase classname="tests.test_phase_a_elastico.TestFormatoScore" name="test_puntos_sets_validos[3]" time="0.000" /><testcase classname="tests.test_phase_a_elastico.TestFormatoScore" name="test_puntos_sets_validos[5]" time="0.000" /><testcase classname="tests.test_phase_a_elastico.TestFormatoScore" name="test_puntos_sets_fuera_rango[0]" time="0.000" /><testcase classname="tests.test_phase_a_elastico.TestFormatoScore" name="test_puntos_sets_fuera_rango[6]" time="0.000" /><testcase classname="tests.test_phase_a_elastico.TestFormatoScore" name="test_puntos_sets_fuera_rango[10]" time="0.000" /><testcase classname="tests.test_phase_a_elastico.TestFormatoScore" name="test_tiempo_minutos_validos[5]" time="0.000" /><testcase classname="tests.test_phase_a_elastico.TestFormatoScore" name="test_tiempo_minutos_validos[15]" time="0.000" /><testcase classname="tests.test_phase_a_elastico.TestFormatoScore" name="test_tiempo_minutos_validos[20]" time="0.000" /><testcase classname="tests.test_phase_a_elastico.TestFormatoScore" name="test_tiempo_minutos_validos[30]" time="0.000" /><testcase classname="tests.test_phase_a_elastico.TestFormatoScore" name="test_tiempo_minutos_validos[45]" time="0.000" /><testcase classname="tests.test_phase_a_elastico.TestFormatoScore" name="test_tiempo_minutos_validos[60]" time="0.000" /><testcase classname="tests.test_phase_a_elastico.TestFormatoScore" name="test_tiempo_minutos_validos[90]" time="0.000" /><testcase classname="tests.test_phase_a_elastico.TestFormatoScore" name="test_tiempo_minutos_fuera_rango[0]" time="0.000" /><testcase classname="tests.test_phase_a_elastico.TestFormatoScore" name="test_tiempo_minutos_fuera_rango[1]" time="0.000" /><testcase classname="tests.test_phase_a_elastico.TestFormatoScore" name="test_tiempo_minutos_fuera_rango[4]" time="0.000" /><testcase classname="tests.test_phase_a_elastico.TestFormatoScore" name="test_tiempo_minutos_fuera_rango[91]" time="0.000" /><testcase classname="tests.test_phase_a_elastico.TestFormatoScore" name="test_tiempo_minutos_fuera_rango[200]" time="0.000" /><testcase classname="tests.test_phase_a_elastico.TestFormatoScore" name="test_tiempo_con_unidad_juegos_invalido" time="0.000" /><testcase classname="tests.test_phase_a_elastico.TestFormatoScore" name="test_puntos_con_unidad_minutos_invalido" time="0.000" /><testcase classname="tests.test_phase_a_elastico.TestRoundRobinElastico" name="test_distribucion_canchas[4-1-0-1]" time="0.000" /><testcase classname="tests.test_phase_a_elastico.TestRoundRobinElastico" name="test_distribucion_canchas[8-1-1-0]" time="0.000" /><testcase classname="tests.test_phase_a_elastico.TestRoundRobinElastico" name="test_distribucion_canchas[12-2-1-1]" time="0.000" /><testcase classname="tests.test_phase_a_elastico.TestRoundRobinElastico" name="test_distribucion_canchas[16-2-2-0]" time="0.000" /><testcase classname="tests.test_phase_a_elastico.TestRoundRobinElastico" name="test_distribucion_canchas[20-3-2-1]" time="0.000" /><testcase classname="tests.test_phase_a_elastico.TestRoundRobinElastico" name="test_distribucion_canchas[24-3-3-0]" time="0.000" /><testcase classname="tests.test_phase_a_elastico.TestRoundRobinElastico" name="test_distribucion_canchas[28-4-3-1]" time="0.000" /><testcase classname="tests.test_phase_a_elastico.TestRoundRobinElastico" name="test_distribucion_canchas[32-4-4-0]" time="0.000" /><testcase classname="tests.test_phase_a_elastico.TestRoundRobinElastico" name="test_rechaza_capacidad_invalida[0]" time="0.000" /><testcase classname="tests.test_phase_a_elastico.TestRoundRobinElastico" name="test_rechaza_capacidad_invalida[1]" time="0.000" /><testcase classname="tests.test_phase_a_elastico.TestRoundRobinElastico" name="test_rechaza_capacidad_invalida[2]" time="0.000" /><testcase classname="tests.test_phase_a_elastico.TestRoundRobinElastico" name="test_rechaza_capacidad_invalida[3]" time="0.000" /><testcase classname="tests.test_phase_a_elastico.TestRoundRobinElastico" name="test_rechaza_capacidad_invalida[5]" time="0.000" /><testcase classname="tests.test_phase_a_elastico.TestRoundRobinElastico" name="test_rechaza_capacidad_invalida[7]" time="0.000" /><testcase classname="tests.test_phase_a_elastico.TestRoundRobinElastico" name="test_rechaza_capacidad_invalida[9]" time="0.000" /><testcase classname="tests.test_phase_a_elastico.TestRoundRobinElastico" name="test_rechaza_capacidad_invalida[33]" time="0.000" /><testcase classname="tests.test_phase_a_elastico.TestRoundRobinElastico" name="test_rechaza_capacidad_invalida[36]" time="0.000" /><testcase classname="tests.test_phase_a_elastico.TestRoundRobinElastico" name="test_jugadores_no_se_repiten_entre_canchas" time="0.000" /><testcase classname="tests.test_phase_a_elastico.TestRoundRobinElastico" name="test_cancha_4_jugadores_3_rondas" time="0.000" /><testcase classname="tests.test_phase_a_elastico.TestRoundRobinElastico" name="test_cancha_8_jugadores_n_rondas" time="0.000" /><testcase classname="tests.test_phase_a_elastico.TestImageCompression" name="test_none_passthrough" time="0.000" /><testcase classname="tests.test_phase_a_elastico.TestImageCompression" name="test_empty_string_passthrough" time="0.000" /><testcase classname="tests.test_phase_a_elastico.TestImageCompression" name="test_no_data_url_passthrough" time="0.000" /><testcase classname="tests.test_phase_a_elastico.TestImageCompression" name="test_invalid_base64_no_rompe" time="0.000" /><testcase classname="tests.test_phase_a_elastico.TestImageCompression" name="test_comprime_png_grande_a_webp" time="0.232" /><testcase classname="tests.test_phase_a_elastico.TestImageCompression" name="test_redimensiona_si_excede_512" time="0.049" /><testcase classname="tests.test_phase_a_elastico.TestImageCompression" name="test_idempotente_aproximadamente" time="0.041" /><testcase classname="tests.test_phase_b_qr.TestQrUtils" name="test_genera_png_valido" time="0.014" /><testcase classname="tests.test_phase_b_qr.TestQrUtils" name="test_rechaza_url_vacia" time="0.000" /><testcase classname="tests.test_phase_b_qr.TestQrUtils" name="test_rechaza_none" time="0.000" /><testcase classname="tests.test_phase_b_qr.TestQrUtils" name="test_qr_distinto_por_url" time="0.011" /><testcase classname="tests.test_phase_b_qr.TestQrUtils" name="test_qr_idempotente_misma_url" time="0.011" /><testcase classname="tests.test_phase_b_qr.TestSugerenciaCapacidad" name="test_capacidad_completa_sugiere_waitlist" time="0.299" /><testcase classname="tests.test_phase_b_qr.TestSugerenciaCapacidad" name="test_capacidad_holgada_sin_sugerencia" time="0.000" /><testcase classname="tests.test_phase_b_qr.TestSugerenciaCapacidad" name="test_libres_no_multiplo_4_sugiere_cierre" time="0.000" /><testcase classname="tests.test_phase_b_qr.TestPublicBaseUrl" name="test_app_public_url_preferred" time="0.000" /><testcase classname="tests.test_phase_b_qr.TestPublicBaseUrl" name="test_fallback_to_expo_backend" time="0.000" /><testcase classname="tests.test_phase_b_qr.TestPublicBaseUrl" name="test_empty_when_no_env" time="0.000" /><testcase classname="tests.test_phase_c_realtime.TestStandingsCascade" name="test_orden_estricto_PG_DG_GF" time="0.000" /><testcase classname="tests.test_phase_c_realtime.TestStandingsCascade" name="test_empate_tecnico_4_4" time="0.000" /><testcase classname="tests.test_phase_c_realtime.TestStandingsCascade" name="test_alias_E_es_empate" time="0.000" /><testcase classname="tests.test_phase_c_realtime.TestStandingsCascade" name="test_defensa_score_sin_ganador" time="0.000" /><testcase classname="tests.test_phase_c_realtime.TestStandingsCascade" name="test_ignora_resultados_malformados" time="0.000" /><testcase classname="tests.test_phase_c_realtime.TestStandingsCascade" name="test_efectividad_calculada" time="0.000" /><testcase classname="tests.test_phase_c_realtime.TestResultadoUpsert" name="test_post_basico_inserta_y_devuelve" time="0.244" /><testcase classname="tests.test_phase_c_realtime.TestResultadoUpsert" name="test_rechaza_self_play" time="0.007" /><testcase classname="tests.test_phase_c_realtime.TestResultadoUpsert" name="test_rechaza_pareja_duplicada" time="0.006" /><testcase classname="tests.test_phase_c_realtime.TestResultadoUpsert" name="test_upsert_idempotente" time="0.012" /><testcase classname="tests.test_phase_c_realtime.TestResultadoUpsert" name="test_sin_admin_token_403" time="0.007" /><testcase classname="tests.test_phase_c_realtime.TestResultadoUpsert" name="test_player_no_puede_capturar" time="0.007" /><testcase classname="tests.test_phase_c_realtime.TestResultadoDelete" name="test_delete_resultado_admin" time="0.038" /><testcase classname="tests.test_phase_c_realtime.TestClasificacionAuth" name="test_sin_token_401" time="0.008" /><testcase classname="tests.test_phase_c_realtime.TestClasificacionAuth" name="test_admin_token_ok" time="0.007" /><testcase classname="tests.test_phase_c_realtime.TestClasificacionAuth" name="test_player_sin_inscripcion_403" time="0.007" /><testcase classname="tests.test_phase_c_realtime.TestClasificacionAuth" name="test_player_inscripcion_pendiente_403" time="0.015" /><testcase classname="tests.test_phase_c_realtime.TestClasificacionAuth" name="test_player_aprobado_ok" time="0.016" /><testcase classname="tests.test_phase_c_realtime.TestWebsocketRealtime" name="test_ws_sin_token_cierra_403" time="0.031" /><testcase classname="tests.test_phase_c_realtime.TestWebsocketRealtime" name="test_ws_admin_recibe_hello" time="0.011" /><testcase classname="tests.test_phase_c_realtime.TestWebsocketRealtime" name="test_ws_recibe_broadcast_post" time="0.217" /><testcase classname="tests.test_phase_c_realtime.TestWebsocketRealtime" name="test_ws_ping_pong" time="0.010" /><testcase classname="tests.test_phase_c_supplement.TestWSDeleteBroadcast" name="test_ws_recibe_broadcast_delete" time="0.467" /><testcase classname="tests.test_phase_c_supplement.TestWSPlayerAuth" name="test_ws_player_aprobado_conecta" time="0.047" /><testcase classname="tests.test_phase_c_supplement.TestWSPlayerAuth" name="test_ws_player_pendiente_cierra_403" time="0.018" /><testcase classname="tests.test_phase_c_supplement.TestWSPlayerAuth" name="test_ws_player_sin_inscripcion_cierra_403" time="0.011" /><testcase classname="tests.test_phase_c_supplement.TestRegresionEndpoints" name="test_health" time="0.001" /><testcase classname="tests.test_phase_c_supplement.TestRegresionEndpoints" name="test_radar_publico" time="0.006" /><testcase classname="tests.test_phase_c_supplement.TestRegresionEndpoints" name="test_retas_crud_y_share_info_y_qr" time="0.067" /><testcase classname="tests.test_phase_c_supplement.TestRegresionEndpoints" name="test_checkout_publico_y_waitlist_basico" time="0.014" /><testcase classname="tests.test_phase_abd_http.TestHealth" name="test_api_health" time="0.142" /><testcase classname="tests.test_phase_abd_http.TestFaseACapacidadElastica" name="test_acepta_12_tiempo_20_min" time="0.736" /><testcase classname="tests.test_phase_abd_http.TestFaseACapacidadElastica" name="test_rechaza_7_no_multiplo_4" time="0.408" /><testcase classname="tests.test_phase_abd_http.TestFaseACapacidadElastica" name="test_rechaza_36_excede_32" time="0.476" /><testcase classname="tests.test_phase_abd_http.TestFaseACapacidadElastica" name="test_rechaza_tiempo_unidad_juegos" time="0.407" /><testcase classname="tests.test_phase_abd_http.TestFaseACapacidadElastica" name="test_sin_max_jugadores_default_8_por_cancha" time="0.470" /><testcase classname="tests.test_phase_abd_http.TestFaseACapacidadElastica" name="test_webp_compression_reduce_logo" time="0.558" /><testcase classname="tests.test_phase_abd_http.TestFaseBQR" name="test_share_info_devuelve_metadatos" time="0.600" /><testcase classname="tests.test_phase_abd_http.TestFaseBQR" name="test_qr_admin_devuelve_png" time="0.131" /><testcase classname="tests.test_phase_abd_http.TestFaseBQR" name="test_qr_admin_sin_auth_es_401" time="0.135" /><testcase classname="tests.test_phase_abd_http.TestFaseBQR" name="test_qr_publico_sin_auth_devuelve_png" time="0.137" /><testcase classname="tests.test_phase_abd_http.TestFaseBQR" name="test_qr_admin_inexistente_404" time="0.123" /><testcase classname="tests.test_phase_abd_http.TestFaseBQR" name="test_qr_publico_inexistente_404" time="0.237" /><testcase classname="tests.test_phase_abd_http.TestFaseDWaitlistPlayer" name="test_me_waitlist_vacia_inicialmente" time="0.627" /><testcase classname="tests.test_phase_abd_http.TestFaseDWaitlistPlayer" name="test_join_waitlist_y_me_waitlist" time="0.238" /><testcase classname="tests.test_phase_abd_http.TestFaseDWaitlistPlayer" name="test_me_waitlist_sin_token_401" time="0.110" /><testcase classname="tests.test_phase_abd_http.TestFaseDWaitlistPlayer" name="test_me_waitlist_admin_token_403" time="0.242" /><testcase classname="tests.test_phase_abd_http.TestRegresion" name="test_radar_responde" time="0.058" /><testcase classname="tests.test_phase_abd_http.TestRegresion" name="test_buscar_sin_query" time="0.057" /><testcase classname="tests.test_phase_abd_http.TestRegresion" name="test_buscar_con_query" time="0.061" /><testcase classname="tests.test_phase_abd_http.TestRegresion" name="test_list_retas_admin" time="0.060" /><testcase classname="tests.test_phase_abd_http.TestRegresion" name="test_mp_status_admin" time="0.054" /><testcase classname="tests.test_phase_abd_http.TestRegresion" name="test_crear_y_borrar_reta" time="0.166" /></testsuite></testsuites>