<?xml version="1.0" encoding="utf-8"?><testsuites name="pytest tests"><testsuite name="pytest" errors="0" failures="0" skipped="0" tests="4" time="2.279" timestamp="2026-06-09T16:51:26.032724+00:00" hostname="agent-env-6fcfc196-e04f-4efe-af9a-ddc6fdde71ea"><testcase classname="tests.test_iter39_anti_oversell_waitlist.TestAntiOversellMP" name="test_mp_full_returns_409_with_waitlist_message" time="0.637" /><testcase classname="tests.test_iter39_anti_oversell_waitlist.TestAntiOversellCupon" name="test_cupon_canjear_full_reta_returns_409" time="0.292" /><testcase classname="tests.test_iter39_anti_oversell_waitlist.TestWaitlistAfter409" name="test_join_waitlist_returns_position_ge_1" time="0.241" /><testcase classname="tests.test_iter39_anti_oversell_waitlist.TestRaceCondition" name="test_race_condition_only_one_wins" time="0.984" /></testsuite></testsuites>