<?xml version="1.0" encoding="utf-8"?><testsuites name="pytest tests"><testsuite name="pytest" errors="12" failures="1" skipped="0" tests="59" time="9.126" timestamp="2026-06-22T02:11:31.642754+00:00" hostname="agent-env-6fcfc196-e04f-4efe-af9a-ddc6fdde71ea"><testcase classname="backend.tests.test_iter44_chaos_destructive.TestAuthLoginFaultInjection" name="test_malformed_login[sql_injection]" time="0.375" /><testcase classname="backend.tests.test_iter44_chaos_destructive.TestAuthLoginFaultInjection" name="test_malformed_login[xss_payload]" time="0.055" /><testcase classname="backend.tests.test_iter44_chaos_destructive.TestAuthLoginFaultInjection" name="test_malformed_login[null_username]" time="0.048" /><testcase classname="backend.tests.test_iter44_chaos_destructive.TestAuthLoginFaultInjection" name="test_malformed_login[empty_string]" time="0.054" /><testcase classname="backend.tests.test_iter44_chaos_destructive.TestAuthLoginFaultInjection" name="test_malformed_login[huge_email]" time="0.066" /><testcase classname="backend.tests.test_iter44_chaos_destructive.TestAuthLoginFaultInjection" name="test_malformed_login[emoji_password]" time="0.296" /><testcase classname="backend.tests.test_iter44_chaos_destructive.TestAuthLoginFaultInjection" name="test_malformed_login[empty_body]" time="0.045" /><testcase classname="backend.tests.test_iter44_chaos_destructive.TestAuthLoginFaultInjection" name="test_non_json_body" time="0.140" /><testcase classname="backend.tests.test_iter44_chaos_destructive.TestAuthLoginFaultInjection" name="test_content_type_text_plain_with_json" time="0.114" /><testcase classname="backend.tests.test_iter44_chaos_destructive.TestOtpRequestFaultInjection" name="test_otp_request_malformed[zeros_phone]" time="0.052" /><testcase classname="backend.tests.test_iter44_chaos_destructive.TestOtpRequestFaultInjection" name="test_otp_request_malformed[letters_phone]" time="0.045" /><testcase classname="backend.tests.test_iter44_chaos_destructive.TestOtpRequestFaultInjection" name="test_otp_request_malformed[symbols_phone]" time="0.055" /><testcase classname="backend.tests.test_iter44_chaos_destructive.TestOtpRequestFaultInjection" name="test_otp_request_malformed[huge_phone]" time="0.048" /><testcase classname="backend.tests.test_iter44_chaos_destructive.TestOtpRequestFaultInjection" name="test_otp_request_malformed[sql_in_name]" time="0.494" /><testcase classname="backend.tests.test_iter44_chaos_destructive.TestOtpRequestFaultInjection" name="test_otp_request_malformed[xss_name]" time="0.296" /><testcase classname="backend.tests.test_iter44_chaos_destructive.TestOtpRequestFaultInjection" name="test_otp_request_malformed[null_name]" time="0.048" /><testcase classname="backend.tests.test_iter44_chaos_destructive.TestOtpRequestFaultInjection" name="test_otp_request_malformed[empty_name]" time="0.052" /><testcase classname="backend.tests.test_iter44_chaos_destructive.TestOtpRequestFaultInjection" name="test_otp_request_malformed[empty_body]" time="0.050" /><testcase classname="backend.tests.test_iter44_chaos_destructive.TestOtpVerifyFaultInjection" name="test_verify_invalid[zeros]" time="0.049" /><testcase classname="backend.tests.test_iter44_chaos_destructive.TestOtpVerifyFaultInjection" name="test_verify_invalid[letters]" time="0.053" /><testcase classname="backend.tests.test_iter44_chaos_destructive.TestOtpVerifyFaultInjection" name="test_verify_invalid[negative]" time="0.049" /><testcase classname="backend.tests.test_iter44_chaos_destructive.TestOtpVerifyFaultInjection" name="test_verify_invalid[empty]" time="0.050" /><testcase classname="backend.tests.test_iter44_chaos_destructive.TestOtpVerifyFaultInjection" name="test_verify_invalid[huge_code]" time="0.048" /><testcase classname="backend.tests.test_iter44_chaos_destructive.TestOtpVerifyFaultInjection" name="test_verify_invalid[emoji]" time="0.047" /><testcase classname="backend.tests.test_iter44_chaos_destructive.TestOtpVerifyFaultInjection" name="test_verify_invalid[null]" time="0.044" /><testcase classname="backend.tests.test_iter44_chaos_destructive.TestPublicRetasBuscarFaultInjection" name="test_buscar_malformed_params[lat_out_of_range]" time="0.050" /><testcase classname="backend.tests.test_iter44_chaos_destructive.TestPublicRetasBuscarFaultInjection" name="test_buscar_malformed_params[lat_non_numeric]" time="0.048" /><testcase classname="backend.tests.test_iter44_chaos_destructive.TestPublicRetasBuscarFaultInjection" name="test_buscar_malformed_params[emoji_query]" time="0.055" /><testcase classname="backend.tests.test_iter44_chaos_destructive.TestPublicRetasBuscarFaultInjection" name="test_buscar_malformed_params[huge_limit]" time="0.132" /><testcase classname="backend.tests.test_iter44_chaos_destructive.TestPublicRetasBuscarFaultInjection" name="test_buscar_malformed_params[negative_page]" time="0.121" /><testcase classname="backend.tests.test_iter44_chaos_destructive.TestPublicRetasBuscarFaultInjection" name="test_buscar_malformed_params[xss_in_query]" time="0.047" /><testcase classname="backend.tests.test_iter44_chaos_destructive.TestPublicRetasBuscarFaultInjection" name="test_buscar_malformed_params[sql_in_query]" time="0.047" /><testcase classname="backend.tests.test_iter44_chaos_destructive.TestPublicRetasBuscarFaultInjection" name="test_buscar_malformed_params[null_byte]" time="0.067"><failure message="AssertionError: [null_byte] CRASH 500: {&quot;detail&quot;:&quot;Ha ocurrido un error en el servidor.&quot;,&quot;reporte_id&quot;:&quot;ee322f30aae24aa780fc9ca182532679&quot;,&quot;mensaje_usuario&quot;:&quot;Ha ocurrido un error en el servidor. Reporte ID: ee322f30aae24aa780fc9ca182532679&quot;}&#10;assert 500 != 500&#10; +  where 500 = &lt;Response [500]&gt;.status_code">backend/tests/test_iter44_chaos_destructive.py:140: in test_buscar_malformed_params
    assert r.status_code != 500, f"[{name}] CRASH 500: {r.text[:400]}"
E   AssertionError: [null_byte] CRASH 500: {"detail":"Ha ocurrido un error en el servidor.","reporte_id":"ee322f30aae24aa780fc9ca182532679","mensaje_usuario":"Ha ocurrido un error en el servidor. Reporte ID: ee322f30aae24aa780fc9ca182532679"}
E   assert 500 != 500
E    +  where 500 = &lt;Response [500]&gt;.status_code</failure></testcase><testcase classname="backend.tests.test_iter44_chaos_destructive.TestPublicRetasBuscarFaultInjection" name="test_buscar_malformed_params[massive_query]" time="0.049" /><testcase classname="backend.tests.test_iter44_chaos_destructive.TestAdminRetaCreateFaultInjection" name="test_create_reta_malformed[empty_body-]" time="0.050"><error message="failed on setup with &quot;AssertionError: Admin login failed: 429 {&quot;detail&quot;:&quot;Demasiados intentos. Por favor espera unos minutos antes de volver a intentar.&quot;,&quot;retry_after_seconds&quot;:60}&#10;assert 429 == 200&#10; +  where 429 = &lt;Response [429]&gt;.status_code&quot;">backend/tests/test_iter44_chaos_destructive.py:36: in admin_token
    assert r.status_code == 200, f"Admin login failed: {r.status_code} {r.text[:200]}"
E   AssertionError: Admin login failed: 429 {"detail":"Demasiados intentos. Por favor espera unos minutos antes de volver a intentar.","retry_after_seconds":60}
E   assert 429 == 200
E    +  where 429 = &lt;Response [429]&gt;.status_code</error></testcase><testcase classname="backend.tests.test_iter44_chaos_destructive.TestAdminRetaCreateFaultInjection" name="test_create_reta_malformed[nulls_everywhere-]" time="0.000"><error message="failed on setup with &quot;AssertionError: Admin login failed: 429 {&quot;detail&quot;:&quot;Demasiados intentos. Por favor espera unos minutos antes de volver a intentar.&quot;,&quot;retry_after_seconds&quot;:60}&#10;assert 429 == 200&#10; +  where 429 = &lt;Response [429]&gt;.status_code&quot;">backend/tests/test_iter44_chaos_destructive.py:36: in admin_token
    assert r.status_code == 200, f"Admin login failed: {r.status_code} {r.text[:200]}"
E   AssertionError: Admin login failed: 429 {"detail":"Demasiados intentos. Por favor espera unos minutos antes de volver a intentar.","retry_after_seconds":60}
E   assert 429 == 200
E    +  where 429 = &lt;Response [429]&gt;.status_code</error></testcase><testcase classname="backend.tests.test_iter44_chaos_destructive.TestAdminRetaCreateFaultInjection" name="test_create_reta_malformed[negative_cost-]" time="0.000"><error message="failed on setup with &quot;AssertionError: Admin login failed: 429 {&quot;detail&quot;:&quot;Demasiados intentos. Por favor espera unos minutos antes de volver a intentar.&quot;,&quot;retry_after_seconds&quot;:60}&#10;assert 429 == 200&#10; +  where 429 = &lt;Response [429]&gt;.status_code&quot;">backend/tests/test_iter44_chaos_destructive.py:36: in admin_token
    assert r.status_code == 200, f"Admin login failed: {r.status_code} {r.text[:200]}"
E   AssertionError: Admin login failed: 429 {"detail":"Demasiados intentos. Por favor espera unos minutos antes de volver a intentar.","retry_after_seconds":60}
E   assert 429 == 200
E    +  where 429 = &lt;Response [429]&gt;.status_code</error></testcase><testcase classname="backend.tests.test_iter44_chaos_destructive.TestAdminRetaCreateFaultInjection" name="test_create_reta_malformed[huge_cost-]" time="0.000"><error message="failed on setup with &quot;AssertionError: Admin login failed: 429 {&quot;detail&quot;:&quot;Demasiados intentos. Por favor espera unos minutos antes de volver a intentar.&quot;,&quot;retry_after_seconds&quot;:60}&#10;assert 429 == 200&#10; +  where 429 = &lt;Response [429]&gt;.status_code&quot;">backend/tests/test_iter44_chaos_destructive.py:36: in admin_token
    assert r.status_code == 200, f"Admin login failed: {r.status_code} {r.text[:200]}"
E   AssertionError: Admin login failed: 429 {"detail":"Demasiados intentos. Por favor espera unos minutos antes de volver a intentar.","retry_after_seconds":60}
E   assert 429 == 200
E    +  where 429 = &lt;Response [429]&gt;.status_code</error></testcase><testcase classname="backend.tests.test_iter44_chaos_destructive.TestAdminRetaCreateFaultInjection" name="test_create_reta_malformed[zero_players-]" time="0.000"><error message="failed on setup with &quot;AssertionError: Admin login failed: 429 {&quot;detail&quot;:&quot;Demasiados intentos. Por favor espera unos minutos antes de volver a intentar.&quot;,&quot;retry_after_seconds&quot;:60}&#10;assert 429 == 200&#10; +  where 429 = &lt;Response [429]&gt;.status_code&quot;">backend/tests/test_iter44_chaos_destructive.py:36: in admin_token
    assert r.status_code == 200, f"Admin login failed: {r.status_code} {r.text[:200]}"
E   AssertionError: Admin login failed: 429 {"detail":"Demasiados intentos. Por favor espera unos minutos antes de volver a intentar.","retry_after_seconds":60}
E   assert 429 == 200
E    +  where 429 = &lt;Response [429]&gt;.status_code</error></testcase><testcase classname="backend.tests.test_iter44_chaos_destructive.TestAdminRetaCreateFaultInjection" name="test_create_reta_malformed[negative_players-]" time="0.000"><error message="failed on setup with &quot;AssertionError: Admin login failed: 429 {&quot;detail&quot;:&quot;Demasiados intentos. Por favor espera unos minutos antes de volver a intentar.&quot;,&quot;retry_after_seconds&quot;:60}&#10;assert 429 == 200&#10; +  where 429 = &lt;Response [429]&gt;.status_code&quot;">backend/tests/test_iter44_chaos_destructive.py:36: in admin_token
    assert r.status_code == 200, f"Admin login failed: {r.status_code} {r.text[:200]}"
E   AssertionError: Admin login failed: 429 {"detail":"Demasiados intentos. Por favor espera unos minutos antes de volver a intentar.","retry_after_seconds":60}
E   assert 429 == 200
E    +  where 429 = &lt;Response [429]&gt;.status_code</error></testcase><testcase classname="backend.tests.test_iter44_chaos_destructive.TestAdminRetaCreateFaultInjection" name="test_create_reta_malformed[empty_name-]" time="0.000"><error message="failed on setup with &quot;AssertionError: Admin login failed: 429 {&quot;detail&quot;:&quot;Demasiados intentos. Por favor espera unos minutos antes de volver a intentar.&quot;,&quot;retry_after_seconds&quot;:60}&#10;assert 429 == 200&#10; +  where 429 = &lt;Response [429]&gt;.status_code&quot;">backend/tests/test_iter44_chaos_destructive.py:36: in admin_token
    assert r.status_code == 200, f"Admin login failed: {r.status_code} {r.text[:200]}"
E   AssertionError: Admin login failed: 429 {"detail":"Demasiados intentos. Por favor espera unos minutos antes de volver a intentar.","retry_after_seconds":60}
E   assert 429 == 200
E    +  where 429 = &lt;Response [429]&gt;.status_code</error></testcase><testcase classname="backend.tests.test_iter44_chaos_destructive.TestAdminRetaCreateFaultInjection" name="test_create_reta_malformed[huge_name-]" time="0.000"><error message="failed on setup with &quot;AssertionError: Admin login failed: 429 {&quot;detail&quot;:&quot;Demasiados intentos. Por favor espera unos minutos antes de volver a intentar.&quot;,&quot;retry_after_seconds&quot;:60}&#10;assert 429 == 200&#10; +  where 429 = &lt;Response [429]&gt;.status_code&quot;">backend/tests/test_iter44_chaos_destructive.py:36: in admin_token
    assert r.status_code == 200, f"Admin login failed: {r.status_code} {r.text[:200]}"
E   AssertionError: Admin login failed: 429 {"detail":"Demasiados intentos. Por favor espera unos minutos antes de volver a intentar.","retry_after_seconds":60}
E   assert 429 == 200
E    +  where 429 = &lt;Response [429]&gt;.status_code</error></testcase><testcase classname="backend.tests.test_iter44_chaos_destructive.TestAdminRetaCreateFaultInjection" name="test_create_reta_malformed[invalid_date-]" time="0.000"><error message="failed on setup with &quot;AssertionError: Admin login failed: 429 {&quot;detail&quot;:&quot;Demasiados intentos. Por favor espera unos minutos antes de volver a intentar.&quot;,&quot;retry_after_seconds&quot;:60}&#10;assert 429 == 200&#10; +  where 429 = &lt;Response [429]&gt;.status_code&quot;">backend/tests/test_iter44_chaos_destructive.py:36: in admin_token
    assert r.status_code == 200, f"Admin login failed: {r.status_code} {r.text[:200]}"
E   AssertionError: Admin login failed: 429 {"detail":"Demasiados intentos. Por favor espera unos minutos antes de volver a intentar.","retry_after_seconds":60}
E   assert 429 == 200
E    +  where 429 = &lt;Response [429]&gt;.status_code</error></testcase><testcase classname="backend.tests.test_iter44_chaos_destructive.TestAdminRetaCreateFaultInjection" name="test_create_reta_malformed[emoji_name-]" time="0.000"><error message="failed on setup with &quot;AssertionError: Admin login failed: 429 {&quot;detail&quot;:&quot;Demasiados intentos. Por favor espera unos minutos antes de volver a intentar.&quot;,&quot;retry_after_seconds&quot;:60}&#10;assert 429 == 200&#10; +  where 429 = &lt;Response [429]&gt;.status_code&quot;">backend/tests/test_iter44_chaos_destructive.py:36: in admin_token
    assert r.status_code == 200, f"Admin login failed: {r.status_code} {r.text[:200]}"
E   AssertionError: Admin login failed: 429 {"detail":"Demasiados intentos. Por favor espera unos minutos antes de volver a intentar.","retry_after_seconds":60}
E   assert 429 == 200
E    +  where 429 = &lt;Response [429]&gt;.status_code</error></testcase><testcase classname="backend.tests.test_iter44_chaos_destructive.TestAdminRetaCreateFaultInjection" name="test_create_reta_malformed[xss_name-]" time="0.000"><error message="failed on setup with &quot;AssertionError: Admin login failed: 429 {&quot;detail&quot;:&quot;Demasiados intentos. Por favor espera unos minutos antes de volver a intentar.&quot;,&quot;retry_after_seconds&quot;:60}&#10;assert 429 == 200&#10; +  where 429 = &lt;Response [429]&gt;.status_code&quot;">backend/tests/test_iter44_chaos_destructive.py:36: in admin_token
    assert r.status_code == 200, f"Admin login failed: {r.status_code} {r.text[:200]}"
E   AssertionError: Admin login failed: 429 {"detail":"Demasiados intentos. Por favor espera unos minutos antes de volver a intentar.","retry_after_seconds":60}
E   assert 429 == 200
E    +  where 429 = &lt;Response [429]&gt;.status_code</error></testcase><testcase classname="backend.tests.test_iter44_chaos_destructive.TestInscribirmeFaultInjection" name="test_invalid_reta_id[not-a-uuid-garbage_string]" time="0.050" /><testcase classname="backend.tests.test_iter44_chaos_destructive.TestInscribirmeFaultInjection" name="test_invalid_reta_id[00000000-0000-0000-0000-000000000000-zero_uuid]" time="0.047" /><testcase classname="backend.tests.test_iter44_chaos_destructive.TestInscribirmeFaultInjection" name="test_invalid_reta_id[aaaaaaaaaaaaaaaaaaaaaaaaaaaaaaaaaaaaaaaaaaaaaaaaaaaaaaaaaaaaaaaaaaaaaaaaaaaaaaaaaaaaaaaaaaaaaaaaaaaaaaaaaaaaaaaaaaaaaaaaaaaaaaaaaaaaaaaaaaaaaaaaaaaaaaaaaaaaaaaaaaaaaaaaaaaaaaaaaaaaaaaaaaaaaaaaaaaaaaaaaaaaaaaaaaaaaaaaaaaaaaaaaaaaaaaaaaaaaaaaaaaaaaaaaaaaaaaaaaaaaaaaaaaaaaaaaaaaaaaaaaaaaaaaaaaaaaaaaaaaaaaaaaaaaaaaaaaaaaaaaaaaaaaaaaaaaaaaaaaaaaaaaaaaaaaaaaaaaaaaaaaaaaaaaaaaaaaaaaaaaaaaaaaaaaaaaaaaaaaaaaaaaaaaaaaaaaaaaaaaaaaaaaaaaaaaaaaaaaaaaaaaaaaaaaaaaaaaaaaaaaaaaaaaaaaaaaaaaaaaaaaaaaaaaaaaaaaaaaaa-huge_string]" time="0.055" /><testcase classname="backend.tests.test_iter44_chaos_destructive.TestInscribirmeFaultInjection" name="test_invalid_reta_id[../../etc/passwd-path_traversal]" time="0.063" /><testcase classname="backend.tests.test_iter44_chaos_destructive.TestInscribirmeFaultInjection" name="test_invalid_reta_id['; DROP TABLE---sql_injection]" time="0.051" /><testcase classname="backend.tests.test_iter44_chaos_destructive.TestInscribirmeFaultInjection" name="test_inscribirme_empty_id" time="0.047" /><testcase classname="backend.tests.test_iter44_chaos_destructive.TestInscribirmeFaultInjection" name="test_concurrent_inscription_anti_oversell" time="0.000"><error message="failed on setup with &quot;AssertionError: Admin login failed: 429 {&quot;detail&quot;:&quot;Demasiados intentos. Por favor espera unos minutos antes de volver a intentar.&quot;,&quot;retry_after_seconds&quot;:60}&#10;assert 429 == 200&#10; +  where 429 = &lt;Response [429]&gt;.status_code&quot;">backend/tests/test_iter44_chaos_destructive.py:36: in admin_token
    assert r.status_code == 200, f"Admin login failed: {r.status_code} {r.text[:200]}"
E   AssertionError: Admin login failed: 429 {"detail":"Demasiados intentos. Por favor espera unos minutos antes de volver a intentar.","retry_after_seconds":60}
E   assert 429 == 200
E    +  where 429 = &lt;Response [429]&gt;.status_code</error></testcase><testcase classname="backend.tests.test_iter44_chaos_destructive.TestMercadoPagoFaultInjection" name="test_oauth_callback_forged_state" time="0.053" /><testcase classname="backend.tests.test_iter44_chaos_destructive.TestMercadoPagoFaultInjection" name="test_oauth_start_no_token" time="0.055" /><testcase classname="backend.tests.test_iter44_chaos_destructive.TestMercadoPagoFaultInjection" name="test_oauth_start_expired_token" time="0.048" /><testcase classname="backend.tests.test_iter44_chaos_destructive.TestOpenAPI" name="test_openapi_schema" time="0.049" /><testcase classname="backend.tests.test_iter44_chaos_destructive.TestOpenAPI" name="test_root_openapi" time="0.960" /><testcase classname="backend.tests.test_iter44_chaos_destructive.TestRateLimitSpam" name="test_otp_spam_same_phone" time="2.151" /><testcase classname="backend.tests.test_iter44_chaos_destructive.TestRateLimitSpam" name="test_otp_verify_brute_force" time="2.020" /></testsuite></testsuites>