<?xml version="1.0" encoding="utf-8"?><testsuites name="pytest tests"><testsuite name="pytest" errors="0" failures="1" skipped="0" tests="30" time="6.116" timestamp="2026-05-30T01:30:01.363896+00:00" hostname="agent-env-6fcfc196-e04f-4efe-af9a-ddc6fdde71ea"><testcase classname="tests.test_iter36_e2e_full" name="test_1_1_otp_request_new" time="0.429" /><testcase classname="tests.test_iter36_e2e_full" name="test_1_2_otp_verify_wrong" time="0.054" /><testcase classname="tests.test_iter36_e2e_full" name="test_1_3_otp_verify_ok" time="0.062" /><testcase classname="tests.test_iter36_e2e_full" name="test_1_4_otp_second_login_same_user" time="1.227" /><testcase classname="tests.test_iter36_e2e_full" name="test_1_5_access_token_validity" time="0.142" /><testcase classname="tests.test_iter36_e2e_full" name="test_1_6_refresh_rotation_one_time" time="0.106" /><testcase classname="tests.test_iter36_e2e_full" name="test_1_7_sessions_list" time="0.050"><failure message="assert 0 &gt;= 1">tests/test_iter36_e2e_full.py:158: in test_1_7_sessions_list
    assert body["count"] &gt;= 1
E   assert 0 &gt;= 1</failure></testcase><testcase classname="tests.test_iter36_e2e_full" name="test_1_8_revoke_other_session" time="1.382" /><testcase classname="tests.test_iter36_e2e_full" name="test_1_9_public_search_no_secrets" time="0.082" /><testcase classname="tests.test_iter36_e2e_full" name="test_1_10_public_search_geo" time="0.053" /><testcase classname="tests.test_iter36_e2e_full" name="test_1_11_reta_detail_404" time="0.050" /><testcase classname="tests.test_iter36_e2e_full" name="test_2_1_admin_login_ok" time="0.293" /><testcase classname="tests.test_iter36_e2e_full" name="test_2_1b_admin_login_lockout" time="0.957" /><testcase classname="tests.test_iter36_e2e_full" name="test_2_3_create_reta" time="0.051" /><testcase classname="tests.test_iter36_e2e_full" name="test_2_4_admin_list_retas" time="0.078" /><testcase classname="tests.test_iter36_e2e_full" name="test_2_5_edit_reta" time="0.052" /><testcase classname="tests.test_iter36_e2e_full" name="test_2_7_reta_in_public_search" time="0.049" /><testcase classname="tests.test_iter36_e2e_full" name="test_2_8_inscripciones_empty" time="0.046" /><testcase classname="tests.test_iter36_e2e_full" name="test_2_11_admin_metrics" time="0.076" /><testcase classname="tests.test_iter36_e2e_full" name="test_2_12_export_csv" time="0.054" /><testcase classname="tests.test_iter36_e2e_full" name="test_2_13_security_logs" time="0.053" /><testcase classname="tests.test_iter36_e2e_full" name="test_2_14_security_stats" time="0.053" /><testcase classname="tests.test_iter36_e2e_full" name="test_2_16_delete_empty_reta" time="0.101" /><testcase classname="tests.test_iter36_e2e_full" name="test_3_3_player_cannot_access_admin" time="0.092" /><testcase classname="tests.test_iter36_e2e_full" name="test_3_1_checkout_individual" time="0.111" /><testcase classname="tests.test_iter36_e2e_full" name="test_5_1_jwt_tampering" time="0.046" /><testcase classname="tests.test_iter36_e2e_full" name="test_5_2_alg_none" time="0.048" /><testcase classname="tests.test_iter36_e2e_full" name="test_5_4_nosql_injection" time="0.048" /><testcase classname="tests.test_iter36_e2e_full" name="test_5_6_idor_player_me" time="0.049" /><testcase classname="tests.test_iter36_e2e_full" name="test_1_16_account_delete" time="0.055" /></testsuite></testsuites>