<?xml version="1.0" encoding="utf-8"?><testsuites name="pytest tests"><testsuite name="pytest" errors="0" failures="0" skipped="0" tests="16" time="3.835" timestamp="2026-05-28T01:48:12.601211+00:00" hostname="agent-env-6fcfc196-e04f-4efe-af9a-ddc6fdde71ea"><testcase classname="backend.tests.test_rol_preview.TestPreviewBasic" name="test_preview_returns_200_with_is_preview_flag" time="0.735" /><testcase classname="backend.tests.test_rol_preview.TestPreviewBasic" name="test_preview_with_reordered_list_returns_new_rol" time="0.264" /><testcase classname="backend.tests.test_rol_preview.TestPreviewValidation" name="test_duplicate_names_returns_422" time="0.100" /><testcase classname="backend.tests.test_rol_preview.TestPreviewValidation" name="test_jugadores_not_array_returns_422" time="0.144" /><testcase classname="backend.tests.test_rol_preview.TestPreviewValidation" name="test_jugadores_missing_returns_422" time="0.115" /><testcase classname="backend.tests.test_rol_preview.TestPreviewValidation" name="test_jugadores_with_non_string_element_returns_422" time="0.146" /><testcase classname="backend.tests.test_rol_preview.TestPreviewAuth" name="test_no_auth_returns_401_or_403" time="0.103" /><testcase classname="backend.tests.test_rol_preview.TestPreviewAuth" name="test_invalid_token_returns_401" time="0.130" /><testcase classname="backend.tests.test_rol_preview.TestPreviewPlaceholders" name="test_short_list_is_padded_with_placeholders" time="0.140" /><testcase classname="backend.tests.test_rol_preview.TestPreviewPlaceholders" name="test_empty_list_returns_full_placeholders" time="0.107" /><testcase classname="backend.tests.test_rol_preview.TestPreviewNoPersistence" name="test_preview_does_not_mutate_rol_persisted" time="0.368" /><testcase classname="backend.tests.test_rol_preview.TestRegressionExisting" name="test_get_rol_still_works" time="0.116" /><testcase classname="backend.tests.test_rol_preview.TestRegressionExisting" name="test_put_orden_still_works" time="0.467" /><testcase classname="backend.tests.test_rol_preview.TestRegressionExisting" name="test_capturar_resultado_y_borrar" time="0.364" /><testcase classname="backend.tests.test_rol_preview.TestRegressionExisting" name="test_preview_works_even_with_resultados_present" time="0.362" /><testcase classname="backend.tests.test_rol_preview.TestRegressionExisting" name="test_reta_not_found_returns_404" time="0.131" /></testsuite></testsuites>