<?xml version="1.0" encoding="utf-8"?><testsuites name="pytest tests"><testsuite name="pytest" errors="0" failures="0" skipped="0" tests="10" time="3.220" timestamp="2026-05-29T23:20:45.589176+00:00" hostname="agent-env-6fcfc196-e04f-4efe-af9a-ddc6fdde71ea"><testcase classname="backend.tests.test_iter33_cookie_path.TestCookiePathAdmin" name="test_admin_login_web_sets_cookie_with_path_api" time="0.566" /><testcase classname="backend.tests.test_iter33_cookie_path.TestCookiePathAdmin" name="test_admin_logout_clears_cookie" time="0.129" /><testcase classname="backend.tests.test_iter33_cookie_path.TestCookiePathPlayer" name="test_player_verify_web_sets_cookie_with_path_api" time="0.467" /><testcase classname="backend.tests.test_iter33_cookie_path.TestCookiePathPlayer" name="test_player_sessions_endpoint_returns_is_current_true" time="0.137" /><testcase classname="backend.tests.test_iter33_cookie_path.TestSmokeRegression" name="test_admin_login_returns_access_token" time="0.364" /><testcase classname="backend.tests.test_iter33_cookie_path.TestSmokeRegression" name="test_admin_refresh_with_cookie_web" time="0.540" /><testcase classname="backend.tests.test_iter33_cookie_path.TestSmokeRegression" name="test_admin_revoke_all_sessions" time="0.449" /><testcase classname="backend.tests.test_iter33_cookie_path.TestSmokeRegression" name="test_player_delete_me_with_cookie" time="0.118" /><testcase classname="backend.tests.test_iter33_cookie_path.TestWebhookMP" name="test_webhook_mp_rejects_missing_signature" time="0.123" /><testcase classname="backend.tests.test_iter33_cookie_path.TestWebhookMP" name="test_webhook_mp_rejects_invalid_signature" time="0.219" /></testsuite></testsuites>