<?xml version="1.0" encoding="utf-8"?><testsuites name="pytest tests"><testsuite name="pytest" errors="0" failures="0" skipped="0" tests="9" time="2.910" timestamp="2026-06-09T17:08:25.800307+00:00" hostname="agent-env-6fcfc196-e04f-4efe-af9a-ddc6fdde71ea"><testcase classname="backend.tests.test_iter40_tie_breaker_engine.TestStandingsCriterios" name="test_criterio_A_orders_by_DG_then_GF" time="0.001" /><testcase classname="backend.tests.test_iter40_tie_breaker_engine.TestStandingsCriterios" name="test_criterio_B_orders_by_DG_only" time="0.000" /><testcase classname="backend.tests.test_iter40_tie_breaker_engine.TestStandingsCriterios" name="test_criterio_C_orders_by_ratio" time="0.000" /><testcase classname="backend.tests.test_iter40_tie_breaker_engine.TestStandingsCriterios" name="test_criterio_B_vs_A_diverge_when_DG_equal_and_GF_differs" time="0.000" /><testcase classname="backend.tests.test_iter40_tie_breaker_engine.TestEndpointCriterioC" name="test_clasificacion_with_criterio_C" time="0.972" /><testcase classname="backend.tests.test_iter40_tie_breaker_engine.TestRetroCompatDefaultA" name="test_default_criterio_is_A" time="0.494" /><testcase classname="backend.tests.test_iter40_tie_breaker_engine.TestEndpointCriterioB" name="test_criterio_B_uses_only_DG" time="0.363" /><testcase classname="backend.tests.test_iter40_tie_breaker_engine.TestPublicTableRespectsCriterio" name="test_public_tabla_with_criterio_B" time="0.419" /><testcase classname="backend.tests.test_iter40_tie_breaker_engine.TestPublicTableRespectsCriterio" name="test_public_tabla_with_criterio_C" time="0.575" /></testsuite></testsuites>