<?xml version="1.0" encoding="utf-8"?><testsuites name="pytest tests"><testsuite name="pytest" errors="0" failures="0" skipped="0" tests="21" time="4.012" timestamp="2026-05-30T01:07:39.699858+00:00" hostname="agent-env-6fcfc196-e04f-4efe-af9a-ddc6fdde71ea"><testcase classname="tests.test_iter35_full_audit.TestAuthAdmin" name="test_login_success" time="0.563" /><testcase classname="tests.test_iter35_full_audit.TestAuthAdmin" name="test_jwt_15min_exp" time="0.000" /><testcase classname="tests.test_iter35_full_audit.TestAuthAdmin" name="test_login_wrong_password_no_user_enumeration" time="0.338" /><testcase classname="tests.test_iter35_full_audit.TestRefreshRotation" name="test_refresh_rotation_and_reuse_detection" time="0.109" /><testcase classname="tests.test_iter35_full_audit.TestOtpFlow" name="test_otp_returns_player_token" time="0.395" /><testcase classname="tests.test_iter35_full_audit.TestOtpFlow" name="test_player_me_works" time="0.054" /><testcase classname="tests.test_iter35_full_audit.TestOtpFlow" name="test_player_security_activity_scoped_to_self" time="0.049" /><testcase classname="tests.test_iter35_full_audit.TestLogout" name="test_logout_revokes_refresh" time="0.418" /><testcase classname="tests.test_iter35_full_audit.TestRetasPublic" name="test_buscar_public_open" time="0.083" /><testcase classname="tests.test_iter35_full_audit.TestRetasPublic" name="test_buscar_geo" time="0.072" /><testcase classname="tests.test_iter35_full_audit.TestRetasAdminCRUD" name="test_create_reta_requires_auth" time="0.057" /><testcase classname="tests.test_iter35_full_audit.TestRetasAdminCRUD" name="test_admin_security_logs" time="0.066" /><testcase classname="tests.test_iter35_full_audit.TestSecurityNoSQL" name="test_nosql_injection_login_blocked" time="0.055" /><testcase classname="tests.test_iter35_full_audit.TestSecurityRateLimit" name="test_otp_rate_limit" time="0.993" /><testcase classname="tests.test_iter35_full_audit.TestSecurityCORS" name="test_cors_with_wildcard_no_credentials" time="0.068" /><testcase classname="tests.test_iter35_full_audit.TestSecurityWebhook" name="test_webhook_no_signature_401" time="0.103" /><testcase classname="tests.test_iter35_full_audit.TestSecurityWebhook" name="test_webhook_invalid_signature_401" time="0.061" /><testcase classname="tests.test_iter35_full_audit.TestSecurityWebhook" name="test_webhook_valid_signature_accepted" time="0.239" /><testcase classname="tests.test_iter35_full_audit.TestSecurityHeaders" name="test_security_headers_present" time="0.056" /><testcase classname="tests.test_iter35_full_audit.TestAuthHeaderLeak" name="test_public_retas_no_sensitive_fields" time="0.099" /><testcase classname="tests.test_iter35_full_audit.TestDataIntegrity" name="test_db_indices" time="0.007" /></testsuite></testsuites>