<?xml version="1.0" encoding="utf-8"?><testsuites name="pytest tests"><testsuite name="pytest" errors="0" failures="0" skipped="0" tests="37" time="12.564" timestamp="2026-05-29T15:32:45.466169+00:00" hostname="agent-env-6fcfc196-e04f-4efe-af9a-ddc6fdde71ea"><testcase classname="tests.test_fase_b_soporte" name="test_alertar_organizador_registra_alerta" time="0.558" /><testcase classname="tests.test_fase_b_soporte" name="test_alertar_organizador_motivo_corto" time="0.058" /><testcase classname="tests.test_fase_b_soporte" name="test_alertar_organizador_rate_limit" time="0.116" /><testcase classname="tests.test_fase_b_soporte" name="test_alertar_organizador_slug_inexistente" time="0.063" /><testcase classname="tests.test_fase_b_soporte" name="test_reportar_ausencia_marca_inscripcion" time="0.194" /><testcase classname="tests.test_fase_b_soporte" name="test_admin_inbox_alertas" time="0.061" /><testcase classname="tests.test_fase_b_soporte" name="test_admin_marcar_alerta_leida" time="0.219" /><testcase classname="tests.test_fase_b_soporte" name="test_admin_get_me" time="0.060" /><testcase classname="tests.test_fase_b_soporte" name="test_admin_set_whatsapp" time="0.257" /><testcase classname="tests.test_fase_b_soporte" name="test_inscripcion_inline_edit" time="0.125" /><testcase classname="tests.test_fase_b_soporte" name="test_inscripcion_inline_cancha_invalida" time="0.127" /><testcase classname="tests.test_fase_b_soporte" name="test_inscripcion_inline_no_auth" time="0.065" /><testcase classname="tests.test_fase_b_soporte" name="test_confirmar_manual_aprueba" time="0.179" /><testcase classname="tests.test_clubes_smart" name="test_buscar_por_texto" time="0.151" /><testcase classname="tests.test_clubes_smart" name="test_buscar_por_geo_orden_haversine" time="0.051" /><testcase classname="tests.test_clubes_smart" name="test_buscar_no_encontrado" time="0.050" /><testcase classname="tests.test_clubes_smart" name="test_create_reta_con_club_id_existente" time="0.372" /><testcase classname="tests.test_clubes_smart" name="test_create_reta_enriquecimiento_silencioso" time="0.099" /><testcase classname="tests.test_clubes_smart" name="test_create_reta_dedupe_club" time="0.105" /><testcase classname="tests.test_clubes_smart" name="test_get_reta_publica_expone_geo" time="0.053" /><testcase classname="tests.test_clubes_smart" name="test_get_reta_publica_sin_geo" time="0.057" /><testcase classname="tests.test_clubes_smart" name="test_race_condition_misma_creacion" time="0.156" /><testcase classname="tests.test_clubes_smart" name="test_buscar_con_caracteres_especiales" time="0.265" /><testcase classname="tests.test_clubes_smart" name="test_buscar_geo_invalido" time="0.053" /><testcase classname="tests.test_clubes_smart" name="test_update_reta_re_enriquece" time="0.113" /><testcase classname="tests.test_clubes_smart" name="test_zz_cleanup" time="0.434" /><testcase classname="tests.test_phase_a_rsvp" name="test_aceptar_con_cupo" time="0.967" /><testcase classname="tests.test_phase_a_rsvp" name="test_idempotencia_mismo_telefono" time="0.620" /><testcase classname="tests.test_phase_a_rsvp" name="test_llenado_va_a_lista_espera" time="0.972" /><testcase classname="tests.test_phase_a_rsvp" name="test_rechazar_libera_y_promueve" time="1.159" /><testcase classname="tests.test_phase_a_rsvp" name="test_rechazar_sin_previo_aceptado" time="0.400" /><testcase classname="tests.test_phase_a_rsvp" name="test_rsvp_rejects_paga_reta" time="0.485" /><testcase classname="tests.test_phase_a_rsvp" name="test_admin_asistencia_columnas" time="1.107" /><testcase classname="tests.test_phase_a_rsvp" name="test_patch_estatus_libera_y_promueve" time="1.073" /><testcase classname="tests.test_phase_a_rsvp" name="test_patch_acceptar_en_llena_409" time="1.032" /><testcase classname="tests.test_phase_a_rsvp" name="test_regresion_paga_checkout_mp_no_rota" time="0.438" /><testcase classname="tests.test_phase_a_rsvp" name="test_admin_endpoints_require_auth" time="0.231" /></testsuite></testsuites>