<?xml version="1.0" encoding="utf-8"?><testsuites name="pytest tests"><testsuite name="pytest" errors="0" failures="0" skipped="0" tests="22" time="7.597" timestamp="2026-05-28T00:01:27.325392+00:00" hostname="agent-env-6fcfc196-e04f-4efe-af9a-ddc6fdde71ea"><testcase classname="tests.test_phase_c_realtime.TestStandingsCascade" name="test_orden_estricto_PG_DG_GF" time="0.000" /><testcase classname="tests.test_phase_c_realtime.TestStandingsCascade" name="test_empate_tecnico_4_4" time="0.000" /><testcase classname="tests.test_phase_c_realtime.TestStandingsCascade" name="test_alias_E_es_empate" time="0.000" /><testcase classname="tests.test_phase_c_realtime.TestStandingsCascade" name="test_defensa_score_sin_ganador" time="0.000" /><testcase classname="tests.test_phase_c_realtime.TestStandingsCascade" name="test_ignora_resultados_malformados" time="0.000" /><testcase classname="tests.test_phase_c_realtime.TestStandingsCascade" name="test_efectividad_calculada" time="0.000" /><testcase classname="tests.test_phase_c_realtime.TestResultadoUpsert" name="test_post_basico_inserta_y_devuelve" time="0.949" /><testcase classname="tests.test_phase_c_realtime.TestResultadoUpsert" name="test_rechaza_self_play" time="0.327" /><testcase classname="tests.test_phase_c_realtime.TestResultadoUpsert" name="test_rechaza_pareja_duplicada" time="0.314" /><testcase classname="tests.test_phase_c_realtime.TestResultadoUpsert" name="test_upsert_idempotente" time="0.477" /><testcase classname="tests.test_phase_c_realtime.TestResultadoUpsert" name="test_sin_admin_token_403" time="0.307" /><testcase classname="tests.test_phase_c_realtime.TestResultadoUpsert" name="test_player_no_puede_capturar" time="0.343" /><testcase classname="tests.test_phase_c_realtime.TestResultadoDelete" name="test_delete_resultado_admin" time="0.579" /><testcase classname="tests.test_phase_c_realtime.TestClasificacionAuth" name="test_sin_token_401" time="0.353" /><testcase classname="tests.test_phase_c_realtime.TestClasificacionAuth" name="test_admin_token_ok" time="0.318" /><testcase classname="tests.test_phase_c_realtime.TestClasificacionAuth" name="test_player_sin_inscripcion_403" time="0.332" /><testcase classname="tests.test_phase_c_realtime.TestClasificacionAuth" name="test_player_inscripcion_pendiente_403" time="0.435" /><testcase classname="tests.test_phase_c_realtime.TestClasificacionAuth" name="test_player_aprobado_ok" time="0.805" /><testcase classname="tests.test_phase_c_realtime.TestWebsocketRealtime" name="test_ws_sin_token_cierra_403" time="0.378" /><testcase classname="tests.test_phase_c_realtime.TestWebsocketRealtime" name="test_ws_admin_recibe_hello" time="0.411" /><testcase classname="tests.test_phase_c_realtime.TestWebsocketRealtime" name="test_ws_recibe_broadcast_post" time="0.711" /><testcase classname="tests.test_phase_c_realtime.TestWebsocketRealtime" name="test_ws_ping_pong" time="0.459" /></testsuite></testsuites>