<?xml version="1.0" encoding="utf-8"?><testsuites name="pytest tests"><testsuite name="pytest" errors="0" failures="0" skipped="0" tests="8" time="0.038" timestamp="2026-08-04T22:19:54.547075+00:00" hostname="agent-env-6fcfc196-e04f-4efe-af9a-ddc6fdde71ea"><testcase classname="backend.tests.test_iter52_google_verification.TestGoogleVerificationEndpoint" name="test_correct_filename_returns_200_with_exact_body" time="0.004" /><testcase classname="backend.tests.test_iter52_google_verification.TestGoogleVerificationEndpoint" name="test_wrong_google_filename_returns_404" time="0.002" /><testcase classname="backend.tests.test_iter52_google_verification.TestGoogleVerificationEndpoint" name="test_random_path_returns_404_no_catchall" time="0.002" /><testcase classname="backend.tests.test_iter52_google_verification.TestGoogleVerificationEndpoint" name="test_env_driven_config_uses_getenv" time="0.000" /><testcase classname="backend.tests.test_iter52_google_verification.TestWellKnownRegression" name="test_apple_aasa_still_200" time="0.002" /><testcase classname="backend.tests.test_iter52_google_verification.TestWellKnownRegression" name="test_android_assetlinks_still_200" time="0.002" /><testcase classname="backend.tests.test_iter52_google_verification.TestApiRouteIntegrity" name="test_api_root_still_returns_200" time="0.002" /><testcase classname="backend.tests.test_iter52_google_verification.TestFrontendPublicFile" name="test_public_file_exists_with_correct_content" time="0.000" /></testsuite></testsuites>