<?xml version="1.0" encoding="utf-8"?><testsuites name="pytest tests"><testsuite name="pytest" errors="0" failures="6" skipped="2" tests="89" time="26.707" timestamp="2026-05-29T18:07:06.584131+00:00" hostname="agent-env-6fcfc196-e04f-4efe-af9a-ddc6fdde71ea"><testcase classname="backend.tests.test_api_padelappretas.TestAuth" name="test_login_success" time="0.530" /><testcase classname="backend.tests.test_api_padelappretas.TestAuth" name="test_login_bad_password" time="0.276" /><testcase classname="backend.tests.test_api_padelappretas.TestAuth" name="test_me_returns_admin" time="0.319" /><testcase classname="backend.tests.test_api_padelappretas.TestAuth" name="test_me_requires_token" time="0.050" /><testcase classname="backend.tests.test_api_padelappretas.TestRetas" name="test_create_reta_sets_max_jugadores_8x_canchas" time="0.169" /><testcase classname="backend.tests.test_api_padelappretas.TestRetas" name="test_list_retas_has_semaforo" time="0.196" /><testcase classname="backend.tests.test_api_padelappretas.TestRadar" name="test_radar_includes_close_excludes_far" time="0.276" /><testcase classname="backend.tests.test_api_padelappretas.TestPublicDetail" name="test_get_reta_by_slug" time="0.155" /><testcase classname="backend.tests.test_api_padelappretas.TestCheckoutFlow" name="test_checkout_creates_pendiente_with_lock" time="0.156"><failure message="AssertionError: {&quot;detail&quot;:[{&quot;type&quot;:&quot;value_error&quot;,&quot;loc&quot;:[&quot;body&quot;,&quot;telefono&quot;],&quot;msg&quot;:&quot;Value error, Teléfono inválido. Usa formato internacional con +. Ejemplo: +5215512345678&quot;,&quot;input&quot;:&quot;+521TEST10000001&quot;,&quot;ctx&quot;:{&quot;error&quot;:{}},&quot;url&quot;:&quot;https://errors.pydantic.dev/2.13/v/value_error&quot;}]}&#10;assert 422 == 200&#10; +  where 422 = &lt;Response [422]&gt;.status_code">backend/tests/test_api_padelappretas.py:158: in test_checkout_creates_pendiente_with_lock
    assert r.status_code == 200, r.text
E   AssertionError: {"detail":[{"type":"value_error","loc":["body","telefono"],"msg":"Value error, Teléfono inválido. Usa formato internacional con +. Ejemplo: +5215512345678","input":"+521TEST10000001","ctx":{"error":{}},"url":"https://errors.pydantic.dev/2.13/v/value_error"}]}
E   assert 422 == 200
E    +  where 422 = &lt;Response [422]&gt;.status_code</failure></testcase><testcase classname="backend.tests.test_api_padelappretas.TestCheckoutFlow" name="test_fill_reta_to_rojo_and_409" time="0.165"><failure message="AssertionError: Checkout 0 failed: {&quot;detail&quot;:[{&quot;type&quot;:&quot;value_error&quot;,&quot;loc&quot;:[&quot;body&quot;,&quot;telefono&quot;],&quot;msg&quot;:&quot;Value error, Teléfono inválido. Usa formato internacional con +. Ejemplo: +5215512345678&quot;,&quot;input&quot;:&quot;+521TEST20000000&quot;,&quot;ctx&quot;:{&quot;error&quot;:{}},&quot;url&quot;:&quot;https://errors.pydantic.dev/2.13/v/value_error&quot;}]}&#10;assert 422 == 200&#10; +  where 422 = &lt;Response [422]&gt;.status_code">backend/tests/test_api_padelappretas.py:185: in test_fill_reta_to_rojo_and_409
    assert r.status_code == 200, f"Checkout {i} failed: {r.text}"
E   AssertionError: Checkout 0 failed: {"detail":[{"type":"value_error","loc":["body","telefono"],"msg":"Value error, Teléfono inválido. Usa formato internacional con +. Ejemplo: +5215512345678","input":"+521TEST20000000","ctx":{"error":{}},"url":"https://errors.pydantic.dev/2.13/v/value_error"}]}
E   assert 422 == 200
E    +  where 422 = &lt;Response [422]&gt;.status_code</failure></testcase><testcase classname="backend.tests.test_api_padelappretas.TestWaitlist" name="test_waitlist_positions_and_promotion" time="0.169"><failure message="assert 422 == 200&#10; +  where 422 = &lt;Response [422]&gt;.status_code">backend/tests/test_api_padelappretas.py:231: in test_waitlist_positions_and_promotion
    assert r.status_code == 200
E   assert 422 == 200
E    +  where 422 = &lt;Response [422]&gt;.status_code</failure></testcase><testcase classname="backend.tests.test_api_padelappretas.TestPDF" name="test_generate_pdf_binary" time="0.323" /><testcase classname="backend.tests.test_api_padelappretas.TestPlayerStats" name="test_stats_unknown_player_returns_defaults" time="0.050" /><testcase classname="backend.tests.test_api_padelappretas.TestPlayerStats" name="test_stats_known_player_no_results_yet" time="0.159"><failure message="KeyError: 'id'">backend/tests/test_api_padelappretas.py:322: in test_stats_known_player_no_results_yet
    json={"inscripcion_id": ins["id"], "status": "approved"},
                            ^^^^^^^^^
E   KeyError: 'id'</failure></testcase><testcase classname="backend.tests.test_api_padelappretas.TestPlayerStats" name="test_stats_real_efectividad_from_resultados" time="0.181"><failure message="KeyError: 'id'">backend/tests/test_api_padelappretas.py:348: in test_stats_real_efectividad_from_resultados
    json={"inscripcion_id": ins["id"], "status": "approved"},
                            ^^^^^^^^^
E   KeyError: 'id'</failure></testcase><testcase classname="backend.tests.test_api_padelappretas.TestRol" name="test_get_rol_returns_round_robin" time="0.151" /><testcase classname="backend.tests.test_api_padelappretas.TestRol" name="test_get_rol_requires_auth" time="0.049" /><testcase classname="backend.tests.test_api_padelappretas.TestResultados" name="test_post_resultado_calcula_ganador_A" time="0.152" /><testcase classname="backend.tests.test_api_padelappretas.TestResultados" name="test_post_resultado_calcula_ganador_B_y_empate" time="0.200" /><testcase classname="backend.tests.test_api_padelappretas.TestResultados" name="test_post_resultado_idempotente_upsert" time="0.254" /><testcase classname="backend.tests.test_api_padelappretas.TestResultados" name="test_get_resultados_ordenado" time="0.371" /><testcase classname="backend.tests.test_api_padelappretas.TestResultados" name="test_post_validations_cancha_ronda_pareja" time="0.317" /><testcase classname="backend.tests.test_api_padelappretas.TestTabla" name="test_tabla_ordering_y_puntos" time="0.448" /><testcase classname="backend.tests.test_api_padelappretas.TestTabla" name="test_tabla_publica_sin_auth" time="0.287" /><testcase classname="backend.tests.test_api_padelappretas.TestTabla" name="test_tabla_reta_inexistente_404" time="0.171" /><testcase classname="backend.tests.test_phase_a_rsvp" name="test_aceptar_con_cupo" time="1.098" /><testcase classname="backend.tests.test_phase_a_rsvp" name="test_idempotencia_mismo_telefono" time="0.716" /><testcase classname="backend.tests.test_phase_a_rsvp" name="test_llenado_va_a_lista_espera" time="0.895" /><testcase classname="backend.tests.test_phase_a_rsvp" name="test_rechazar_libera_y_promueve" time="1.287" /><testcase classname="backend.tests.test_phase_a_rsvp" name="test_rechazar_sin_previo_aceptado" time="0.480" /><testcase classname="backend.tests.test_phase_a_rsvp" name="test_rsvp_rejects_paga_reta" time="0.841" /><testcase classname="backend.tests.test_phase_a_rsvp" name="test_admin_asistencia_columnas" time="1.121" /><testcase classname="backend.tests.test_phase_a_rsvp" name="test_patch_estatus_libera_y_promueve" time="1.127" /><testcase classname="backend.tests.test_phase_a_rsvp" name="test_patch_acceptar_en_llena_409" time="1.053" /><testcase classname="backend.tests.test_phase_a_rsvp" name="test_regresion_paga_checkout_mp_no_rota" time="0.467" /><testcase classname="backend.tests.test_phase_a_rsvp" name="test_admin_endpoints_require_auth" time="0.222" /><testcase classname="backend.tests.test_fase_b_soporte" name="test_alertar_organizador_registra_alerta" time="0.432" /><testcase classname="backend.tests.test_fase_b_soporte" name="test_alertar_organizador_motivo_corto" time="0.060" /><testcase classname="backend.tests.test_fase_b_soporte" name="test_alertar_organizador_rate_limit" time="0.103" /><testcase classname="backend.tests.test_fase_b_soporte" name="test_alertar_organizador_slug_inexistente" time="0.053" /><testcase classname="backend.tests.test_fase_b_soporte" name="test_reportar_ausencia_marca_inscripcion" time="0.160" /><testcase classname="backend.tests.test_fase_b_soporte" name="test_admin_inbox_alertas" time="0.052" /><testcase classname="backend.tests.test_fase_b_soporte" name="test_admin_marcar_alerta_leida" time="0.169" /><testcase classname="backend.tests.test_fase_b_soporte" name="test_admin_get_me" time="0.060" /><testcase classname="backend.tests.test_fase_b_soporte" name="test_admin_set_whatsapp" time="0.200" /><testcase classname="backend.tests.test_fase_b_soporte" name="test_inscripcion_inline_edit" time="0.105" /><testcase classname="backend.tests.test_fase_b_soporte" name="test_inscripcion_inline_cancha_invalida" time="0.101" /><testcase classname="backend.tests.test_fase_b_soporte" name="test_inscripcion_inline_no_auth" time="0.051" /><testcase classname="backend.tests.test_fase_b_soporte" name="test_confirmar_manual_aprueba" time="0.165" /><testcase classname="backend.tests.test_fase_b_soporte" name="test_confirmar_manual_idempotente" time="0.212" /><testcase classname="backend.tests.test_fase_c_blindaje" name="test_inline_edit_bloqueado_si_pasada" time="0.529"><skipped type="pytest.skip" message="Checkout falló en reta pasada (esperable): 403">/app/backend/tests/test_fase_c_blindaje.py:112: Checkout falló en reta pasada (esperable): 403</skipped></testcase><testcase classname="backend.tests.test_fase_c_blindaje" name="test_confirmar_manual_bloqueado_si_pasada" time="0.156"><skipped type="pytest.skip" message="Checkout falló — backend ya bloquea retas pasadas">/app/backend/tests/test_fase_c_blindaje.py:135: Checkout falló — backend ya bloquea retas pasadas</skipped></testcase><testcase classname="backend.tests.test_fase_c_blindaje" name="test_rsvp_aceptar_bloqueado_si_pasada" time="0.154" /><testcase classname="backend.tests.test_fase_c_blindaje" name="test_inline_edit_funciona_si_futura" time="0.217" /><testcase classname="backend.tests.test_fase_c_blindaje" name="test_helper_is_reta_cerrada" time="0.221" /><testcase classname="backend.tests.test_fase_c_checkout_guards" name="test_checkout_mock_bloqueado_si_pasada" time="0.516" /><testcase classname="backend.tests.test_fase_c_checkout_guards" name="test_checkout_stripe_bloqueado_si_pasada" time="0.165" /><testcase classname="backend.tests.test_fase_c_checkout_guards" name="test_checkout_mp_bloqueado_si_pasada" time="0.171" /><testcase classname="backend.tests.test_fase_c_checkout_guards" name="test_patch_estatus_bloqueado_si_pasada" time="0.217" /><testcase classname="backend.tests.test_fase_c_checkout_guards" name="test_checkout_mock_funciona_si_futura" time="0.163" /><testcase classname="backend.tests.test_clubes_smart" name="test_buscar_por_texto" time="0.117" /><testcase classname="backend.tests.test_clubes_smart" name="test_buscar_por_geo_orden_haversine" time="0.056" /><testcase classname="backend.tests.test_clubes_smart" name="test_buscar_no_encontrado" time="0.048" /><testcase classname="backend.tests.test_clubes_smart" name="test_create_reta_con_club_id_existente" time="0.381" /><testcase classname="backend.tests.test_clubes_smart" name="test_create_reta_enriquecimiento_silencioso" time="0.105" /><testcase classname="backend.tests.test_clubes_smart" name="test_create_reta_dedupe_club" time="0.104" /><testcase classname="backend.tests.test_clubes_smart" name="test_get_reta_publica_expone_geo" time="0.058" /><testcase classname="backend.tests.test_clubes_smart" name="test_get_reta_publica_sin_geo" time="0.050" /><testcase classname="backend.tests.test_clubes_smart" name="test_race_condition_misma_creacion" time="0.131" /><testcase classname="backend.tests.test_clubes_smart" name="test_buscar_con_caracteres_especiales" time="0.292" /><testcase classname="backend.tests.test_clubes_smart" name="test_buscar_geo_invalido" time="0.057" /><testcase classname="backend.tests.test_clubes_smart" name="test_update_reta_re_enriquece" time="0.124" /><testcase classname="backend.tests.test_clubes_smart" name="test_zz_cleanup" time="0.476" /><testcase classname="backend.tests.test_dashboard_refund_player_auth.TestAdminMetrics" name="test_metrics_requires_auth" time="0.048" /><testcase classname="backend.tests.test_dashboard_refund_player_auth.TestAdminMetrics" name="test_metrics_rejects_player_token" time="0.457" /><testcase classname="backend.tests.test_dashboard_refund_player_auth.TestAdminMetrics" name="test_metrics_schema_and_ordering" time="0.284" /><testcase classname="backend.tests.test_dashboard_refund_player_auth.TestRefundEndpoint" name="test_refund_requires_auth" time="0.052" /><testcase classname="backend.tests.test_dashboard_refund_player_auth.TestRefundEndpoint" name="test_refund_404_for_missing_inscripcion" time="0.152" /><testcase classname="backend.tests.test_dashboard_refund_player_auth.TestRefundEndpoint" name="test_refund_400_when_not_aprobado" time="0.214" /><testcase classname="backend.tests.test_dashboard_refund_player_auth.TestRefundEndpoint" name="test_refund_success_no_payment_intent_local_path" time="0.284" /><testcase classname="backend.tests.test_dashboard_refund_player_auth.TestRefundEndpoint" name="test_refund_idempotent_returns_404_second_time" time="0.321" /><testcase classname="backend.tests.test_dashboard_refund_player_auth.TestRefundEndpoint" name="test_refund_promotes_waitlist" time="1.094"><failure message="assert False is True">backend/tests/test_dashboard_refund_player_auth.py:300: in test_refund_promotes_waitlist
    assert r.json()["promoted"] is True
E   assert False is True</failure></testcase><testcase classname="backend.tests.test_dashboard_refund_player_auth.TestPlayerOtp" name="test_otp_request_creates_record_and_lazy_user" time="0.271" /><testcase classname="backend.tests.test_dashboard_refund_player_auth.TestPlayerOtp" name="test_otp_verify_wrong_code_increments_intentos" time="0.573" /><testcase classname="backend.tests.test_dashboard_refund_player_auth.TestPlayerOtp" name="test_otp_verify_expired_returns_410" time="0.237" /><testcase classname="backend.tests.test_dashboard_refund_player_auth.TestPlayerOtp" name="test_otp_full_success_flow" time="0.270" /><testcase classname="backend.tests.test_dashboard_refund_player_auth.TestPlayerOtp" name="test_player_me_requires_auth_and_rejects_admin" time="0.096" /><testcase classname="backend.tests.test_dashboard_refund_player_auth.TestPlayerHistoryStats" name="test_player_inscripciones_only_own_phone" time="0.509" /><testcase classname="backend.tests.test_dashboard_refund_player_auth.TestPlayerHistoryStats" name="test_player_stats_returns_schema" time="0.287" /></testsuite></testsuites>