<?xml version="1.0" encoding="utf-8"?><testsuites name="pytest tests"><testsuite name="pytest" errors="0" failures="0" skipped="0" tests="20" time="6.999" timestamp="2026-05-27T18:40:54.202888+00:00" hostname="agent-env-6fcfc196-e04f-4efe-af9a-ddc6fdde71ea"><testcase classname="backend.tests.test_mercadopago_marketplace.TestMpConnect" name="test_connect_invalid_token_returns_400" time="0.887" /><testcase classname="backend.tests.test_mercadopago_marketplace.TestMpConnect" name="test_connect_valid_token_returns_user_info" time="0.211" /><testcase classname="backend.tests.test_mercadopago_marketplace.TestMpConnect" name="test_connect_requires_auth" time="1.080" /><testcase classname="backend.tests.test_mercadopago_marketplace.TestMpStatus" name="test_status_returns_connected_after_connect" time="0.275" /><testcase classname="backend.tests.test_mercadopago_marketplace.TestMpStatus" name="test_status_requires_auth" time="0.052" /><testcase classname="backend.tests.test_mercadopago_marketplace.TestMpSettings" name="test_toggle_apply_fee_true_then_false" time="0.394" /><testcase classname="backend.tests.test_mercadopago_marketplace.TestMpDisconnectAndLockout" name="test_disconnect_then_checkout_blocked_then_reconnect" time="0.643" /><testcase classname="backend.tests.test_mercadopago_marketplace.TestMpCheckout" name="test_checkout_returns_init_point_https_and_persists_tx" time="0.916" /><testcase classname="backend.tests.test_mercadopago_marketplace.TestMpCheckout" name="test_checkout_reta_inexistente_404" time="0.048" /><testcase classname="backend.tests.test_mercadopago_marketplace.TestMpCheckout" name="test_checkout_costo_menor_a_10_returns_400" time="0.417" /><testcase classname="backend.tests.test_mercadopago_marketplace.TestMpCheckout" name="test_mp_status_not_found" time="0.050" /><testcase classname="backend.tests.test_mercadopago_marketplace.TestMpWebhook" name="test_webhook_payment_payload_returns_200" time="0.171" /><testcase classname="backend.tests.test_mercadopago_marketplace.TestMpWebhook" name="test_webhook_unknown_type_returns_200" time="0.050" /><testcase classname="backend.tests.test_mercadopago_marketplace.TestMpWebhook" name="test_webhook_empty_body_returns_200" time="0.049" /><testcase classname="backend.tests.test_mercadopago_marketplace.TestMpWebhook" name="test_webhook_no_auth_required" time="0.319" /><testcase classname="backend.tests.test_mercadopago_marketplace.TestRegressionNoMpBreakage" name="test_auth_login_works" time="0.287" /><testcase classname="backend.tests.test_mercadopago_marketplace.TestRegressionNoMpBreakage" name="test_retas_list_works" time="0.056" /><testcase classname="backend.tests.test_mercadopago_marketplace.TestRegressionNoMpBreakage" name="test_dashboard_metrics_works" time="0.055" /><testcase classname="backend.tests.test_mercadopago_marketplace.TestRegressionNoMpBreakage" name="test_radar_public_works" time="0.054" /><testcase classname="backend.tests.test_mercadopago_marketplace.TestRegressionNoMpBreakage" name="test_stripe_checkout_still_creates_session" time="0.848" /></testsuite></testsuites>