<?xml version="1.0" encoding="utf-8"?><testsuites name="pytest tests"><testsuite name="pytest" errors="0" failures="0" skipped="1" tests="20" time="2.578" timestamp="2026-07-01T23:24:25.150283+00:00" hostname="agent-env-6fcfc196-e04f-4efe-af9a-ddc6fdde71ea"><testcase classname="tests.test_iter51_http_integration.TestHealth" name="test_api_root_returns_200" time="0.249" /><testcase classname="tests.test_iter51_http_integration.TestPreauthForm" name="test_returns_html_200_with_mp_key" time="0.070" /><testcase classname="tests.test_iter51_http_integration.TestPreauthForm" name="test_no_auth_required" time="0.170" /><testcase classname="tests.test_iter51_http_integration.TestPreauthForm" name="test_amount_zero_returns_422" time="0.069" /><testcase classname="tests.test_iter51_http_integration.TestPreauthForm" name="test_html_escapes_lt_gt_in_slug" time="0.068" /><testcase classname="tests.test_iter51_http_integration.TestListJoinRequests" name="test_requires_auth" time="0.063" /><testcase classname="tests.test_iter51_http_integration.TestListJoinRequests" name="test_404_when_reta_missing" time="0.378" /><testcase classname="tests.test_iter51_http_integration.TestListJoinRequests" name="test_403_when_reta_not_owned" time="0.073" /><testcase classname="tests.test_iter51_http_integration.TestListJoinRequests" name="test_200_owned_reta_returns_items_list" time="0.207" /><testcase classname="tests.test_iter51_http_integration.TestListJoinRequests" name="test_invalid_status_returns_422" time="0.070" /><testcase classname="tests.test_iter51_http_integration.TestDecideRequest" name="test_requires_auth_SECURITY_BUG" time="0.065"><skipped type="pytest.xfail" message="decide-request is UNAUTHENTICATED — anonymous POST returned 404 ({&quot;detail&quot;:&quot;join_request no encontrado.&quot;}). Add Depends(get_current_admin)." /></testcase><testcase classname="tests.test_iter51_http_integration.TestDecideRequest" name="test_404_when_request_missing" time="0.064" /><testcase classname="tests.test_iter51_http_integration.TestDecideRequest" name="test_already_approved_returns_idempotent" time="0.066" /><testcase classname="tests.test_iter51_http_integration.TestDecideRequest" name="test_missing_action_field_returns_422" time="0.064" /><testcase classname="tests.test_iter51_http_integration.TestDecideRequest" name="test_invalid_action_value_returns_422" time="0.063" /><testcase classname="tests.test_iter51_http_integration.TestJoinRequestValidation" name="test_404_when_match_id_missing" time="0.147" /><testcase classname="tests.test_iter51_http_integration.TestJoinRequestValidation" name="test_missing_card_token_returns_422" time="0.137" /><testcase classname="tests.test_iter51_http_integration.TestJoinRequestValidation" name="test_invalid_email_returns_422" time="0.140" /><testcase classname="tests.test_iter51_http_integration.TestJoinRequestValidation" name="test_negative_amount_returns_422" time="0.151" /><testcase classname="tests.test_iter51_http_integration.TestJoinRequestValidation" name="test_too_short_card_token_returns_422" time="0.142" /></testsuite></testsuites>