<?xml version="1.0" encoding="utf-8"?><testsuites name="pytest tests"><testsuite name="pytest" errors="0" failures="0" skipped="0" tests="16" time="2.203" timestamp="2026-05-28T16:22:52.801497+00:00" hostname="agent-env-6fcfc196-e04f-4efe-af9a-ddc6fdde71ea"><testcase classname="tests.test_export_endpoints.TestAuth401" name="test_rol_csv_requires_auth" time="0.695" /><testcase classname="tests.test_export_endpoints.TestAuth401" name="test_clasificacion_csv_requires_auth" time="0.058" /><testcase classname="tests.test_export_endpoints.TestAuth401" name="test_clasificacion_pdf_requires_auth" time="0.058" /><testcase classname="tests.test_export_endpoints.TestRolCsv" name="test_rol_csv_returns_200_with_token" time="0.077" /><testcase classname="tests.test_export_endpoints.TestRolCsv" name="test_rol_csv_row_count" time="0.060" /><testcase classname="tests.test_export_endpoints.TestRolCsv" name="test_rol_csv_404_for_nonexistent_reta" time="0.080" /><testcase classname="tests.test_export_endpoints.TestClasificacionCsv" name="test_csv_empty_returns_header_only" time="0.057" /><testcase classname="tests.test_export_endpoints.TestClasificacionCsv" name="test_csv_with_results_has_data_rows" time="0.220" /><testcase classname="tests.test_export_endpoints.TestClasificacionCsv" name="test_csv_404_for_nonexistent_reta" time="0.053" /><testcase classname="tests.test_export_endpoints.TestClasificacionPdf" name="test_pdf_empty_returns_valid_pdf" time="0.135" /><testcase classname="tests.test_export_endpoints.TestClasificacionPdf" name="test_pdf_with_results_is_larger" time="0.066" /><testcase classname="tests.test_export_endpoints.TestClasificacionPdf" name="test_pdf_404_for_nonexistent_reta" time="0.061" /><testcase classname="tests.test_export_endpoints.TestRegression" name="test_login_still_works" time="0.311" /><testcase classname="tests.test_export_endpoints.TestRegression" name="test_create_reta_still_works" time="0.052" /><testcase classname="tests.test_export_endpoints.TestRegression" name="test_existing_rol_pdf_endpoint" time="0.065" /><testcase classname="tests.test_export_endpoints.TestRegression" name="test_existing_clasificacion_endpoint" time="0.105" /></testsuite></testsuites>