<?xml version="1.0" encoding="utf-8"?><testsuites name="pytest tests"><testsuite name="pytest" errors="2" failures="7" skipped="0" tests="30" time="12.198" timestamp="2026-05-29T20:05:32.597623+00:00" hostname="agent-env-6fcfc196-e04f-4efe-af9a-ddc6fdde71ea"><testcase classname="backend.tests.test_iter29_security_olas.TestSecurityHeaders" name="test_hsts_present_on_all_responses" time="0.296" /><testcase classname="backend.tests.test_iter29_security_olas.TestSecurityHeaders" name="test_security_headers_on_404" time="0.150" /><testcase classname="backend.tests.test_iter29_security_olas.TestSecurityHeaders" name="test_security_headers_on_post" time="0.149" /><testcase classname="backend.tests.test_iter29_security_olas.TestRefreshTokensHybrid" name="test_login_native_returns_refresh_in_json" time="0.371" /><testcase classname="backend.tests.test_iter29_security_olas.TestRefreshTokensHybrid" name="test_login_web_sets_httponly_cookie" time="0.344" /><testcase classname="backend.tests.test_iter29_security_olas.TestRefreshTokensHybrid" name="test_refresh_native_rotates_token" time="1.498" /><testcase classname="backend.tests.test_iter29_security_olas.TestRefreshTokensHybrid" name="test_refresh_web_uses_cookie" time="0.413" /><testcase classname="backend.tests.test_iter29_security_olas.TestRefreshTokensHybrid" name="test_reuse_detection_revokes_all_tokens" time="0.114"><failure message="AssertionError: upstream connect error or disconnect/reset before headers. reset reason: connection termination&#10;assert 503 == 200&#10; +  where 503 = &lt;Response [503]&gt;.status_code">E   AssertionError: upstream connect error or disconnect/reset before headers. reset reason: connection termination
    assert 503 == 200
     +  where 503 = &lt;Response [503]&gt;.status_code</failure></testcase><testcase classname="backend.tests.test_iter29_security_olas.TestRefreshTokensHybrid" name="test_refresh_missing_token_401" time="0.120" /><testcase classname="backend.tests.test_iter29_security_olas.TestRefreshTokensHybrid" name="test_refresh_unknown_token_401" time="0.141" /><testcase classname="backend.tests.test_iter29_security_olas.TestRefreshTokensHybrid" name="test_refresh_malformed_token_401" time="4.324" /><testcase classname="backend.tests.test_iter29_security_olas.TestRefreshTokensHybrid" name="test_logout_revokes_refresh" time="0.148"><failure message="AssertionError: upstream connect error or disconnect/reset before headers. reset reason: connection termination&#10;assert 503 == 200&#10; +  where 503 = &lt;Response [503]&gt;.status_code">E   AssertionError: upstream connect error or disconnect/reset before headers. reset reason: connection termination
    assert 503 == 200
     +  where 503 = &lt;Response [503]&gt;.status_code</failure></testcase><testcase classname="backend.tests.test_iter29_security_olas.TestRefreshTokensHybrid" name="test_logout_idempotent_no_token" time="0.114" /><testcase classname="backend.tests.test_iter29_security_olas.TestRefreshTokensHybrid" name="test_access_token_works_on_protected_endpoint" time="0.108"><failure message="AssertionError: upstream connect error or disconnect/reset before headers. reset reason: connection termination&#10;assert 503 == 200&#10; +  where 503 = &lt;Response [503]&gt;.status_code">E   AssertionError: upstream connect error or disconnect/reset before headers. reset reason: connection termination
    assert 503 == 200
     +  where 503 = &lt;Response [503]&gt;.status_code</failure></testcase><testcase classname="backend.tests.test_iter29_security_olas.TestRefreshTokensHybrid" name="test_malformed_access_token_401" time="0.130" /><testcase classname="backend.tests.test_iter29_security_olas.TestNoSqlSanitizer" name="test_blocks_dollar_ne" time="0.102" /><testcase classname="backend.tests.test_iter29_security_olas.TestNoSqlSanitizer" name="test_blocks_dollar_gt" time="0.123" /><testcase classname="backend.tests.test_iter29_security_olas.TestNoSqlSanitizer" name="test_blocks_nested_dollar_operator" time="0.129" /><testcase classname="backend.tests.test_iter29_security_olas.TestNoSqlSanitizer" name="test_blocks_dotted_key" time="0.109" /><testcase classname="backend.tests.test_iter29_security_olas.TestNoSqlSanitizer" name="test_skips_webhooks_path" time="0.112" /><testcase classname="backend.tests.test_iter29_security_olas.TestNoSqlSanitizer" name="test_skips_public_retas_path" time="0.123" /><testcase classname="backend.tests.test_iter29_security_olas.TestNoSqlSanitizer" name="test_legit_payload_passes" time="0.138"><failure message="assert 503 == 401&#10; +  where 503 = &lt;Response [503]&gt;.status_code">E   assert 503 == 401
     +  where 503 = &lt;Response [503]&gt;.status_code</failure></testcase><testcase classname="backend.tests.test_iter29_security_olas.TestRateLimiting" name="test_login_rate_limit_5_per_minute" time="0.802" /><testcase classname="backend.tests.test_iter29_security_olas.TestRateLimiting" name="test_otp_request_rate_limit" time="1.197" /><testcase classname="backend.tests.test_iter29_security_olas.TestAuditLogs" name="test_login_failed_creates_audit_log" time="0.115"><failure message="assert 503 == 401&#10; +  where 503 = &lt;Response [503]&gt;.status_code">E   assert 503 == 401
     +  where 503 = &lt;Response [503]&gt;.status_code</failure></testcase><testcase classname="backend.tests.test_iter29_security_olas.TestAuditLogs" name="test_admin_mutation_audited" time="0.115"><failure message="AssertionError: upstream connect error or disconnect/reset before headers. reset reason: connection termination&#10;assert 503 == 200&#10; +  where 503 = &lt;Response [503]&gt;.status_code">E   AssertionError: upstream connect error or disconnect/reset before headers. reset reason: connection termination
    assert 503 == 200
     +  where 503 = &lt;Response [503]&gt;.status_code</failure></testcase><testcase classname="backend.tests.test_iter29_security_olas.TestPlayerAuthAndDeletion" name="test_otp_verify_returns_refresh_native" time="0.222"><error message="failed on setup with &quot;AssertionError: upstream connect error or disconnect/reset before headers. reset reason: connection termination&#10;assert 503 == 200&#10; +  where 503 = &lt;Response [503]&gt;.status_code&quot;">E   AssertionError: upstream connect error or disconnect/reset before headers. reset reason: connection termination
    assert 503 == 200
     +  where 503 = &lt;Response [503]&gt;.status_code</error></testcase><testcase classname="backend.tests.test_iter29_security_olas.TestPlayerAuthAndDeletion" name="test_otp_verify_failed_returns_401" time="0.203" /><testcase classname="backend.tests.test_iter29_security_olas.TestPlayerAuthAndDeletion" name="test_delete_account_anonymizes" time="0.125"><error message="failed on setup with &quot;AssertionError: upstream connect error or disconnect/reset before headers. reset reason: connection termination&#10;assert 503 == 200&#10; +  where 503 = &lt;Response [503]&gt;.status_code&quot;">E   AssertionError: upstream connect error or disconnect/reset before headers. reset reason: connection termination
    assert 503 == 200
     +  where 503 = &lt;Response [503]&gt;.status_code</error></testcase><testcase classname="backend.tests.test_iter29_security_olas.TestBackwardCompat" name="test_old_login_endpoint_still_works" time="0.115"><failure message="AssertionError: upstream connect error or disconnect/reset before headers. reset reason: connection termination&#10;assert 503 == 200&#10; +  where 503 = &lt;Response [503]&gt;.status_code">E   AssertionError: upstream connect error or disconnect/reset before headers. reset reason: connection termination
    assert 503 == 200
     +  where 503 = &lt;Response [503]&gt;.status_code</failure></testcase></testsuite></testsuites>