<?xml version="1.0" encoding="utf-8"?><testsuites name="pytest tests"><testsuite name="pytest" errors="0" failures="0" skipped="0" tests="16" time="4.306" timestamp="2026-05-29T23:08:34.192336+00:00" hostname="agent-env-6fcfc196-e04f-4efe-af9a-ddc6fdde71ea"><testcase classname="tests.test_iter32_security_center.TestPlayerSessions" name="test_list_sessions_marks_current" time="0.616" /><testcase classname="tests.test_iter32_security_center.TestPlayerSessions" name="test_list_sessions_scoped_to_user" time="0.112" /><testcase classname="tests.test_iter32_security_center.TestPlayerSessions" name="test_revoke_my_session" time="0.345" /><testcase classname="tests.test_iter32_security_center.TestPlayerSessions" name="test_revoke_unknown_session_404" time="0.113" /><testcase classname="tests.test_iter32_security_center.TestPlayerSessions" name="test_security_activity" time="0.109" /><testcase classname="tests.test_iter32_security_center.TestAdminSecurity" name="test_stats" time="0.474" /><testcase classname="tests.test_iter32_security_center.TestAdminSecurity" name="test_logs_pagination_and_self_audit" time="0.221" /><testcase classname="tests.test_iter32_security_center.TestAdminSecurity" name="test_logs_filter_by_action_prefix" time="0.114" /><testcase classname="tests.test_iter32_security_center.TestAdminSecurity" name="test_logs_filter_by_result" time="0.122" /><testcase classname="tests.test_iter32_security_center.TestAuthGuards" name="test_admin_endpoints_require_jwt" time="0.221" /><testcase classname="tests.test_iter32_security_center.TestAuthGuards" name="test_player_endpoints_require_jwt" time="0.221" /><testcase classname="tests.test_iter32_security_center.TestAuthGuards" name="test_admin_rejects_player_token" time="0.108" /><testcase classname="tests.test_iter32_security_center.TestMpWebhookSignature" name="test_rejects_without_signature" time="0.111" /><testcase classname="tests.test_iter32_security_center.TestMpWebhookSignature" name="test_rejects_invalid_signature" time="0.108" /><testcase classname="tests.test_iter32_security_center.TestMpWebhookSignature" name="test_accepts_valid_signature" time="0.252" /><testcase classname="tests.test_iter32_security_center.TestMpWebhookSignature" name="test_invalid_signature_audited" time="0.960" /></testsuite></testsuites>