<?xml version="1.0" encoding="utf-8"?><testsuites name="pytest tests"><testsuite name="pytest" errors="0" failures="4" skipped="0" tests="19" time="5.542" timestamp="2026-08-12T15:53:24.600933+00:00" hostname="agent-env-6fcfc196-e04f-4efe-af9a-ddc6fdde71ea"><testcase classname="tests.test_iter56_emergent_auth.TestAuthSession" name="test_missing_body_returns_422" time="0.362" /><testcase classname="tests.test_iter56_emergent_auth.TestAuthSession" name="test_empty_session_id_returns_422" time="0.178" /><testcase classname="tests.test_iter56_emergent_auth.TestAuthSession" name="test_short_session_id_returns_422" time="0.195" /><testcase classname="tests.test_iter56_emergent_auth.TestAuthSession" name="test_fake_session_id_returns_401" time="0.291" /><testcase classname="tests.test_iter56_emergent_auth.TestAuthSession" name="test_fake_session_id_returns_json" time="0.240" /><testcase classname="tests.test_iter56_emergent_auth.TestAuthMeUnauthenticated" name="test_no_authorization_returns_401" time="0.122" /><testcase classname="tests.test_iter56_emergent_auth.TestAuthMeUnauthenticated" name="test_malformed_bearer_returns_401" time="0.120" /><testcase classname="tests.test_iter56_emergent_auth.TestAuthMeUnauthenticated" name="test_invalid_jwt_returns_401" time="0.185" /><testcase classname="tests.test_iter56_emergent_auth.TestProfileSetupUnauth" name="test_no_auth_returns_401" time="0.137" /><testcase classname="tests.test_iter56_emergent_auth.TestOtpVerifyWrongCode" name="test_wrong_code_returns_401" time="1.074" /><testcase classname="tests.test_iter56_emergent_auth.TestAuthMeHybridWithOtpToken" name="test_me_works_with_legacy_otp_jwt" time="1.440"><failure message="AssertionError: {&quot;detail&quot;:&quot;Se requiere rol admin&quot;}&#10;assert 403 == 200&#10; +  where 403 = &lt;Response [403]&gt;.status_code">tests/test_iter56_emergent_auth.py:223: in test_me_works_with_legacy_otp_jwt
    assert r.status_code == 200, r.text
E   AssertionError: {"detail":"Se requiere rol admin"}
E   assert 403 == 200
E    +  where 403 = &lt;Response [403]&gt;.status_code</failure></testcase><testcase classname="tests.test_iter56_emergent_auth.TestProfileSetupWithOtpToken" name="test_valid_body_updates_profile" time="0.200"><failure message="assert 403 == 200&#10; +  where 403 = &lt;Response [403]&gt;.status_code">tests/test_iter56_emergent_auth.py:246: in test_valid_body_updates_profile
    assert me.status_code == 200
E   assert 403 == 200
E    +  where 403 = &lt;Response [403]&gt;.status_code</failure></testcase><testcase classname="tests.test_iter56_emergent_auth.TestProfileSetupWithOtpToken" name="test_invalid_enum_returns_422" time="0.139" /><testcase classname="tests.test_iter56_emergent_auth.TestProfileSetupWithOtpToken" name="test_idempotent_update" time="0.181" /><testcase classname="tests.test_iter56_emergent_auth.TestPlayerRolesRegression" name="test_my_roles_with_otp_token" time="0.132" /><testcase classname="tests.test_iter56_emergent_auth.TestAdminLoginRegression" name="test_admin_login_returns_token" time="0.392" /><testcase classname="tests.test_iter56_emergent_auth.TestDbSchemaIndexes" name="test_usuarios_indexes_are_sparse_unique" time="0.002"><failure message="AssertionError: telefono not sparse: {'v': 2, 'key': [('telefono', 1)], 'unique': True}&#10;assert None is True&#10; +  where None = &lt;built-in method get of dict object at 0xfc1f3dc11780&gt;('sparse')&#10; +    where &lt;built-in method get of dict object at 0xfc1f3dc11780&gt; = {'key': [('telefono', 1)], 'unique': True, 'v': 2}.get">tests/test_iter56_emergent_auth.py:337: in test_usuarios_indexes_are_sparse_unique
    assert meta.get("sparse") is True, f"{field} not sparse: {meta}"
E   AssertionError: telefono not sparse: {'v': 2, 'key': [('telefono', 1)], 'unique': True}
E   assert None is True
E    +  where None = &lt;built-in method get of dict object at 0xfc1f3dc11780&gt;('sparse')
E    +    where &lt;built-in method get of dict object at 0xfc1f3dc11780&gt; = {'key': [('telefono', 1)], 'unique': True, 'v': 2}.get</failure></testcase><testcase classname="tests.test_iter56_emergent_auth.TestDbSchemaIndexes" name="test_user_sessions_ttl_index" time="0.001" /><testcase classname="tests.test_iter56_emergent_auth.TestDbSchemaIndexes" name="test_sparse_telefono_allows_multiple_null_emails" time="0.002"><failure message="pymongo.errors.BulkWriteError: batch op errors occurred, full error: {'writeErrors': [{'index': 1, 'code': 11000, 'errmsg': 'E11000 duplicate key error collection: test_database.usuarios index: telefono_1 dup key: { telefono: null }', 'keyPattern': {'telefono': 1}, 'keyValue': {'telefono': None}, 'op': {'id': 'TEST_iter56_ca01b9e98e804610aeafdc30224a68fe', 'user_id': 'TEST_iter56_ca01b9e98e804610aeafdc30224a68fe', 'email': 'test_TEST_iter56_ca01b9e98e804610aeafdc30224a68fe@test.local', 'nombre': 'TEST_B', 'telefono': None, 'creado_en': '2026-01-01T00:00:00Z', 'auth_provider': 'test', '_id': ObjectId('6a7c96fa4d9e9e4cdec35178')}}], 'writeConcernErrors': [], 'nInserted': 1, 'nUpserted': 0, 'nMatched': 0, 'nModified': 0, 'nRemoved': 0, 'upserted': []}">tests/test_iter56_emergent_auth.py:404: in test_sparse_telefono_allows_multiple_null_emails
    loop.run_until_complete(_run())
/usr/local/lib/python3.11/asyncio/base_events.py:654: in run_until_complete
    return future.result()
           ^^^^^^^^^^^^^^^
tests/test_iter56_emergent_auth.py:392: in _run
    await db.usuarios.insert_many(docs)
/usr/local/lib/python3.11/concurrent/futures/thread.py:58: in run
    result = self.fn(*self.args, **self.kwargs)
             ^^^^^^^^^^^^^^^^^^^^^^^^^^^^^^^^^^
/root/.venv/lib/python3.11/site-packages/pymongo/_csot.py:108: in csot_wrapper
    return func(self, *args, **kwargs)
           ^^^^^^^^^^^^^^^^^^^^^^^^^^^
/root/.venv/lib/python3.11/site-packages/pymongo/collection.py:757: in insert_many
    blk.execute(write_concern, session=session)
/root/.venv/lib/python3.11/site-packages/pymongo/bulk.py:580: in execute
    return self.execute_command(generator, write_concern, session)
           ^^^^^^^^^^^^^^^^^^^^^^^^^^^^^^^^^^^^^^^^^^^^^^^^^^^^^^^
/root/.venv/lib/python3.11/site-packages/pymongo/bulk.py:450: in execute_command
    _raise_bulk_write_error(full_result)
/root/.venv/lib/python3.11/site-packages/pymongo/bulk.py:160: in _raise_bulk_write_error
    raise BulkWriteError(full_result)
E   pymongo.errors.BulkWriteError: batch op errors occurred, full error: {'writeErrors': [{'index': 1, 'code': 11000, 'errmsg': 'E11000 duplicate key error collection: test_database.usuarios index: telefono_1 dup key: { telefono: null }', 'keyPattern': {'telefono': 1}, 'keyValue': {'telefono': None}, 'op': {'id': 'TEST_iter56_ca01b9e98e804610aeafdc30224a68fe', 'user_id': 'TEST_iter56_ca01b9e98e804610aeafdc30224a68fe', 'email': 'test_TEST_iter56_ca01b9e98e804610aeafdc30224a68fe@test.local', 'nombre': 'TEST_B', 'telefono': None, 'creado_en': '2026-01-01T00:00:00Z', 'auth_provider': 'test', '_id': ObjectId('6a7c96fa4d9e9e4cdec35178')}}], 'writeConcernErrors': [], 'nInserted': 1, 'nUpserted': 0, 'nMatched': 0, 'nModified': 0, 'nRemoved': 0, 'upserted': []}</failure></testcase></testsuite></testsuites>