<?xml version="1.0" encoding="utf-8"?><testsuites name="pytest tests"><testsuite name="pytest" errors="0" failures="0" skipped="0" tests="17" time="1.455" timestamp="2026-06-25T21:41:49.753566+00:00" hostname="agent-env-6fcfc196-e04f-4efe-af9a-ddc6fdde71ea"><testcase classname="tests.test_iter46_acid_refund_overflow.TestMPOverflowRefund" name="test_mp_approved_overflow_triggers_refund" time="0.377" /><testcase classname="tests.test_iter46_acid_refund_overflow.TestMPOverflowRefund" name="test_mp_approved_happy_path_no_refund" time="0.006" /><testcase classname="tests.test_iter46_acid_refund_overflow.TestMPOverflowRefund" name="test_mp_already_processed_is_idempotent" time="0.003" /><testcase classname="tests.test_iter46_acid_refund_overflow.TestStripeOverflowRefund" name="test_stripe_paid_overflow_triggers_refund" time="0.044" /><testcase classname="tests.test_iter46_acid_refund_overflow.TestStripeOverflowRefund" name="test_stripe_paid_happy_path_no_refund" time="0.006" /><testcase classname="tests.test_iter46_acid_refund_overflow.TestSafeTransactionFallback" name="test_safe_transaction_yields_none_on_standalone" time="0.000" /><testcase classname="tests.test_iter46_acid_refund_overflow.TestSafeTransactionFallback" name="test_safe_transaction_exception_propagates" time="0.000" /><testcase classname="tests.test_iter46_acid_refund_overflow.TestPublicBuscarSanitization" name="test_q_sanitization_returns_200[test%00null]" time="0.332" /><testcase classname="tests.test_iter46_acid_refund_overflow.TestPublicBuscarSanitization" name="test_q_sanitization_returns_200[%00%00%00]" time="0.118" /><testcase classname="tests.test_iter46_acid_refund_overflow.TestPublicBuscarSanitization" name="test_q_sanitization_returns_200[%01%02%03test]" time="0.093" /><testcase classname="tests.test_iter46_acid_refund_overflow.TestPublicBuscarSanitization" name="test_q_sanitization_returns_200[test%E2%80%A8sep]" time="0.045" /><testcase classname="tests.test_iter46_acid_refund_overflow.TestPublicBuscarSanitization" name="test_q_sanitization_returns_200[test%E2%80%A9sep]" time="0.043" /><testcase classname="tests.test_iter46_acid_refund_overflow.TestPublicBuscarSanitization" name="test_q_sanitization_returns_200[test%E2%80%AAover]" time="0.044" /><testcase classname="tests.test_iter46_acid_refund_overflow.TestPublicBuscarSanitization" name="test_q_sanitization_returns_200[test%E2%81%A6iso]" time="0.043" /><testcase classname="tests.test_iter46_acid_refund_overflow.TestPublicBuscarSanitization" name="test_q_sanitization_returns_200[%20%20%20]" time="0.111" /><testcase classname="tests.test_iter46_acid_refund_overflow.TestPublicBuscarSanitization" name="test_q_sanitization_returns_200[%5E%24%2E%2A%2B%3F]" time="0.044" /><testcase classname="tests.test_iter46_acid_refund_overflow.TestPublicBuscarSanitization" name="test_q_sanitization_returns_200[test%7F%C2%85]" time="0.095" /></testsuite></testsuites>