<?xml version="1.0" encoding="utf-8"?><testsuites name="pytest tests"><testsuite name="pytest" errors="0" failures="0" skipped="2" tests="48" time="15.005" timestamp="2026-05-29T16:10:53.058909+00:00" hostname="agent-env-6fcfc196-e04f-4efe-af9a-ddc6fdde71ea"><testcase classname="backend.tests.test_fase_c_checkout_guards" name="test_checkout_mock_bloqueado_si_pasada" time="0.697" /><testcase classname="backend.tests.test_fase_c_checkout_guards" name="test_checkout_stripe_bloqueado_si_pasada" time="0.162" /><testcase classname="backend.tests.test_fase_c_checkout_guards" name="test_checkout_mp_bloqueado_si_pasada" time="0.151" /><testcase classname="backend.tests.test_fase_c_checkout_guards" name="test_patch_estatus_bloqueado_si_pasada" time="0.205" /><testcase classname="backend.tests.test_fase_c_checkout_guards" name="test_checkout_mock_funciona_si_futura" time="0.151" /><testcase classname="backend.tests.test_phase_a_rsvp" name="test_aceptar_con_cupo" time="0.815" /><testcase classname="backend.tests.test_phase_a_rsvp" name="test_idempotencia_mismo_telefono" time="0.601" /><testcase classname="backend.tests.test_phase_a_rsvp" name="test_llenado_va_a_lista_espera" time="0.816" /><testcase classname="backend.tests.test_phase_a_rsvp" name="test_rechazar_libera_y_promueve" time="1.126" /><testcase classname="backend.tests.test_phase_a_rsvp" name="test_rechazar_sin_previo_aceptado" time="0.393" /><testcase classname="backend.tests.test_phase_a_rsvp" name="test_rsvp_rejects_paga_reta" time="0.488" /><testcase classname="backend.tests.test_phase_a_rsvp" name="test_admin_asistencia_columnas" time="1.064" /><testcase classname="backend.tests.test_phase_a_rsvp" name="test_patch_estatus_libera_y_promueve" time="1.030" /><testcase classname="backend.tests.test_phase_a_rsvp" name="test_patch_acceptar_en_llena_409" time="1.091" /><testcase classname="backend.tests.test_phase_a_rsvp" name="test_regresion_paga_checkout_mp_no_rota" time="0.496" /><testcase classname="backend.tests.test_phase_a_rsvp" name="test_admin_endpoints_require_auth" time="0.239" /><testcase classname="backend.tests.test_fase_b_soporte" name="test_alertar_organizador_registra_alerta" time="0.441" /><testcase classname="backend.tests.test_fase_b_soporte" name="test_alertar_organizador_motivo_corto" time="0.047" /><testcase classname="backend.tests.test_fase_b_soporte" name="test_alertar_organizador_rate_limit" time="0.103" /><testcase classname="backend.tests.test_fase_b_soporte" name="test_alertar_organizador_slug_inexistente" time="0.048" /><testcase classname="backend.tests.test_fase_b_soporte" name="test_reportar_ausencia_marca_inscripcion" time="0.154" /><testcase classname="backend.tests.test_fase_b_soporte" name="test_admin_inbox_alertas" time="0.058" /><testcase classname="backend.tests.test_fase_b_soporte" name="test_admin_marcar_alerta_leida" time="0.145" /><testcase classname="backend.tests.test_fase_b_soporte" name="test_admin_get_me" time="0.051" /><testcase classname="backend.tests.test_fase_b_soporte" name="test_admin_set_whatsapp" time="0.205" /><testcase classname="backend.tests.test_fase_b_soporte" name="test_inscripcion_inline_edit" time="0.109" /><testcase classname="backend.tests.test_fase_b_soporte" name="test_inscripcion_inline_cancha_invalida" time="0.103" /><testcase classname="backend.tests.test_fase_b_soporte" name="test_inscripcion_inline_no_auth" time="0.051" /><testcase classname="backend.tests.test_fase_b_soporte" name="test_confirmar_manual_aprueba" time="0.165" /><testcase classname="backend.tests.test_fase_b_soporte" name="test_confirmar_manual_idempotente" time="0.205" /><testcase classname="backend.tests.test_fase_c_blindaje" name="test_inline_edit_bloqueado_si_pasada" time="0.559"><skipped type="pytest.skip" message="Checkout falló en reta pasada (esperable): 403">/app/backend/tests/test_fase_c_blindaje.py:112: Checkout falló en reta pasada (esperable): 403</skipped></testcase><testcase classname="backend.tests.test_fase_c_blindaje" name="test_confirmar_manual_bloqueado_si_pasada" time="0.214"><skipped type="pytest.skip" message="Checkout falló — backend ya bloquea retas pasadas">/app/backend/tests/test_fase_c_blindaje.py:135: Checkout falló — backend ya bloquea retas pasadas</skipped></testcase><testcase classname="backend.tests.test_fase_c_blindaje" name="test_rsvp_aceptar_bloqueado_si_pasada" time="0.182" /><testcase classname="backend.tests.test_fase_c_blindaje" name="test_inline_edit_funciona_si_futura" time="0.294" /><testcase classname="backend.tests.test_fase_c_blindaje" name="test_helper_is_reta_cerrada" time="0.188" /><testcase classname="backend.tests.test_clubes_smart" name="test_buscar_por_texto" time="0.122" /><testcase classname="backend.tests.test_clubes_smart" name="test_buscar_por_geo_orden_haversine" time="0.053" /><testcase classname="backend.tests.test_clubes_smart" name="test_buscar_no_encontrado" time="0.054" /><testcase classname="backend.tests.test_clubes_smart" name="test_create_reta_con_club_id_existente" time="0.409" /><testcase classname="backend.tests.test_clubes_smart" name="test_create_reta_enriquecimiento_silencioso" time="0.120" /><testcase classname="backend.tests.test_clubes_smart" name="test_create_reta_dedupe_club" time="0.117" /><testcase classname="backend.tests.test_clubes_smart" name="test_get_reta_publica_expone_geo" time="0.063" /><testcase classname="backend.tests.test_clubes_smart" name="test_get_reta_publica_sin_geo" time="0.056" /><testcase classname="backend.tests.test_clubes_smart" name="test_race_condition_misma_creacion" time="0.112" /><testcase classname="backend.tests.test_clubes_smart" name="test_buscar_con_caracteres_especiales" time="0.319" /><testcase classname="backend.tests.test_clubes_smart" name="test_buscar_geo_invalido" time="0.063" /><testcase classname="backend.tests.test_clubes_smart" name="test_update_reta_re_enriquece" time="0.120" /><testcase classname="backend.tests.test_clubes_smart" name="test_zz_cleanup" time="0.413" /></testsuite></testsuites>