<?xml version="1.0" encoding="utf-8"?><testsuites name="pytest tests"><testsuite name="pytest" errors="0" failures="0" skipped="0" tests="8" time="4.994" timestamp="2026-05-28T18:57:23.035589+00:00" hostname="agent-env-6fcfc196-e04f-4efe-af9a-ddc6fdde71ea"><testcase classname="tests.test_iter18_refinamientos.TestTwilioSandboxInfo" name="test_p1_admin_auth_ok_shape" time="0.672" /><testcase classname="tests.test_iter18_refinamientos.TestTwilioSandboxInfo" name="test_p1b_is_sandbox_consistent_with_join_code" time="0.148" /><testcase classname="tests.test_iter18_refinamientos.TestTwilioSandboxInfo" name="test_p2_sin_auth_401_403" time="0.151" /><testcase classname="tests.test_iter18_refinamientos.TestTwilioSandboxInfo" name="test_p2b_token_invalido_401_403" time="0.142" /><testcase classname="tests.test_iter18_refinamientos.TestFreeAgentsMatch" name="test_p3_mismo_telefono_400" time="0.802" /><testcase classname="tests.test_iter18_refinamientos.TestFreeAgentsMatch" name="test_p4_ids_iguales_400" time="0.820" /><testcase classname="tests.test_iter18_refinamientos.TestFreeAgentsMatch" name="test_p6_match_exitoso" time="0.682" /><testcase classname="tests.test_iter18_refinamientos.TestFreeAgentsMatch" name="test_p5_ya_emparejado_409" time="1.541" /></testsuite></testsuites>