<?xml version="1.0" encoding="utf-8"?><testsuites name="pytest tests"><testsuite name="pytest" errors="0" failures="0" skipped="0" tests="68" time="22.536" timestamp="2026-05-27T16:40:33.556439+00:00" hostname="agent-env-6fcfc196-e04f-4efe-af9a-ddc6fdde71ea"><testcase classname="tests.test_api_pixel_padel.TestAuth" name="test_login_success" time="0.371" /><testcase classname="tests.test_api_pixel_padel.TestAuth" name="test_login_bad_password" time="0.276" /><testcase classname="tests.test_api_pixel_padel.TestAuth" name="test_me_returns_admin" time="0.329" /><testcase classname="tests.test_api_pixel_padel.TestAuth" name="test_me_requires_token" time="0.051" /><testcase classname="tests.test_api_pixel_padel.TestRetas" name="test_create_reta_sets_max_jugadores_8x_canchas" time="0.164" /><testcase classname="tests.test_api_pixel_padel.TestRetas" name="test_list_retas_has_semaforo" time="0.165" /><testcase classname="tests.test_api_pixel_padel.TestRadar" name="test_radar_includes_close_excludes_far" time="0.324" /><testcase classname="tests.test_api_pixel_padel.TestPublicDetail" name="test_get_reta_by_slug" time="0.183" /><testcase classname="tests.test_api_pixel_padel.TestCheckoutFlow" name="test_checkout_creates_pendiente_with_lock" time="0.228" /><testcase classname="tests.test_api_pixel_padel.TestCheckoutFlow" name="test_fill_reta_to_rojo_and_409" time="1.176" /><testcase classname="tests.test_api_pixel_padel.TestWaitlist" name="test_waitlist_positions_and_promotion" time="1.308" /><testcase classname="tests.test_api_pixel_padel.TestPDF" name="test_generate_pdf_binary" time="0.358" /><testcase classname="tests.test_api_pixel_padel.TestPlayerStats" name="test_stats_unknown_player_returns_defaults" time="0.066" /><testcase classname="tests.test_api_pixel_padel.TestPlayerStats" name="test_stats_known_player_no_results_yet" time="0.292" /><testcase classname="tests.test_api_pixel_padel.TestPlayerStats" name="test_stats_real_efectividad_from_resultados" time="0.460" /><testcase classname="tests.test_api_pixel_padel.TestRol" name="test_get_rol_returns_round_robin" time="0.168" /><testcase classname="tests.test_api_pixel_padel.TestRol" name="test_get_rol_requires_auth" time="0.054" /><testcase classname="tests.test_api_pixel_padel.TestResultados" name="test_post_resultado_calcula_ganador_A" time="0.171" /><testcase classname="tests.test_api_pixel_padel.TestResultados" name="test_post_resultado_calcula_ganador_B_y_empate" time="0.252" /><testcase classname="tests.test_api_pixel_padel.TestResultados" name="test_post_resultado_idempotente_upsert" time="0.303" /><testcase classname="tests.test_api_pixel_padel.TestResultados" name="test_get_resultados_ordenado" time="0.444" /><testcase classname="tests.test_api_pixel_padel.TestResultados" name="test_post_validations_cancha_ronda_pareja" time="0.292" /><testcase classname="tests.test_api_pixel_padel.TestTabla" name="test_tabla_ordering_y_puntos" time="0.342" /><testcase classname="tests.test_api_pixel_padel.TestTabla" name="test_tabla_publica_sin_auth" time="0.306" /><testcase classname="tests.test_api_pixel_padel.TestTabla" name="test_tabla_reta_inexistente_404" time="0.159" /><testcase classname="tests.test_dashboard_refund_player_auth.TestAdminMetrics" name="test_metrics_requires_auth" time="0.059" /><testcase classname="tests.test_dashboard_refund_player_auth.TestAdminMetrics" name="test_metrics_rejects_player_token" time="0.180" /><testcase classname="tests.test_dashboard_refund_player_auth.TestAdminMetrics" name="test_metrics_schema_and_ordering" time="0.302" /><testcase classname="tests.test_dashboard_refund_player_auth.TestRefundEndpoint" name="test_refund_requires_auth" time="0.064" /><testcase classname="tests.test_dashboard_refund_player_auth.TestRefundEndpoint" name="test_refund_404_for_missing_inscripcion" time="0.175" /><testcase classname="tests.test_dashboard_refund_player_auth.TestRefundEndpoint" name="test_refund_400_when_not_aprobado" time="0.214" /><testcase classname="tests.test_dashboard_refund_player_auth.TestRefundEndpoint" name="test_refund_success_no_payment_intent_local_path" time="0.285" /><testcase classname="tests.test_dashboard_refund_player_auth.TestRefundEndpoint" name="test_refund_idempotent_returns_404_second_time" time="0.405" /><testcase classname="tests.test_dashboard_refund_player_auth.TestRefundEndpoint" name="test_refund_promotes_waitlist" time="1.146" /><testcase classname="tests.test_dashboard_refund_player_auth.TestPlayerOtp" name="test_otp_request_creates_record_and_lazy_user" time="0.057" /><testcase classname="tests.test_dashboard_refund_player_auth.TestPlayerOtp" name="test_otp_verify_wrong_code_increments_intentos" time="0.374" /><testcase classname="tests.test_dashboard_refund_player_auth.TestPlayerOtp" name="test_otp_verify_expired_returns_410" time="0.110" /><testcase classname="tests.test_dashboard_refund_player_auth.TestPlayerOtp" name="test_otp_full_success_flow" time="0.162" /><testcase classname="tests.test_dashboard_refund_player_auth.TestPlayerOtp" name="test_player_me_requires_auth_and_rejects_admin" time="0.098" /><testcase classname="tests.test_dashboard_refund_player_auth.TestPlayerHistoryStats" name="test_player_inscripciones_only_own_phone" time="0.411" /><testcase classname="tests.test_dashboard_refund_player_auth.TestPlayerHistoryStats" name="test_player_stats_returns_schema" time="0.161" /><testcase classname="tests.test_logic_modules" name="test_validar_rotacion_no_raises" time="0.000" /><testcase classname="tests.test_logic_modules" name="test_round_robin_table_has_7_rondas" time="0.000" /><testcase classname="tests.test_logic_modules" name="test_generar_rol_filtrado[5]" time="0.000" /><testcase classname="tests.test_logic_modules" name="test_generar_rol_filtrado[6]" time="0.000" /><testcase classname="tests.test_logic_modules" name="test_generar_rol_filtrado[7]" time="0.000" /><testcase classname="tests.test_logic_modules" name="test_generar_rol_rechaza_jugadores_incorrectos" time="0.000" /><testcase classname="tests.test_logic_modules" name="test_generar_rol_rechaza_rondas_invalidas" time="0.000" /><testcase classname="tests.test_logic_modules" name="test_haversine_cdmx_aprox_10km" time="0.000" /><testcase classname="tests.test_logic_modules" name="test_haversine_zero_for_same_point" time="0.000" /><testcase classname="tests.test_logic_modules" name="test_construir_fecha_local_iso_offset_cdmx" time="0.000" /><testcase classname="tests.test_stripe_payments.TestStripeCheckoutCreate" name="test_checkout_stripe_creates_pendiente_and_returns_https_url" time="0.810" /><testcase classname="tests.test_stripe_payments.TestStripeCheckoutCreate" name="test_checkout_stripe_reta_inexistente_404" time="0.058" /><testcase classname="tests.test_stripe_payments.TestStripeCheckoutCreate" name="test_checkout_stripe_costo_menor_a_10_returns_400" time="0.157" /><testcase classname="tests.test_stripe_payments.TestStripeCheckoutCreate" name="test_checkout_stripe_full_reta_returns_409" time="1.051" /><testcase classname="tests.test_stripe_payments.TestStripeWebhook" name="test_webhook_paid_marks_inscripcion_aprobada" time="0.594" /><testcase classname="tests.test_stripe_payments.TestStripeWebhook" name="test_webhook_idempotent_by_event_id" time="0.605" /><testcase classname="tests.test_stripe_payments.TestStripeWebhook" name="test_webhook_expired_removes_and_promotes_waitlist" time="1.442" /><testcase classname="tests.test_stripe_payments.TestStripeWebhook" name="test_webhook_invalid_payload_returns_400" time="0.053" /><testcase classname="tests.test_stripe_payments.TestPaymentStatus" name="test_status_pendiente_after_checkout" time="0.698" /><testcase classname="tests.test_stripe_payments.TestPaymentStatus" name="test_status_after_webhook_paid_returns_aprobado" time="0.586" /><testcase classname="tests.test_stripe_payments.TestPaymentStatus" name="test_status_inscripcion_inexistente_404" time="0.054" /><testcase classname="tests.test_stripe_payments.TestWaitlistCount" name="test_waitlist_count_decreases_after_promotion" time="1.344" /><testcase classname="tests.test_stripe_payments.TestAdminExpirar" name="test_expirar_pendientes_elimina_y_promueve" time="1.000" /><testcase classname="tests.test_stripe_payments.TestAdminExpirar" name="test_expirar_pendientes_requires_auth" time="0.053" /><testcase classname="tests.test_stripe_payments.TestAdminExpirar" name="test_expirar_pendientes_reta_inexistente_404" time="0.054" /><testcase classname="tests.test_stripe_payments.TestMockWebhookRetrocompat" name="test_mock_webhook_approved_still_works" time="0.246" /><testcase classname="tests.test_stripe_payments.TestMockWebhookRetrocompat" name="test_mock_webhook_failed_promotes" time="1.163" /></testsuite></testsuites>