<?xml version="1.0" encoding="utf-8"?><testsuites name="pytest tests"><testsuite name="pytest" errors="0" failures="0" skipped="2" tests="97" time="20.352" timestamp="2026-05-29T16:58:40.382711+00:00" hostname="agent-env-6fcfc196-e04f-4efe-af9a-ddc6fdde71ea"><testcase classname="backend.tests.test_fixture_engine.TestCasoRapido" name="test_n4_perfecto" time="0.000" /><testcase classname="backend.tests.test_fixture_engine.TestCasoRapido" name="test_n8_perfecto" time="0.000" /><testcase classname="backend.tests.test_fixture_engine.TestCasoRapido" name="test_multiplos_de_4[4]" time="0.000" /><testcase classname="backend.tests.test_fixture_engine.TestCasoRapido" name="test_multiplos_de_4[8]" time="0.000" /><testcase classname="backend.tests.test_fixture_engine.TestCasoRapido" name="test_multiplos_de_4[12]" time="0.000" /><testcase classname="backend.tests.test_fixture_engine.TestCasoRapido" name="test_multiplos_de_4[16]" time="0.000" /><testcase classname="backend.tests.test_fixture_engine.TestCasoRapido" name="test_multiplos_de_4[20]" time="0.000" /><testcase classname="backend.tests.test_fixture_engine.TestCasoRapido" name="test_multiplos_de_4[24]" time="0.000" /><testcase classname="backend.tests.test_fixture_engine.TestCasoRapido" name="test_multiplos_de_4[28]" time="0.000" /><testcase classname="backend.tests.test_fixture_engine.TestCasoRapido" name="test_multiplos_de_4[32]" time="0.000" /><testcase classname="backend.tests.test_fixture_engine.TestCSP" name="test_n_impar_regla_a_es_invariante[5-5]" time="0.000" /><testcase classname="backend.tests.test_fixture_engine.TestCSP" name="test_n_impar_regla_a_es_invariante[6-3]" time="0.000" /><testcase classname="backend.tests.test_fixture_engine.TestCSP" name="test_n_impar_regla_a_es_invariante[7-7]" time="0.000" /><testcase classname="backend.tests.test_fixture_engine.TestCSP" name="test_n_impar_regla_a_es_invariante[9-9]" time="0.002" /><testcase classname="backend.tests.test_fixture_engine.TestCSP" name="test_n_impar_regla_a_es_invariante[10-5]" time="0.002" /><testcase classname="backend.tests.test_fixture_engine.TestCSP" name="test_n_impar_regla_a_es_invariante[11-11]" time="0.003" /><testcase classname="backend.tests.test_fixture_engine.TestCSP" name="test_n6_optimizacion_aplicada" time="0.000" /><testcase classname="backend.tests.test_fixture_engine.TestCSP" name="test_n5_caso_extremo" time="0.000" /><testcase classname="backend.tests.test_fixture_engine.TestDisyuntor" name="test_max_iterations_bajo_no_se_cuelga" time="0.000" /><testcase classname="backend.tests.test_fixture_engine.TestDisyuntor" name="test_n_grande_no_cuelga" time="0.003" /><testcase classname="backend.tests.test_fixture_engine.TestParejasFijas" name="test_d2_perfecto" time="0.000" /><testcase classname="backend.tests.test_fixture_engine.TestParejasFijas" name="test_d4_perfecto" time="0.000" /><testcase classname="backend.tests.test_fixture_engine.TestParejasFijas" name="test_d3_impar_circle_method" time="0.000" /><testcase classname="backend.tests.test_fixture_engine.TestValidador" name="test_validador_detecta_jugador_doble" time="0.000" /><testcase classname="backend.tests.test_fixture_engine.TestValidador" name="test_validador_acepta_perfecto" time="0.000" /><testcase classname="backend.tests.test_fixture_engine.TestDeterminismo" name="test_csp_es_deterministico" time="0.000" /><testcase classname="backend.tests.test_fixture_engine.TestInputsInvalidos" name="test_menos_de_4_jugadores" time="0.000" /><testcase classname="backend.tests.test_fixture_engine.TestInputsInvalidos" name="test_rondas_cero" time="0.000" /><testcase classname="backend.tests.test_fixture_engine.TestInputsInvalidos" name="test_duos_invalidos" time="0.000" /><testcase classname="backend.tests.test_fixture_engine.TestInputsInvalidos" name="test_un_solo_duo" time="0.000" /><testcase classname="backend.tests.test_fixture_recalcular" name="test_recalcular_sin_resultados_sin_excluidos" time="1.229" /><testcase classname="backend.tests.test_fixture_recalcular" name="test_recalcular_excluyendo_un_jugador" time="0.710" /><testcase classname="backend.tests.test_fixture_recalcular" name="test_recalcular_409_si_pocos_jugadores" time="0.708" /><testcase classname="backend.tests.test_fixture_recalcular" name="test_recalcular_body_invalido" time="0.682" /><testcase classname="backend.tests.test_fixture_recalcular" name="test_recalcular_reta_inexistente" time="0.059" /><testcase classname="backend.tests.test_fixture_recalcular" name="test_get_rol_incluye_fixture_metadata" time="0.777" /><testcase classname="backend.tests.test_phase_a_rsvp" name="test_aceptar_con_cupo" time="0.840" /><testcase classname="backend.tests.test_phase_a_rsvp" name="test_idempotencia_mismo_telefono" time="0.603" /><testcase classname="backend.tests.test_phase_a_rsvp" name="test_llenado_va_a_lista_espera" time="0.848" /><testcase classname="backend.tests.test_phase_a_rsvp" name="test_rechazar_libera_y_promueve" time="1.161" /><testcase classname="backend.tests.test_phase_a_rsvp" name="test_rechazar_sin_previo_aceptado" time="0.335" /><testcase classname="backend.tests.test_phase_a_rsvp" name="test_rsvp_rejects_paga_reta" time="0.453" /><testcase classname="backend.tests.test_phase_a_rsvp" name="test_admin_asistencia_columnas" time="0.997" /><testcase classname="backend.tests.test_phase_a_rsvp" name="test_patch_estatus_libera_y_promueve" time="1.047" /><testcase classname="backend.tests.test_phase_a_rsvp" name="test_patch_acceptar_en_llena_409" time="1.081" /><testcase classname="backend.tests.test_phase_a_rsvp" name="test_regresion_paga_checkout_mp_no_rota" time="0.466" /><testcase classname="backend.tests.test_phase_a_rsvp" name="test_admin_endpoints_require_auth" time="0.208" /><testcase classname="backend.tests.test_fase_b_soporte" name="test_alertar_organizador_registra_alerta" time="0.444" /><testcase classname="backend.tests.test_fase_b_soporte" name="test_alertar_organizador_motivo_corto" time="0.052" /><testcase classname="backend.tests.test_fase_b_soporte" name="test_alertar_organizador_rate_limit" time="0.107" /><testcase classname="backend.tests.test_fase_b_soporte" name="test_alertar_organizador_slug_inexistente" time="0.052" /><testcase classname="backend.tests.test_fase_b_soporte" name="test_reportar_ausencia_marca_inscripcion" time="0.173" /><testcase classname="backend.tests.test_fase_b_soporte" name="test_admin_inbox_alertas" time="0.053" /><testcase classname="backend.tests.test_fase_b_soporte" name="test_admin_marcar_alerta_leida" time="0.175" /><testcase classname="backend.tests.test_fase_b_soporte" name="test_admin_get_me" time="0.050" /><testcase classname="backend.tests.test_fase_b_soporte" name="test_admin_set_whatsapp" time="0.263" /><testcase classname="backend.tests.test_fase_b_soporte" name="test_inscripcion_inline_edit" time="0.114" /><testcase classname="backend.tests.test_fase_b_soporte" name="test_inscripcion_inline_cancha_invalida" time="0.120" /><testcase classname="backend.tests.test_fase_b_soporte" name="test_inscripcion_inline_no_auth" time="0.055" /><testcase classname="backend.tests.test_fase_b_soporte" name="test_confirmar_manual_aprueba" time="0.158" /><testcase classname="backend.tests.test_fase_b_soporte" name="test_confirmar_manual_idempotente" time="0.208" /><testcase classname="backend.tests.test_fase_c_blindaje" name="test_inline_edit_bloqueado_si_pasada" time="0.504"><skipped type="pytest.skip" message="Checkout falló en reta pasada (esperable): 403">/app/backend/tests/test_fase_c_blindaje.py:112: Checkout falló en reta pasada (esperable): 403</skipped></testcase><testcase classname="backend.tests.test_fase_c_blindaje" name="test_confirmar_manual_bloqueado_si_pasada" time="0.151"><skipped type="pytest.skip" message="Checkout falló — backend ya bloquea retas pasadas">/app/backend/tests/test_fase_c_blindaje.py:135: Checkout falló — backend ya bloquea retas pasadas</skipped></testcase><testcase classname="backend.tests.test_fase_c_blindaje" name="test_rsvp_aceptar_bloqueado_si_pasada" time="0.202" /><testcase classname="backend.tests.test_fase_c_blindaje" name="test_inline_edit_funciona_si_futura" time="0.231" /><testcase classname="backend.tests.test_fase_c_blindaje" name="test_helper_is_reta_cerrada" time="0.194" /><testcase classname="backend.tests.test_fase_c_checkout_guards" name="test_checkout_mock_bloqueado_si_pasada" time="0.517" /><testcase classname="backend.tests.test_fase_c_checkout_guards" name="test_checkout_stripe_bloqueado_si_pasada" time="0.178" /><testcase classname="backend.tests.test_fase_c_checkout_guards" name="test_checkout_mp_bloqueado_si_pasada" time="0.162" /><testcase classname="backend.tests.test_fase_c_checkout_guards" name="test_patch_estatus_bloqueado_si_pasada" time="0.229" /><testcase classname="backend.tests.test_fase_c_checkout_guards" name="test_checkout_mock_funciona_si_futura" time="0.166" /><testcase classname="backend.tests.test_logic_modules" name="test_validar_rotacion_no_raises" time="0.000" /><testcase classname="backend.tests.test_logic_modules" name="test_round_robin_table_has_7_rondas" time="0.000" /><testcase classname="backend.tests.test_logic_modules" name="test_generar_rol_filtrado[5]" time="0.000" /><testcase classname="backend.tests.test_logic_modules" name="test_generar_rol_filtrado[6]" time="0.000" /><testcase classname="backend.tests.test_logic_modules" name="test_generar_rol_filtrado[7]" time="0.000" /><testcase classname="backend.tests.test_logic_modules" name="test_generar_rol_rechaza_jugadores_incorrectos" time="0.000" /><testcase classname="backend.tests.test_logic_modules" name="test_generar_rol_rechaza_rondas_invalidas" time="0.000" /><testcase classname="backend.tests.test_logic_modules" name="test_haversine_cdmx_aprox_10km" time="0.000" /><testcase classname="backend.tests.test_logic_modules" name="test_haversine_zero_for_same_point" time="0.000" /><testcase classname="backend.tests.test_logic_modules" name="test_construir_fecha_local_iso_offset_cdmx" time="0.000" /><testcase classname="backend.tests.test_rol_preview.TestPreviewBasic" name="test_preview_returns_200_with_is_preview_flag" time="0.449" /><testcase classname="backend.tests.test_rol_preview.TestPreviewBasic" name="test_preview_with_reordered_list_returns_new_rol" time="0.230" /><testcase classname="backend.tests.test_rol_preview.TestPreviewValidation" name="test_duplicate_names_returns_422" time="0.127" /><testcase classname="backend.tests.test_rol_preview.TestPreviewValidation" name="test_jugadores_not_array_returns_422" time="0.130" /><testcase classname="backend.tests.test_rol_preview.TestPreviewValidation" name="test_jugadores_missing_returns_422" time="0.115" /><testcase classname="backend.tests.test_rol_preview.TestPreviewValidation" name="test_jugadores_with_non_string_element_returns_422" time="0.105" /><testcase classname="backend.tests.test_rol_preview.TestPreviewAuth" name="test_no_auth_returns_401_or_403" time="0.213" /><testcase classname="backend.tests.test_rol_preview.TestPreviewAuth" name="test_invalid_token_returns_401" time="0.110" /><testcase classname="backend.tests.test_rol_preview.TestPreviewPlaceholders" name="test_short_list_is_padded_with_placeholders" time="0.108" /><testcase classname="backend.tests.test_rol_preview.TestPreviewPlaceholders" name="test_empty_list_returns_full_placeholders" time="0.131" /><testcase classname="backend.tests.test_rol_preview.TestPreviewNoPersistence" name="test_preview_does_not_mutate_rol_persisted" time="0.329" /><testcase classname="backend.tests.test_rol_preview.TestRegressionExisting" name="test_get_rol_still_works" time="0.127" /><testcase classname="backend.tests.test_rol_preview.TestRegressionExisting" name="test_put_orden_still_works" time="0.453" /><testcase classname="backend.tests.test_rol_preview.TestRegressionExisting" name="test_capturar_resultado_y_borrar" time="0.333" /><testcase classname="backend.tests.test_rol_preview.TestRegressionExisting" name="test_preview_works_even_with_resultados_present" time="0.348" /><testcase classname="backend.tests.test_rol_preview.TestRegressionExisting" name="test_reta_not_found_returns_404" time="0.108" /></testsuite></testsuites>