<?xml version="1.0" encoding="utf-8"?><testsuites name="pytest tests"><testsuite name="pytest" errors="0" failures="0" skipped="0" tests="9" time="1.559" timestamp="2026-05-29T00:46:32.709920+00:00" hostname="agent-env-6fcfc196-e04f-4efe-af9a-ddc6fdde71ea"><testcase classname="backend.tests.test_clubes_smart" name="test_buscar_por_texto" time="0.368" /><testcase classname="backend.tests.test_clubes_smart" name="test_buscar_por_geo_orden_haversine" time="0.054" /><testcase classname="backend.tests.test_clubes_smart" name="test_buscar_no_encontrado" time="0.057" /><testcase classname="backend.tests.test_clubes_smart" name="test_create_reta_con_club_id_existente" time="0.421" /><testcase classname="backend.tests.test_clubes_smart" name="test_create_reta_enriquecimiento_silencioso" time="0.104" /><testcase classname="backend.tests.test_clubes_smart" name="test_create_reta_dedupe_club" time="0.114" /><testcase classname="backend.tests.test_clubes_smart" name="test_get_reta_publica_expone_geo" time="0.058" /><testcase classname="backend.tests.test_clubes_smart" name="test_get_reta_publica_sin_geo" time="0.053" /><testcase classname="backend.tests.test_clubes_smart" name="test_zz_cleanup" time="0.293" /></testsuite></testsuites>