<?xml version="1.0" encoding="utf-8"?><testsuites name="pytest tests"><testsuite name="pytest" errors="0" failures="0" skipped="0" tests="13" time="2.028" timestamp="2026-06-09T17:29:01.044980+00:00" hostname="agent-env-6fcfc196-e04f-4efe-af9a-ddc6fdde71ea"><testcase classname="tests.test_iter41_mp_marketplace_oauth.TestMpOAuthStart" name="test_oauth_start_returns_signed_url" time="0.486" /><testcase classname="tests.test_iter41_mp_marketplace_oauth.TestMpOAuthStart" name="test_oauth_start_requires_auth" time="0.054" /><testcase classname="tests.test_iter41_mp_marketplace_oauth.TestMpOAuthCallback" name="test_callback_access_denied_redirects_error" time="0.055" /><testcase classname="tests.test_iter41_mp_marketplace_oauth.TestMpOAuthCallback" name="test_callback_invalid_state_redirects_state_invalid" time="0.054" /><testcase classname="tests.test_iter41_mp_marketplace_oauth.TestMpOAuthCallback" name="test_callback_missing_code_redirects_missing_code" time="0.060" /><testcase classname="tests.test_iter41_mp_marketplace_oauth.TestCryptoHelper" name="test_encrypt_decrypt_roundtrip_with_key" time="0.003" /><testcase classname="tests.test_iter41_mp_marketplace_oauth.TestCryptoHelper" name="test_encrypt_is_idempotent_on_prefixed_input" time="0.001" /><testcase classname="tests.test_iter41_mp_marketplace_oauth.TestCryptoHelper" name="test_decrypt_plaintext_passthrough" time="0.001" /><testcase classname="tests.test_iter41_mp_marketplace_oauth.TestCryptoHelper" name="test_passthrough_when_key_absent" time="0.000" /><testcase classname="tests.test_iter41_mp_marketplace_oauth.TestCryptoHelper" name="test_empty_input_returns_input" time="0.000" /><testcase classname="tests.test_iter41_mp_marketplace_oauth.TestMpConnectEncryptsAtRest" name="test_manual_connect_persists_encrypted_token" time="0.253" /><testcase classname="tests.test_iter41_mp_marketplace_oauth.TestMpStatusNewFields" name="test_status_has_marketplace_fields" time="0.259" /><testcase classname="tests.test_iter41_mp_marketplace_oauth.TestWebhookMultiOrgResolver" name="test_webhook_reroutes_via_metadata_admin_email" time="0.682" /></testsuite></testsuites>