<?xml version="1.0" encoding="utf-8"?><testsuites name="pytest tests"><testsuite name="pytest" errors="0" failures="0" skipped="0" tests="13" time="11.470" timestamp="2026-05-28T17:56:08.212685+00:00" hostname="agent-env-6fcfc196-e04f-4efe-af9a-ddc6fdde71ea"><testcase classname="backend.tests.test_action_items_2_3.TestNotifyEndpoints" name="test_p8_endpoints_registrados" time="2.676" /><testcase classname="backend.tests.test_action_items_2_3.TestNotifyEndpoints" name="test_p9_auth_requerida" time="0.215" /><testcase classname="backend.tests.test_action_items_2_3.TestNotifyEndpoints" name="test_p10_recordatorio_general" time="1.268" /><testcase classname="backend.tests.test_action_items_2_3.TestNotifyEndpoints" name="test_p11_proximo_partido_4_jugadores" time="1.071" /><testcase classname="backend.tests.test_action_items_2_3.TestNotifyEndpoints" name="test_p12_proximo_partido_parejas" time="2.216" /><testcase classname="backend.tests.test_action_items_2_3.TestNotifyEndpoints" name="test_p13_lista_espera" time="1.884" /><testcase classname="backend.tests.test_action_items_2_3.TestNotifyEndpoints" name="test_p14_invariante_force_mock" time="1.087" /><testcase classname="backend.tests.test_action_items_2_3.TestDeployReadiness" name="test_p17_shape_ok" time="0.123" /><testcase classname="backend.tests.test_action_items_2_3.TestDeployReadiness" name="test_p18_sin_auth" time="0.107" /><testcase classname="backend.tests.test_action_items_2_3.TestDeployReadiness" name="test_p19_siete_integraciones" time="0.098" /><testcase classname="backend.tests.test_action_items_2_3.TestDeployReadiness" name="test_p20_campos_por_item" time="0.126" /><testcase classname="backend.tests.test_action_items_2_3.TestDeployReadiness" name="test_p21_modes_validos" time="0.102" /><testcase classname="backend.tests.test_action_items_2_3.TestDeployReadiness" name="test_p22_severities_validas" time="0.453" /></testsuite></testsuites>