<?xml version="1.0" encoding="utf-8"?><testsuites name="pytest tests"><testsuite name="pytest" errors="0" failures="0" skipped="0" tests="8" time="4.041" timestamp="2026-05-28T00:03:39.615876+00:00" hostname="agent-env-6fcfc196-e04f-4efe-af9a-ddc6fdde71ea"><testcase classname="tests.test_phase_c_supplement.TestWSDeleteBroadcast" name="test_ws_recibe_broadcast_delete" time="1.330" /><testcase classname="tests.test_phase_c_supplement.TestWSPlayerAuth" name="test_ws_player_aprobado_conecta" time="0.616" /><testcase classname="tests.test_phase_c_supplement.TestWSPlayerAuth" name="test_ws_player_pendiente_cierra_403" time="0.504" /><testcase classname="tests.test_phase_c_supplement.TestWSPlayerAuth" name="test_ws_player_sin_inscripcion_cierra_403" time="0.349" /><testcase classname="tests.test_phase_c_supplement.TestRegresionEndpoints" name="test_health" time="0.138" /><testcase classname="tests.test_phase_c_supplement.TestRegresionEndpoints" name="test_radar_publico" time="0.107" /><testcase classname="tests.test_phase_c_supplement.TestRegresionEndpoints" name="test_retas_crud_y_share_info_y_qr" time="0.475" /><testcase classname="tests.test_phase_c_supplement.TestRegresionEndpoints" name="test_checkout_publico_y_waitlist_basico" time="0.472" /></testsuite></testsuites>