<?xml version="1.0" encoding="utf-8"?><testsuites name="pytest tests"><testsuite name="pytest" errors="0" failures="0" skipped="0" tests="16" time="0.454" timestamp="2026-07-01T23:22:18.281429+00:00" hostname="agent-env-6fcfc196-e04f-4efe-af9a-ddc6fdde71ea"><testcase classname="tests.test_iter51_open_reta_preauth" name="test_1_hold_funds_capture_false_body" time="0.002" /><testcase classname="tests.test_iter51_open_reta_preauth" name="test_2_capture_funds_puts_capture_true" time="0.001" /><testcase classname="tests.test_iter51_open_reta_preauth" name="test_3_cancel_hold_puts_status_cancelled" time="0.001" /><testcase classname="tests.test_iter51_open_reta_preauth" name="test_4_cancel_hold_idempotent_on_400_cannot" time="0.001" /><testcase classname="tests.test_iter51_open_reta_preauth" name="test_5_crear_join_request_happy_path" time="0.016" /><testcase classname="tests.test_iter51_open_reta_preauth" name="test_6_crear_join_request_duplicate_returns_409" time="0.004" /><testcase classname="tests.test_iter51_open_reta_preauth" name="test_7_crear_join_request_402_when_card_rejected" time="0.005" /><testcase classname="tests.test_iter51_open_reta_preauth" name="test_8_crear_join_request_404_reta_missing" time="0.001" /><testcase classname="tests.test_iter51_open_reta_preauth" name="test_9_decidir_approve_captures_and_creates_inscripcion" time="0.011" /><testcase classname="tests.test_iter51_open_reta_preauth" name="test_10_decidir_approve_reta_llena_rollback" time="0.007" /><testcase classname="tests.test_iter51_open_reta_preauth" name="test_11_decidir_approve_capture_fails_rollback_lugar" time="0.006" /><testcase classname="tests.test_iter51_open_reta_preauth" name="test_12_decidir_reject_cancels_hold_and_marks_rejected" time="0.005" /><testcase classname="tests.test_iter51_open_reta_preauth" name="test_13_decidir_idempotent_already_approved" time="0.003" /><testcase classname="tests.test_iter51_open_reta_preauth" name="test_14_auto_expire_cancels_and_marks_expired" time="0.004" /><testcase classname="tests.test_iter51_open_reta_preauth" name="test_15_auto_expire_noop_if_already_decided" time="0.025" /><testcase classname="tests.test_iter51_open_reta_preauth" name="test_16_auto_expire_reta_deleted_marks_expired_no_mp" time="0.003" /></testsuite></testsuites>