<?xml version="1.0" encoding="utf-8"?><testsuites name="pytest tests"><testsuite name="pytest" errors="0" failures="0" skipped="2" tests="15" time="3.056" timestamp="2026-08-12T16:59:18.995969+00:00" hostname="agent-env-6fcfc196-e04f-4efe-af9a-ddc6fdde71ea"><testcase classname="backend.tests.test_iter59_e2e_auth_mp.TestEmailMagicLinkE2E" name="test_verify_returns_jwt_and_user_shape" time="1.110" /><testcase classname="backend.tests.test_iter59_e2e_auth_mp.TestEmailMagicLinkE2E" name="test_first_login_profile_incomplete" time="0.000" /><testcase classname="backend.tests.test_iter59_e2e_auth_mp.TestEmailMagicLinkE2E" name="test_me_endpoint_with_new_jwt" time="0.127" /><testcase classname="backend.tests.test_iter59_e2e_auth_mp.TestEmailMagicLinkE2E" name="test_profile_setup_completes_onboarding" time="0.140" /><testcase classname="backend.tests.test_iter59_e2e_auth_mp.TestEmailMagicLinkE2E" name="test_me_after_setup_reflects_completed" time="0.131" /><testcase classname="backend.tests.test_iter59_e2e_auth_mp.TestRetaCreation" name="test_reta_created_with_open_reta" time="0.489" /><testcase classname="backend.tests.test_iter59_e2e_auth_mp.TestRetaCreation" name="test_reta_persisted_in_mongo" time="0.001" /><testcase classname="backend.tests.test_iter59_e2e_auth_mp.TestMpPreauthGuard" name="test_join_request_returns_424_without_mp_connect" time="0.272" /><testcase classname="backend.tests.test_iter59_e2e_auth_mp.TestMpPreauthGuard" name="test_join_request_404_for_missing_reta" time="0.124" /><testcase classname="backend.tests.test_iter59_e2e_auth_mp.TestWebhookSignature" name="test_webhook_rejects_missing_signature" time="0.114" /><testcase classname="backend.tests.test_iter59_e2e_auth_mp.TestWebhookSignature" name="test_webhook_rejects_wrong_signature" time="0.133" /><testcase classname="backend.tests.test_iter59_e2e_auth_mp.TestSlotAssignmentUnit" name="test_aplicar_resultado_pago_is_async_and_callable" time="0.292" /><testcase classname="backend.tests.test_iter59_e2e_auth_mp.TestSlotAssignmentUnit" name="test_aplicar_resultado_pago_no_match_returns_matched_false" time="0.002" /><testcase classname="backend.tests.test_iter59_e2e_auth_mp.TestSkippedByDesign" name="test_google_oauth_e2e" time="0.000"><skipped type="pytest.skip" message="Google OAuth E2E requires deployed URL + Emergent callback">/app/backend/tests/test_iter59_e2e_auth_mp.py:442: Google OAuth E2E requires deployed URL + Emergent callback</skipped></testcase><testcase classname="backend.tests.test_iter59_e2e_auth_mp.TestSkippedByDesign" name="test_mp_card_form_checkout" time="0.070"><skipped type="pytest.skip" message="MP hosted checkout requires external card-form UI + human">/app/backend/tests/test_iter59_e2e_auth_mp.py:446: MP hosted checkout requires external card-form UI + human</skipped></testcase></testsuite></testsuites>