<?xml version="1.0" encoding="utf-8"?><testsuites name="pytest tests"><testsuite name="pytest" errors="0" failures="0" skipped="0" tests="16" time="5.401" timestamp="2026-05-27T16:40:22.478757+00:00" hostname="agent-env-6fcfc196-e04f-4efe-af9a-ddc6fdde71ea"><testcase classname="tests.test_dashboard_refund_player_auth.TestAdminMetrics" name="test_metrics_requires_auth" time="0.204" /><testcase classname="tests.test_dashboard_refund_player_auth.TestAdminMetrics" name="test_metrics_rejects_player_token" time="0.489" /><testcase classname="tests.test_dashboard_refund_player_auth.TestAdminMetrics" name="test_metrics_schema_and_ordering" time="0.316" /><testcase classname="tests.test_dashboard_refund_player_auth.TestRefundEndpoint" name="test_refund_requires_auth" time="0.072" /><testcase classname="tests.test_dashboard_refund_player_auth.TestRefundEndpoint" name="test_refund_404_for_missing_inscripcion" time="0.183" /><testcase classname="tests.test_dashboard_refund_player_auth.TestRefundEndpoint" name="test_refund_400_when_not_aprobado" time="0.246" /><testcase classname="tests.test_dashboard_refund_player_auth.TestRefundEndpoint" name="test_refund_success_no_payment_intent_local_path" time="0.325" /><testcase classname="tests.test_dashboard_refund_player_auth.TestRefundEndpoint" name="test_refund_idempotent_returns_404_second_time" time="0.349" /><testcase classname="tests.test_dashboard_refund_player_auth.TestRefundEndpoint" name="test_refund_promotes_waitlist" time="1.262" /><testcase classname="tests.test_dashboard_refund_player_auth.TestPlayerOtp" name="test_otp_request_creates_record_and_lazy_user" time="0.071" /><testcase classname="tests.test_dashboard_refund_player_auth.TestPlayerOtp" name="test_otp_verify_wrong_code_increments_intentos" time="0.505" /><testcase classname="tests.test_dashboard_refund_player_auth.TestPlayerOtp" name="test_otp_verify_expired_returns_410" time="0.192" /><testcase classname="tests.test_dashboard_refund_player_auth.TestPlayerOtp" name="test_otp_full_success_flow" time="0.229" /><testcase classname="tests.test_dashboard_refund_player_auth.TestPlayerOtp" name="test_player_me_requires_auth_and_rejects_admin" time="0.145" /><testcase classname="tests.test_dashboard_refund_player_auth.TestPlayerHistoryStats" name="test_player_inscripciones_only_own_phone" time="0.506" /><testcase classname="tests.test_dashboard_refund_player_auth.TestPlayerHistoryStats" name="test_player_stats_returns_schema" time="0.196" /></testsuite></testsuites>