<?xml version="1.0" encoding="utf-8"?><testsuites name="pytest tests"><testsuite name="pytest" errors="0" failures="0" skipped="0" tests="8" time="4.204" timestamp="2026-05-29T22:38:07.145358+00:00" hostname="agent-env-6fcfc196-e04f-4efe-af9a-ddc6fdde71ea"><testcase classname="tests.test_iter31_jwt_jti_regression.TestPlayerJwtClaims" name="test_otp_verify_includes_iat_and_jti" time="0.950" /><testcase classname="tests.test_iter31_jwt_jti_regression.TestPlayerJwtClaims" name="test_jti_unique_across_emissions" time="0.263" /><testcase classname="tests.test_iter31_jwt_jti_regression.TestRegressionEndpoints" name="test_root_api" time="0.053" /><testcase classname="tests.test_iter31_jwt_jti_regression.TestRegressionEndpoints" name="test_admin_login_ok" time="0.341" /><testcase classname="tests.test_iter31_jwt_jti_regression.TestRegressionEndpoints" name="test_admin_refresh" time="0.054" /><testcase classname="tests.test_iter31_jwt_jti_regression.TestRegressionEndpoints" name="test_revoke_all_sessions" time="0.056" /><testcase classname="tests.test_iter31_jwt_jti_regression.TestRegressionEndpoints" name="test_admin_logout" time="2.337" /><testcase classname="tests.test_iter31_jwt_jti_regression.TestRegressionEndpoints" name="test_player_delete_me" time="0.115" /></testsuite></testsuites>