<?xml version="1.0" encoding="utf-8"?><testsuites name="pytest tests"><testsuite name="pytest" errors="0" failures="1" skipped="0" tests="25" time="63.273" timestamp="2026-05-28T17:21:54.275413+00:00" hostname="agent-env-6fcfc196-e04f-4efe-af9a-ddc6fdde71ea"><testcase classname="tests.test_phase234_parejas.TestFase2Checkout" name="test_mp_dúo_crea_2_inscripciones_mismo_grupo" time="1.495" /><testcase classname="tests.test_phase234_parejas.TestFase2Checkout" name="test_mp_individual_rechaza_datos_pareja" time="0.275" /><testcase classname="tests.test_phase234_parejas.TestFase2Checkout" name="test_mp_parejas_sin_pareja_ni_freeagent_400" time="0.300" /><testcase classname="tests.test_phase234_parejas.TestFase2Checkout" name="test_mp_freeagent_sin_permiso_400" time="0.218" /><testcase classname="tests.test_phase234_parejas.TestFase2Checkout" name="test_mock_checkout_dúo_crea_2" time="0.404" /><testcase classname="tests.test_phase234_parejas.TestFase2Checkout" name="test_stripe_dúo_o_503" time="1.006" /><testcase classname="tests.test_phase234_parejas.TestFase2Checkout" name="test_webhook_payment_approved_aprueba_ambas" time="0.522" /><testcase classname="tests.test_phase234_parejas.TestFase2Checkout" name="test_webhook_payment_failed_borra_ambas_libera_2" time="0.740" /><testcase classname="tests.test_phase234_parejas.TestFase2Checkout" name="test_concurrencia_un_cupo_dúo_409" time="1.120" /><testcase classname="tests.test_phase234_parejas.TestFase3RoundRobin" name="test_rol_individual_regresion" time="0.246" /><testcase classname="tests.test_phase234_parejas.TestFase3RoundRobin" name="test_rol_parejas_sin_duos" time="0.222" /><testcase classname="tests.test_phase234_parejas.TestFase3RoundRobin" name="test_rol_parejas_con_4_duos" time="1.198"><failure message="AssertionError: Esperado 3 rondas, got 1: [{'cancha': 1, 'rondas': [{'ronda': 1, 'partidos': [{'pareja_a': ['PA0', 'PB0'], 'pareja_b': ['PA1', 'PB1']}, {'pareja_a': ['PA2', 'PB2'], 'pareja_b': ['PA3', 'PB3']}]}, {'ronda': 2, 'partidos': [{'pareja_a': ['PA0', 'PB0'], 'pareja_b': ['PA2', 'PB2']}, {'pareja_a': ['PA1', 'PB1'], 'pareja_b': ['PA3', 'PB3']}]}, {'ronda': 3, 'partidos': [{'pareja_a': ['PA0', 'PB0'], 'pareja_b': ['PA3', 'PB3']}, {'pareja_a': ['PA1', 'PB1'], 'pareja_b': ['PA2', 'PB2']}]}, {'ronda': 4, 'partidos': [{'pareja_a': ['PA0', 'PB0'], 'pareja_b': ['PA1', 'PB1']}, {'pareja_a': ['PA2', 'PB2'], 'pareja_b': ['PA3', 'PB3']}]}, {'ronda': 5, 'partidos': [{'pareja_a': ['PA0', 'PB0'], 'pareja_b': ['PA2', 'PB2']}, {'pareja_a': ['PA1', 'PB1'], 'pareja_b': ['PA3', 'PB3']}]}, {'ronda': 6, 'partidos': [{'pareja_a': ['PA0', 'PB0'], 'pareja_b': ['PA3', 'PB3']}, {'pareja_a': ['PA1', 'PB1'], 'pareja_b': ['PA2', 'PB2']}]}, {'ronda': 7, 'partidos': [{'pareja_a': ['PA0', 'PB0'], 'pareja_b': ['PA1', 'PB1']}, {'pareja_a': ['PA2', 'PB2'], 'pareja_b': ['PA3', 'PB3']}]}]}]&#10;assert 1 == 3&#10; +  where 1 = len([{'cancha': 1, 'rondas': [{'partidos': [{'pareja_a': [...], 'pareja_b': [...]}, {'pareja_a': [...], 'pareja_b': [...]}], 'ronda': 1}, {'partidos': [{'pareja_a': [...], 'pareja_b': [...]}, {'pareja_a': [...], 'pareja_b': [...]}], 'ronda': 2}, {'partidos': [{'pareja_a': [...], 'pareja_b': [...]}, {'pareja_a': [...], 'pareja_b': [...]}], 'ronda': 3}, {'partidos': [{'pareja_a': [...], 'pareja_b': [...]}, {'pareja_a': [...], 'pareja_b': [...]}], 'ronda': 4}, {'partidos': [{'pareja_a': [...], 'pareja_b': [...]}, {'pareja_a': [...], 'pareja_b': [...]}], 'ronda': 5}, {'partidos': [{'pareja_a': [...], 'pareja_b': [...]}, {'pareja_a': [...], 'pareja_b': [...]}], 'ronda': 6}, ...]}])">tests/test_phase234_parejas.py:383: in test_rol_parejas_con_4_duos
    assert len(rol) == 3, f"Esperado 3 rondas, got {len(rol)}: {rol}"
E   AssertionError: Esperado 3 rondas, got 1: [{'cancha': 1, 'rondas': [{'ronda': 1, 'partidos': [{'pareja_a': ['PA0', 'PB0'], 'pareja_b': ['PA1', 'PB1']}, {'pareja_a': ['PA2', 'PB2'], 'pareja_b': ['PA3', 'PB3']}]}, {'ronda': 2, 'partidos': [{'pareja_a': ['PA0', 'PB0'], 'pareja_b': ['PA2', 'PB2']}, {'pareja_a': ['PA1', 'PB1'], 'pareja_b': ['PA3', 'PB3']}]}, {'ronda': 3, 'partidos': [{'pareja_a': ['PA0', 'PB0'], 'pareja_b': ['PA3', 'PB3']}, {'pareja_a': ['PA1', 'PB1'], 'pareja_b': ['PA2', 'PB2']}]}, {'ronda': 4, 'partidos': [{'pareja_a': ['PA0', 'PB0'], 'pareja_b': ['PA1', 'PB1']}, {'pareja_a': ['PA2', 'PB2'], 'pareja_b': ['PA3', 'PB3']}]}, {'ronda': 5, 'partidos': [{'pareja_a': ['PA0', 'PB0'], 'pareja_b': ['PA2', 'PB2']}, {'pareja_a': ['PA1', 'PB1'], 'pareja_b': ['PA3', 'PB3']}]}, {'ronda': 6, 'partidos': [{'pareja_a': ['PA0', 'PB0'], 'pareja_b': ['PA3', 'PB3']}, {'pareja_a': ['PA1', 'PB1'], 'pareja_b': ['PA2', 'PB2']}]}, {'ronda': 7, 'partidos': [{'pareja_a': ['PA0', 'PB0'], 'pareja_b': ['PA1', 'PB1']}, {'pareja_a': ['PA2', 'PB2'], 'pareja_b': ['PA3', 'PB3']}]}]}]
E   assert 1 == 3
E    +  where 1 = len([{'cancha': 1, 'rondas': [{'partidos': [{'pareja_a': [...], 'pareja_b': [...]}, {'pareja_a': [...], 'pareja_b': [...]}], 'ronda': 1}, {'partidos': [{'pareja_a': [...], 'pareja_b': [...]}, {'pareja_a': [...], 'pareja_b': [...]}], 'ronda': 2}, {'partidos': [{'pareja_a': [...], 'pareja_b': [...]}, {'pareja_a': [...], 'pareja_b': [...]}], 'ronda': 3}, {'partidos': [{'pareja_a': [...], 'pareja_b': [...]}, {'pareja_a': [...], 'pareja_b': [...]}], 'ronda': 4}, {'partidos': [{'pareja_a': [...], 'pareja_b': [...]}, {'pareja_a': [...], 'pareja_b': [...]}], 'ronda': 5}, {'partidos': [{'pareja_a': [...], 'pareja_b': [...]}, {'pareja_a': [...], 'pareja_b': [...]}], 'ronda': 6}, ...]}])</failure></testcase><testcase classname="tests.test_phase234_parejas.TestFase3RoundRobin" name="test_tabla_por_duo" time="0.793" /><testcase classname="tests.test_phase234_parejas.TestFase3RoundRobin" name="test_csv_rol_parejas" time="1.264" /><testcase classname="tests.test_phase234_parejas.TestFase3RoundRobin" name="test_clasificacion_csv_pdf_parejas" time="0.873" /><testcase classname="tests.test_phase234_parejas.TestFase4Admin" name="test_listar_free_agents" time="0.694" /><testcase classname="tests.test_phase234_parejas.TestFase4Admin" name="test_match_free_agents" time="0.874" /><testcase classname="tests.test_phase234_parejas.TestFase4Admin" name="test_match_ids_iguales_400" time="0.435" /><testcase classname="tests.test_phase234_parejas.TestFase4Admin" name="test_match_ya_emparejados_409" time="0.804" /><testcase classname="tests.test_phase234_parejas.TestFase4Admin" name="test_cancel_dúo_modo_duo" time="0.780" /><testcase classname="tests.test_phase234_parejas.TestFase4Admin" name="test_cancel_modo_solo" time="0.578" /><testcase classname="tests.test_phase234_parejas.TestFase4Admin" name="test_listar_duos" time="0.804" /><testcase classname="tests.test_phase234_parejas.TestFase4Admin" name="test_endpoints_fase4_requieren_auth" time="0.333" /><testcase classname="tests.test_phase234_parejas.TestFase4Admin" name="test_endpoints_fase4_400_si_individual" time="0.346" /><testcase classname="tests.test_phase234_parejas.TestRegresionIndividual" name="test_checkout_individual_clasico" time="46.844" /></testsuite></testsuites>