<?xml version="1.0" encoding="utf-8"?><testsuites name="pytest tests"><testsuite name="pytest" errors="0" failures="0" skipped="2" tests="48" time="15.180" timestamp="2026-05-29T16:20:44.031884+00:00" hostname="agent-env-6fcfc196-e04f-4efe-af9a-ddc6fdde71ea"><testcase classname="tests.test_phase_a_rsvp" name="test_aceptar_con_cupo" time="0.968" /><testcase classname="tests.test_phase_a_rsvp" name="test_idempotencia_mismo_telefono" time="0.635" /><testcase classname="tests.test_phase_a_rsvp" name="test_llenado_va_a_lista_espera" time="0.788" /><testcase classname="tests.test_phase_a_rsvp" name="test_rechazar_libera_y_promueve" time="1.199" /><testcase classname="tests.test_phase_a_rsvp" name="test_rechazar_sin_previo_aceptado" time="0.365" /><testcase classname="tests.test_phase_a_rsvp" name="test_rsvp_rejects_paga_reta" time="0.431" /><testcase classname="tests.test_phase_a_rsvp" name="test_admin_asistencia_columnas" time="1.173" /><testcase classname="tests.test_phase_a_rsvp" name="test_patch_estatus_libera_y_promueve" time="1.093" /><testcase classname="tests.test_phase_a_rsvp" name="test_patch_acceptar_en_llena_409" time="1.009" /><testcase classname="tests.test_phase_a_rsvp" name="test_regresion_paga_checkout_mp_no_rota" time="0.505" /><testcase classname="tests.test_phase_a_rsvp" name="test_admin_endpoints_require_auth" time="0.219" /><testcase classname="tests.test_fase_b_soporte" name="test_alertar_organizador_registra_alerta" time="0.432" /><testcase classname="tests.test_fase_b_soporte" name="test_alertar_organizador_motivo_corto" time="0.045" /><testcase classname="tests.test_fase_b_soporte" name="test_alertar_organizador_rate_limit" time="0.110" /><testcase classname="tests.test_fase_b_soporte" name="test_alertar_organizador_slug_inexistente" time="0.047" /><testcase classname="tests.test_fase_b_soporte" name="test_reportar_ausencia_marca_inscripcion" time="0.150" /><testcase classname="tests.test_fase_b_soporte" name="test_admin_inbox_alertas" time="0.052" /><testcase classname="tests.test_fase_b_soporte" name="test_admin_marcar_alerta_leida" time="0.161" /><testcase classname="tests.test_fase_b_soporte" name="test_admin_get_me" time="0.046" /><testcase classname="tests.test_fase_b_soporte" name="test_admin_set_whatsapp" time="0.195" /><testcase classname="tests.test_fase_b_soporte" name="test_inscripcion_inline_edit" time="0.108" /><testcase classname="tests.test_fase_b_soporte" name="test_inscripcion_inline_cancha_invalida" time="0.113" /><testcase classname="tests.test_fase_b_soporte" name="test_inscripcion_inline_no_auth" time="0.044" /><testcase classname="tests.test_fase_b_soporte" name="test_confirmar_manual_aprueba" time="0.157" /><testcase classname="tests.test_fase_b_soporte" name="test_confirmar_manual_idempotente" time="0.193" /><testcase classname="tests.test_fase_c_blindaje" name="test_inline_edit_bloqueado_si_pasada" time="0.553"><skipped type="pytest.skip" message="Checkout falló en reta pasada (esperable): 403">/app/backend/tests/test_fase_c_blindaje.py:112: Checkout falló en reta pasada (esperable): 403</skipped></testcase><testcase classname="tests.test_fase_c_blindaje" name="test_confirmar_manual_bloqueado_si_pasada" time="0.179"><skipped type="pytest.skip" message="Checkout falló — backend ya bloquea retas pasadas">/app/backend/tests/test_fase_c_blindaje.py:135: Checkout falló — backend ya bloquea retas pasadas</skipped></testcase><testcase classname="tests.test_fase_c_blindaje" name="test_rsvp_aceptar_bloqueado_si_pasada" time="0.178" /><testcase classname="tests.test_fase_c_blindaje" name="test_inline_edit_funciona_si_futura" time="0.247" /><testcase classname="tests.test_fase_c_blindaje" name="test_helper_is_reta_cerrada" time="0.182" /><testcase classname="tests.test_fase_c_checkout_guards" name="test_checkout_mock_bloqueado_si_pasada" time="0.494" /><testcase classname="tests.test_fase_c_checkout_guards" name="test_checkout_stripe_bloqueado_si_pasada" time="0.171" /><testcase classname="tests.test_fase_c_checkout_guards" name="test_checkout_mp_bloqueado_si_pasada" time="0.174" /><testcase classname="tests.test_fase_c_checkout_guards" name="test_patch_estatus_bloqueado_si_pasada" time="0.216" /><testcase classname="tests.test_fase_c_checkout_guards" name="test_checkout_mock_funciona_si_futura" time="0.165" /><testcase classname="tests.test_clubes_smart" name="test_buscar_por_texto" time="0.117" /><testcase classname="tests.test_clubes_smart" name="test_buscar_por_geo_orden_haversine" time="0.062" /><testcase classname="tests.test_clubes_smart" name="test_buscar_no_encontrado" time="0.053" /><testcase classname="tests.test_clubes_smart" name="test_create_reta_con_club_id_existente" time="0.383" /><testcase classname="tests.test_clubes_smart" name="test_create_reta_enriquecimiento_silencioso" time="0.109" /><testcase classname="tests.test_clubes_smart" name="test_create_reta_dedupe_club" time="0.108" /><testcase classname="tests.test_clubes_smart" name="test_get_reta_publica_expone_geo" time="0.049" /><testcase classname="tests.test_clubes_smart" name="test_get_reta_publica_sin_geo" time="0.052" /><testcase classname="tests.test_clubes_smart" name="test_race_condition_misma_creacion" time="0.158" /><testcase classname="tests.test_clubes_smart" name="test_buscar_con_caracteres_especiales" time="0.381" /><testcase classname="tests.test_clubes_smart" name="test_buscar_geo_invalido" time="0.061" /><testcase classname="tests.test_clubes_smart" name="test_update_reta_re_enriquece" time="0.133" /><testcase classname="tests.test_clubes_smart" name="test_zz_cleanup" time="0.584" /></testsuite></testsuites>