<?xml version="1.0" encoding="utf-8"?><testsuites name="pytest tests"><testsuite name="pytest" errors="0" failures="0" skipped="0" tests="8" time="2.166" timestamp="2026-06-06T17:11:54.655577+00:00" hostname="agent-env-6fcfc196-e04f-4efe-af9a-ddc6fdde71ea"><testcase classname="backend.tests.test_iter38_fase1_fase2.TestFase1Parametrization" name="test_post_persists_new_fields" time="0.814" /><testcase classname="backend.tests.test_iter38_fase1_fase2.TestFase1Parametrization" name="test_put_updates_new_fields" time="0.200" /><testcase classname="backend.tests.test_iter38_fase1_fase2.TestFase2KOyCapTotal" name="test_ko_3_0_auto_detection" time="0.157" /><testcase classname="backend.tests.test_iter38_fase1_fase2.TestFase2KOyCapTotal" name="test_cap_total_exceeded_returns_422" time="0.147" /><testcase classname="backend.tests.test_iter38_fase1_fase2.TestFase2KOyCapTotal" name="test_ko_blocks_further_edits_with_409" time="0.206" /><testcase classname="backend.tests.test_iter38_fase1_fase2.TestFase2KOyCapTotal" name="test_delete_ko_result_allowed" time="0.256" /><testcase classname="backend.tests.test_iter38_fase1_fase2.TestFase2KOyCapTotal" name="test_tiempo_allows_tie_and_no_ko" time="0.143" /><testcase classname="backend.tests.test_iter38_fase1_fase2.TestFase2KOyCapTotal" name="test_legacy_reta_without_cap_accepts_free_scores" time="0.195" /></testsuite></testsuites>