<?xml version="1.0" encoding="utf-8"?><testsuites name="pytest tests"><testsuite name="pytest" errors="0" failures="0" skipped="0" tests="88" time="27.677" timestamp="2026-05-27T18:41:05.453289+00:00" hostname="agent-env-6fcfc196-e04f-4efe-af9a-ddc6fdde71ea"><testcase classname="backend.tests.test_api_pixel_padel.TestAuth" name="test_login_success" time="0.392" /><testcase classname="backend.tests.test_api_pixel_padel.TestAuth" name="test_login_bad_password" time="0.280" /><testcase classname="backend.tests.test_api_pixel_padel.TestAuth" name="test_me_returns_admin" time="0.331" /><testcase classname="backend.tests.test_api_pixel_padel.TestAuth" name="test_me_requires_token" time="0.045" /><testcase classname="backend.tests.test_api_pixel_padel.TestRetas" name="test_create_reta_sets_max_jugadores_8x_canchas" time="0.158" /><testcase classname="backend.tests.test_api_pixel_padel.TestRetas" name="test_list_retas_has_semaforo" time="0.159" /><testcase classname="backend.tests.test_api_pixel_padel.TestRadar" name="test_radar_includes_close_excludes_far" time="0.256" /><testcase classname="backend.tests.test_api_pixel_padel.TestPublicDetail" name="test_get_reta_by_slug" time="0.143" /><testcase classname="backend.tests.test_api_pixel_padel.TestCheckoutFlow" name="test_checkout_creates_pendiente_with_lock" time="0.205" /><testcase classname="backend.tests.test_api_pixel_padel.TestCheckoutFlow" name="test_fill_reta_to_rojo_and_409" time="1.113" /><testcase classname="backend.tests.test_api_pixel_padel.TestWaitlist" name="test_waitlist_positions_and_promotion" time="1.629" /><testcase classname="backend.tests.test_api_pixel_padel.TestPDF" name="test_generate_pdf_binary" time="0.212" /><testcase classname="backend.tests.test_api_pixel_padel.TestPlayerStats" name="test_stats_unknown_player_returns_defaults" time="0.049" /><testcase classname="backend.tests.test_api_pixel_padel.TestPlayerStats" name="test_stats_known_player_no_results_yet" time="0.268" /><testcase classname="backend.tests.test_api_pixel_padel.TestPlayerStats" name="test_stats_real_efectividad_from_resultados" time="0.407" /><testcase classname="backend.tests.test_api_pixel_padel.TestRol" name="test_get_rol_returns_round_robin" time="0.178" /><testcase classname="backend.tests.test_api_pixel_padel.TestRol" name="test_get_rol_requires_auth" time="0.054" /><testcase classname="backend.tests.test_api_pixel_padel.TestResultados" name="test_post_resultado_calcula_ganador_A" time="0.164" /><testcase classname="backend.tests.test_api_pixel_padel.TestResultados" name="test_post_resultado_calcula_ganador_B_y_empate" time="0.218" /><testcase classname="backend.tests.test_api_pixel_padel.TestResultados" name="test_post_resultado_idempotente_upsert" time="0.298" /><testcase classname="backend.tests.test_api_pixel_padel.TestResultados" name="test_get_resultados_ordenado" time="0.397" /><testcase classname="backend.tests.test_api_pixel_padel.TestResultados" name="test_post_validations_cancha_ronda_pareja" time="0.256" /><testcase classname="backend.tests.test_api_pixel_padel.TestTabla" name="test_tabla_ordering_y_puntos" time="0.329" /><testcase classname="backend.tests.test_api_pixel_padel.TestTabla" name="test_tabla_publica_sin_auth" time="0.233" /><testcase classname="backend.tests.test_api_pixel_padel.TestTabla" name="test_tabla_reta_inexistente_404" time="0.119" /><testcase classname="backend.tests.test_dashboard_refund_player_auth.TestAdminMetrics" name="test_metrics_requires_auth" time="0.050" /><testcase classname="backend.tests.test_dashboard_refund_player_auth.TestAdminMetrics" name="test_metrics_rejects_player_token" time="0.316" /><testcase classname="backend.tests.test_dashboard_refund_player_auth.TestAdminMetrics" name="test_metrics_schema_and_ordering" time="0.261" /><testcase classname="backend.tests.test_dashboard_refund_player_auth.TestRefundEndpoint" name="test_refund_requires_auth" time="0.052" /><testcase classname="backend.tests.test_dashboard_refund_player_auth.TestRefundEndpoint" name="test_refund_404_for_missing_inscripcion" time="0.161" /><testcase classname="backend.tests.test_dashboard_refund_player_auth.TestRefundEndpoint" name="test_refund_400_when_not_aprobado" time="0.236" /><testcase classname="backend.tests.test_dashboard_refund_player_auth.TestRefundEndpoint" name="test_refund_success_no_payment_intent_local_path" time="0.292" /><testcase classname="backend.tests.test_dashboard_refund_player_auth.TestRefundEndpoint" name="test_refund_idempotent_returns_404_second_time" time="0.305" /><testcase classname="backend.tests.test_dashboard_refund_player_auth.TestRefundEndpoint" name="test_refund_promotes_waitlist" time="1.204" /><testcase classname="backend.tests.test_dashboard_refund_player_auth.TestPlayerOtp" name="test_otp_request_creates_record_and_lazy_user" time="0.187" /><testcase classname="backend.tests.test_dashboard_refund_player_auth.TestPlayerOtp" name="test_otp_verify_wrong_code_increments_intentos" time="0.478" /><testcase classname="backend.tests.test_dashboard_refund_player_auth.TestPlayerOtp" name="test_otp_verify_expired_returns_410" time="0.227" /><testcase classname="backend.tests.test_dashboard_refund_player_auth.TestPlayerOtp" name="test_otp_full_success_flow" time="0.288" /><testcase classname="backend.tests.test_dashboard_refund_player_auth.TestPlayerOtp" name="test_player_me_requires_auth_and_rejects_admin" time="0.091" /><testcase classname="backend.tests.test_dashboard_refund_player_auth.TestPlayerHistoryStats" name="test_player_inscripciones_only_own_phone" time="0.500" /><testcase classname="backend.tests.test_dashboard_refund_player_auth.TestPlayerHistoryStats" name="test_player_stats_returns_schema" time="0.311" /><testcase classname="backend.tests.test_logic_modules" name="test_validar_rotacion_no_raises" time="0.000" /><testcase classname="backend.tests.test_logic_modules" name="test_round_robin_table_has_7_rondas" time="0.000" /><testcase classname="backend.tests.test_logic_modules" name="test_generar_rol_filtrado[5]" time="0.000" /><testcase classname="backend.tests.test_logic_modules" name="test_generar_rol_filtrado[6]" time="0.000" /><testcase classname="backend.tests.test_logic_modules" name="test_generar_rol_filtrado[7]" time="0.000" /><testcase classname="backend.tests.test_logic_modules" name="test_generar_rol_rechaza_jugadores_incorrectos" time="0.000" /><testcase classname="backend.tests.test_logic_modules" name="test_generar_rol_rechaza_rondas_invalidas" time="0.000" /><testcase classname="backend.tests.test_logic_modules" name="test_haversine_cdmx_aprox_10km" time="0.000" /><testcase classname="backend.tests.test_logic_modules" name="test_haversine_zero_for_same_point" time="0.000" /><testcase classname="backend.tests.test_logic_modules" name="test_construir_fecha_local_iso_offset_cdmx" time="0.000" /><testcase classname="backend.tests.test_mercadopago_marketplace.TestMpConnect" name="test_connect_invalid_token_returns_400" time="0.189" /><testcase classname="backend.tests.test_mercadopago_marketplace.TestMpConnect" name="test_connect_valid_token_returns_user_info" time="0.190" /><testcase classname="backend.tests.test_mercadopago_marketplace.TestMpConnect" name="test_connect_requires_auth" time="0.049" /><testcase classname="backend.tests.test_mercadopago_marketplace.TestMpStatus" name="test_status_returns_connected_after_connect" time="0.236" /><testcase classname="backend.tests.test_mercadopago_marketplace.TestMpStatus" name="test_status_requires_auth" time="0.048" /><testcase classname="backend.tests.test_mercadopago_marketplace.TestMpSettings" name="test_toggle_apply_fee_true_then_false" time="0.410" /><testcase classname="backend.tests.test_mercadopago_marketplace.TestMpDisconnectAndLockout" name="test_disconnect_then_checkout_blocked_then_reconnect" time="0.667" /><testcase classname="backend.tests.test_mercadopago_marketplace.TestMpCheckout" name="test_checkout_returns_init_point_https_and_persists_tx" time="0.873" /><testcase classname="backend.tests.test_mercadopago_marketplace.TestMpCheckout" name="test_checkout_reta_inexistente_404" time="0.047" /><testcase classname="backend.tests.test_mercadopago_marketplace.TestMpCheckout" name="test_checkout_costo_menor_a_10_returns_400" time="0.336" /><testcase classname="backend.tests.test_mercadopago_marketplace.TestMpCheckout" name="test_mp_status_not_found" time="0.051" /><testcase classname="backend.tests.test_mercadopago_marketplace.TestMpWebhook" name="test_webhook_payment_payload_returns_200" time="0.171" /><testcase classname="backend.tests.test_mercadopago_marketplace.TestMpWebhook" name="test_webhook_unknown_type_returns_200" time="0.051" /><testcase classname="backend.tests.test_mercadopago_marketplace.TestMpWebhook" name="test_webhook_empty_body_returns_200" time="0.049" /><testcase classname="backend.tests.test_mercadopago_marketplace.TestMpWebhook" name="test_webhook_no_auth_required" time="0.335" /><testcase classname="backend.tests.test_mercadopago_marketplace.TestRegressionNoMpBreakage" name="test_auth_login_works" time="0.271" /><testcase classname="backend.tests.test_mercadopago_marketplace.TestRegressionNoMpBreakage" name="test_retas_list_works" time="0.053" /><testcase classname="backend.tests.test_mercadopago_marketplace.TestRegressionNoMpBreakage" name="test_dashboard_metrics_works" time="0.050" /><testcase classname="backend.tests.test_mercadopago_marketplace.TestRegressionNoMpBreakage" name="test_radar_public_works" time="0.046" /><testcase classname="backend.tests.test_mercadopago_marketplace.TestRegressionNoMpBreakage" name="test_stripe_checkout_still_creates_session" time="0.609" /><testcase classname="backend.tests.test_stripe_payments.TestStripeCheckoutCreate" name="test_checkout_stripe_creates_pendiente_and_returns_https_url" time="0.564" /><testcase classname="backend.tests.test_stripe_payments.TestStripeCheckoutCreate" name="test_checkout_stripe_reta_inexistente_404" time="0.051" /><testcase classname="backend.tests.test_stripe_payments.TestStripeCheckoutCreate" name="test_checkout_stripe_costo_menor_a_10_returns_400" time="0.157" /><testcase classname="backend.tests.test_stripe_payments.TestStripeCheckoutCreate" name="test_checkout_stripe_full_reta_returns_409" time="0.989" /><testcase classname="backend.tests.test_stripe_payments.TestStripeWebhook" name="test_webhook_paid_marks_inscripcion_aprobada" time="0.588" /><testcase classname="backend.tests.test_stripe_payments.TestStripeWebhook" name="test_webhook_idempotent_by_event_id" time="0.697" /><testcase classname="backend.tests.test_stripe_payments.TestStripeWebhook" name="test_webhook_expired_removes_and_promotes_waitlist" time="1.514" /><testcase classname="backend.tests.test_stripe_payments.TestStripeWebhook" name="test_webhook_invalid_payload_returns_400" time="0.047" /><testcase classname="backend.tests.test_stripe_payments.TestPaymentStatus" name="test_status_pendiente_after_checkout" time="0.696" /><testcase classname="backend.tests.test_stripe_payments.TestPaymentStatus" name="test_status_after_webhook_paid_returns_aprobado" time="0.556" /><testcase classname="backend.tests.test_stripe_payments.TestPaymentStatus" name="test_status_inscripcion_inexistente_404" time="0.060" /><testcase classname="backend.tests.test_stripe_payments.TestWaitlistCount" name="test_waitlist_count_decreases_after_promotion" time="1.421" /><testcase classname="backend.tests.test_stripe_payments.TestAdminExpirar" name="test_expirar_pendientes_elimina_y_promueve" time="1.051" /><testcase classname="backend.tests.test_stripe_payments.TestAdminExpirar" name="test_expirar_pendientes_requires_auth" time="0.046" /><testcase classname="backend.tests.test_stripe_payments.TestAdminExpirar" name="test_expirar_pendientes_reta_inexistente_404" time="0.046" /><testcase classname="backend.tests.test_stripe_payments.TestMockWebhookRetrocompat" name="test_mock_webhook_approved_still_works" time="0.208" /><testcase classname="backend.tests.test_stripe_payments.TestMockWebhookRetrocompat" name="test_mock_webhook_failed_promotes" time="1.249" /></testsuite></testsuites>