<?xml version="1.0" encoding="utf-8"?><testsuites name="pytest tests"><testsuite name="pytest" errors="0" failures="0" skipped="0" tests="25" time="5.413" timestamp="2026-08-12T16:45:54.760299+00:00" hostname="agent-env-6fcfc196-e04f-4efe-af9a-ddc6fdde71ea"><testcase classname="tests.test_iter57_phase2_phase3.TestEmailRequest" name="test_valid_body_returns_200" time="0.449" /><testcase classname="tests.test_iter57_phase2_phase3.TestEmailRequest" name="test_invalid_email_returns_422" time="0.198" /><testcase classname="tests.test_iter57_phase2_phase3.TestEmailRequest" name="test_missing_email_returns_422" time="0.133" /><testcase classname="tests.test_iter57_phase2_phase3.TestEmailRequest" name="test_privacy_no_leak_of_email_existence" time="0.504" /><testcase classname="tests.test_iter57_phase2_phase3.TestEmailRequestRateLimitByEmail" name="test_throttle_after_3_requests" time="0.190" /><testcase classname="tests.test_iter57_phase2_phase3.TestEmailVerifyInvalid" name="test_wrong_code_returns_401" time="0.128" /><testcase classname="tests.test_iter57_phase2_phase3.TestEmailVerifyInvalid" name="test_no_otp_present_returns_401" time="0.123" /><testcase classname="tests.test_iter57_phase2_phase3.TestEmailVerifyInvalid" name="test_expired_otp_returns_401" time="0.141" /><testcase classname="tests.test_iter57_phase2_phase3.TestEmailVerifyInvalid" name="test_five_attempts_locks_otp" time="1.375" /><testcase classname="tests.test_iter57_phase2_phase3.TestEmailVerifySuccess" name="test_verify_returns_jwt_and_user" time="0.428" /><testcase classname="tests.test_iter57_phase2_phase3.TestEmailVerifySuccess" name="test_jwt_works_with_me_endpoint" time="0.124" /><testcase classname="tests.test_iter57_phase2_phase3.TestEmailVerifyRolesEndpoint" name="test_roles_endpoint_with_new_jwt" time="0.191" /><testcase classname="tests.test_iter57_phase2_phase3.TestEmailVerifyRolesEndpoint" name="test_profile_setup_with_email_jwt" time="0.137" /><testcase classname="tests.test_iter57_phase2_phase3.TestOtpLegacy410" name="test_otp_request_returns_410" time="0.128" /><testcase classname="tests.test_iter57_phase2_phase3.TestOtpLegacy410" name="test_otp_verify_returns_410" time="0.107" /><testcase classname="tests.test_iter57_phase2_phase3.TestNotificationsNoOp" name="test_module_importable" time="0.001" /><testcase classname="tests.test_iter57_phase2_phase3.TestNotificationsNoOp" name="test_is_twilio_configured_false" time="0.000" /><testcase classname="tests.test_iter57_phase2_phase3.TestNotificationsNoOp" name="test_send_whatsapp_returns_mocked" time="0.000" /><testcase classname="tests.test_iter57_phase2_phase3.TestNotificationsNoOp" name="test_dotenv_twilio_commented" time="0.000" /><testcase classname="tests.test_iter57_phase2_phase3.TestPhase1Regression" name="test_session_fake_returns_401" time="0.213" /><testcase classname="tests.test_iter57_phase2_phase3.TestAdminRegression" name="test_admin_login" time="0.371" /><testcase classname="tests.test_iter57_phase2_phase3.TestAdminRegression" name="test_admin_me" time="0.396" /><testcase classname="tests.test_iter57_phase2_phase3.TestDbSchema" name="test_usuarios_email_partial_index" time="0.001" /><testcase classname="tests.test_iter57_phase2_phase3.TestDbSchema" name="test_email_otps_ttl_index" time="0.001" /><testcase classname="tests.test_iter57_phase2_phase3.TestDbSchema" name="test_multiple_null_telefono_users" time="0.004" /></testsuite></testsuites>