<?xml version="1.0" encoding="utf-8"?><testsuites name="pytest tests"><testsuite name="pytest" errors="0" failures="0" skipped="0" tests="12" time="4.750" timestamp="2026-05-28T16:46:09.689395+00:00" hostname="agent-env-6fcfc196-e04f-4efe-af9a-ddc6fdde71ea"><testcase classname="tests.test_phase1_modalidad_registro.TestDefaults" name="test_create_without_modalidad_defaults_to_individual" time="0.794" /><testcase classname="tests.test_phase1_modalidad_registro.TestDefaults" name="test_existing_reta_fetched_has_default_modalidad" time="0.159" /><testcase classname="tests.test_phase1_modalidad_registro.TestParejasLibres" name="test_create_parejas_libres_with_free_agent_toggle" time="0.302" /><testcase classname="tests.test_phase1_modalidad_registro.TestParejasMixtas" name="test_create_parejas_mixtas" time="0.148" /><testcase classname="tests.test_phase1_modalidad_registro.TestUpdateModalidad" name="test_update_individual_to_parejas_libres_and_back" time="0.529" /><testcase classname="tests.test_phase1_modalidad_registro.TestCoherenceValidator" name="test_individual_with_flag_true_is_silenced" time="0.111" /><testcase classname="tests.test_phase1_modalidad_registro.TestInvalidValues" name="test_invalid_modalidad_value" time="0.126" /><testcase classname="tests.test_phase1_modalidad_registro.TestInvalidValues" name="test_empty_modalidad_value" time="0.211" /><testcase classname="tests.test_phase1_modalidad_registro.TestInscripcionDefaults" name="test_public_checkout_inscripcion_has_new_fields_defaulted" time="0.436" /><testcase classname="tests.test_phase1_modalidad_registro.TestRegression" name="test_login_works" time="0.380" /><testcase classname="tests.test_phase1_modalidad_registro.TestRegression" name="test_list_retas_includes_new_ones" time="0.124" /><testcase classname="tests.test_phase1_modalidad_registro.TestRegression" name="test_delete_reta_still_works" time="1.387" /></testsuite></testsuites>