<?xml version="1.0" encoding="utf-8"?><testsuites name="pytest tests"><testsuite name="pytest" errors="5" failures="0" skipped="0" tests="33" time="2.898" timestamp="2026-06-25T22:02:47.764093+00:00" hostname="agent-env-6fcfc196-e04f-4efe-af9a-ddc6fdde71ea"><testcase classname="tests.test_iter45_waitlist_acid.TestBackendBoots" name="test_root_api_returns_200" time="0.271" /><testcase classname="tests.test_iter45_waitlist_acid.TestAdminLogin" name="test_admin_login_success" time="0.290" /><testcase classname="tests.test_iter45_waitlist_acid.TestAdminLogin" name="test_admin_login_bad_password" time="0.269" /><testcase classname="tests.test_iter45_waitlist_acid.TestPublicSearch" name="test_buscar_retas_returns_list" time="0.116" /><testcase classname="tests.test_iter45_waitlist_acid.TestExpirarPendientes" name="test_expirar_pendientes_requires_auth" time="0.422" /><testcase classname="tests.test_iter45_waitlist_acid.TestExpirarPendientes" name="test_expirar_pendientes_returns_expected_shape" time="0.046" /><testcase classname="tests.test_iter45_waitlist_acid.TestExpirarPendientes" name="test_expirar_pendientes_unknown_reta_404" time="0.048" /><testcase classname="tests.test_iter45_waitlist_acid.TestExpirarPendientes" name="test_expirar_pendientes_idempotent" time="0.086" /><testcase classname="tests.test_iter45_waitlist_acid.TestJobsWorker" name="test_jobs_queue_collection_via_mongo" time="0.073" /><testcase classname="tests.test_iter45_waitlist_acid.TestJobsWorker" name="test_jobs_worker_log_line_present" time="0.006" /><testcase classname="tests.test_iter45_waitlist_acid.TestAdminEndpoints" name="test_payouts_summary" time="0.049" /><testcase classname="tests.test_iter45_waitlist_acid.TestAdminEndpoints" name="test_comunidad_asistencia" time="0.061" /><testcase classname="tests.test_iter45_waitlist_acid" name="test_promover_lista_espera_returns_none_when_empty" time="0.247" /><testcase classname="tests.test_iter45_waitlist_acid" name="test_helpers_imports_clean" time="0.000" /><testcase classname="tests.test_iter45_waitlist_acid" name="test_transactions_module_present" time="0.000" /><testcase classname="tests.test_iter45_waitlist_acid" name="test_mercadopago_refundar_pago_present" time="0.005" /><testcase classname="tests.test_iter46_acid_refund_overflow.TestMPOverflowRefund" name="test_mp_approved_overflow_triggers_refund" time="0.001"><error message="failed on setup with &quot;RuntimeError: Event loop is closed&quot;">E   RuntimeError: Event loop is closed</error></testcase><testcase classname="tests.test_iter46_acid_refund_overflow.TestMPOverflowRefund" name="test_mp_approved_happy_path_no_refund" time="0.000"><error message="failed on setup with &quot;RuntimeError: Event loop is closed&quot;">E   RuntimeError: Event loop is closed</error></testcase><testcase classname="tests.test_iter46_acid_refund_overflow.TestMPOverflowRefund" name="test_mp_already_processed_is_idempotent" time="0.000"><error message="failed on setup with &quot;RuntimeError: Event loop is closed&quot;">E   RuntimeError: Event loop is closed</error></testcase><testcase classname="tests.test_iter46_acid_refund_overflow.TestStripeOverflowRefund" name="test_stripe_paid_overflow_triggers_refund" time="0.000"><error message="failed on setup with &quot;RuntimeError: Event loop is closed&quot;">E   RuntimeError: Event loop is closed</error></testcase><testcase classname="tests.test_iter46_acid_refund_overflow.TestStripeOverflowRefund" name="test_stripe_paid_happy_path_no_refund" time="0.000"><error message="failed on setup with &quot;RuntimeError: Event loop is closed&quot;">E   RuntimeError: Event loop is closed</error></testcase><testcase classname="tests.test_iter46_acid_refund_overflow.TestSafeTransactionFallback" name="test_safe_transaction_yields_none_on_standalone" time="0.000" /><testcase classname="tests.test_iter46_acid_refund_overflow.TestSafeTransactionFallback" name="test_safe_transaction_exception_propagates" time="0.000" /><testcase classname="tests.test_iter46_acid_refund_overflow.TestPublicBuscarSanitization" name="test_q_sanitization_returns_200[test%00null]" time="0.139" /><testcase classname="tests.test_iter46_acid_refund_overflow.TestPublicBuscarSanitization" name="test_q_sanitization_returns_200[%00%00%00]" time="0.124" /><testcase classname="tests.test_iter46_acid_refund_overflow.TestPublicBuscarSanitization" name="test_q_sanitization_returns_200[%01%02%03test]" time="0.103" /><testcase classname="tests.test_iter46_acid_refund_overflow.TestPublicBuscarSanitization" name="test_q_sanitization_returns_200[test%E2%80%A8sep]" time="0.043" /><testcase classname="tests.test_iter46_acid_refund_overflow.TestPublicBuscarSanitization" name="test_q_sanitization_returns_200[test%E2%80%A9sep]" time="0.043" /><testcase classname="tests.test_iter46_acid_refund_overflow.TestPublicBuscarSanitization" name="test_q_sanitization_returns_200[test%E2%80%AAover]" time="0.046" /><testcase classname="tests.test_iter46_acid_refund_overflow.TestPublicBuscarSanitization" name="test_q_sanitization_returns_200[test%E2%81%A6iso]" time="0.051" /><testcase classname="tests.test_iter46_acid_refund_overflow.TestPublicBuscarSanitization" name="test_q_sanitization_returns_200[%20%20%20]" time="0.137" /><testcase classname="tests.test_iter46_acid_refund_overflow.TestPublicBuscarSanitization" name="test_q_sanitization_returns_200[%5E%24%2E%2A%2B%3F]" time="0.044" /><testcase classname="tests.test_iter46_acid_refund_overflow.TestPublicBuscarSanitization" name="test_q_sanitization_returns_200[test%7F%C2%85]" time="0.111" /></testsuite></testsuites>