<?xml version="1.0" encoding="utf-8"?><testsuites name="pytest tests"><testsuite name="pytest" errors="0" failures="0" skipped="0" tests="52" time="17.821" timestamp="2026-05-27T01:19:29.232230+00:00" hostname="agent-env-6fcfc196-e04f-4efe-af9a-ddc6fdde71ea"><testcase classname="tests.test_api_pixel_padel.TestAuth" name="test_login_success" time="0.400" /><testcase classname="tests.test_api_pixel_padel.TestAuth" name="test_login_bad_password" time="0.293" /><testcase classname="tests.test_api_pixel_padel.TestAuth" name="test_me_returns_admin" time="0.328" /><testcase classname="tests.test_api_pixel_padel.TestAuth" name="test_me_requires_token" time="0.053" /><testcase classname="tests.test_api_pixel_padel.TestRetas" name="test_create_reta_sets_max_jugadores_8x_canchas" time="0.152" /><testcase classname="tests.test_api_pixel_padel.TestRetas" name="test_list_retas_has_semaforo" time="0.163" /><testcase classname="tests.test_api_pixel_padel.TestRadar" name="test_radar_includes_close_excludes_far" time="0.266" /><testcase classname="tests.test_api_pixel_padel.TestPublicDetail" name="test_get_reta_by_slug" time="0.181" /><testcase classname="tests.test_api_pixel_padel.TestCheckoutFlow" name="test_checkout_creates_pendiente_with_lock" time="0.201" /><testcase classname="tests.test_api_pixel_padel.TestCheckoutFlow" name="test_fill_reta_to_rojo_and_409" time="1.088" /><testcase classname="tests.test_api_pixel_padel.TestWaitlist" name="test_waitlist_positions_and_promotion" time="1.266" /><testcase classname="tests.test_api_pixel_padel.TestPDF" name="test_generate_pdf_binary" time="0.237" /><testcase classname="tests.test_api_pixel_padel.TestPlayerStats" name="test_stats_unknown_player_returns_defaults" time="0.051" /><testcase classname="tests.test_api_pixel_padel.TestPlayerStats" name="test_stats_known_player_no_results_yet" time="0.257" /><testcase classname="tests.test_api_pixel_padel.TestPlayerStats" name="test_stats_real_efectividad_from_resultados" time="0.408" /><testcase classname="tests.test_api_pixel_padel.TestRol" name="test_get_rol_returns_round_robin" time="0.152" /><testcase classname="tests.test_api_pixel_padel.TestRol" name="test_get_rol_requires_auth" time="0.053" /><testcase classname="tests.test_api_pixel_padel.TestResultados" name="test_post_resultado_calcula_ganador_A" time="0.158" /><testcase classname="tests.test_api_pixel_padel.TestResultados" name="test_post_resultado_calcula_ganador_B_y_empate" time="0.205" /><testcase classname="tests.test_api_pixel_padel.TestResultados" name="test_post_resultado_idempotente_upsert" time="0.258" /><testcase classname="tests.test_api_pixel_padel.TestResultados" name="test_get_resultados_ordenado" time="0.367" /><testcase classname="tests.test_api_pixel_padel.TestResultados" name="test_post_validations_cancha_ronda_pareja" time="0.252" /><testcase classname="tests.test_api_pixel_padel.TestTabla" name="test_tabla_ordering_y_puntos" time="0.370" /><testcase classname="tests.test_api_pixel_padel.TestTabla" name="test_tabla_publica_sin_auth" time="0.272" /><testcase classname="tests.test_api_pixel_padel.TestTabla" name="test_tabla_reta_inexistente_404" time="0.177" /><testcase classname="tests.test_logic_modules" name="test_validar_rotacion_no_raises" time="0.000" /><testcase classname="tests.test_logic_modules" name="test_round_robin_table_has_7_rondas" time="0.000" /><testcase classname="tests.test_logic_modules" name="test_generar_rol_filtrado[5]" time="0.000" /><testcase classname="tests.test_logic_modules" name="test_generar_rol_filtrado[6]" time="0.000" /><testcase classname="tests.test_logic_modules" name="test_generar_rol_filtrado[7]" time="0.000" /><testcase classname="tests.test_logic_modules" name="test_generar_rol_rechaza_jugadores_incorrectos" time="0.000" /><testcase classname="tests.test_logic_modules" name="test_generar_rol_rechaza_rondas_invalidas" time="0.000" /><testcase classname="tests.test_logic_modules" name="test_haversine_cdmx_aprox_10km" time="0.000" /><testcase classname="tests.test_logic_modules" name="test_haversine_zero_for_same_point" time="0.000" /><testcase classname="tests.test_logic_modules" name="test_construir_fecha_local_iso_offset_cdmx" time="0.000" /><testcase classname="tests.test_stripe_payments.TestStripeCheckoutCreate" name="test_checkout_stripe_creates_pendiente_and_returns_https_url" time="0.597" /><testcase classname="tests.test_stripe_payments.TestStripeCheckoutCreate" name="test_checkout_stripe_reta_inexistente_404" time="0.051" /><testcase classname="tests.test_stripe_payments.TestStripeCheckoutCreate" name="test_checkout_stripe_costo_menor_a_10_returns_400" time="0.222" /><testcase classname="tests.test_stripe_payments.TestStripeCheckoutCreate" name="test_checkout_stripe_full_reta_returns_409" time="1.220" /><testcase classname="tests.test_stripe_payments.TestStripeWebhook" name="test_webhook_paid_marks_inscripcion_aprobada" time="0.639" /><testcase classname="tests.test_stripe_payments.TestStripeWebhook" name="test_webhook_idempotent_by_event_id" time="0.746" /><testcase classname="tests.test_stripe_payments.TestStripeWebhook" name="test_webhook_expired_removes_and_promotes_waitlist" time="1.471" /><testcase classname="tests.test_stripe_payments.TestStripeWebhook" name="test_webhook_invalid_payload_returns_400" time="0.049" /><testcase classname="tests.test_stripe_payments.TestPaymentStatus" name="test_status_pendiente_after_checkout" time="0.795" /><testcase classname="tests.test_stripe_payments.TestPaymentStatus" name="test_status_after_webhook_paid_returns_aprobado" time="0.691" /><testcase classname="tests.test_stripe_payments.TestPaymentStatus" name="test_status_inscripcion_inexistente_404" time="0.050" /><testcase classname="tests.test_stripe_payments.TestWaitlistCount" name="test_waitlist_count_decreases_after_promotion" time="1.267" /><testcase classname="tests.test_stripe_payments.TestAdminExpirar" name="test_expirar_pendientes_elimina_y_promueve" time="0.950" /><testcase classname="tests.test_stripe_payments.TestAdminExpirar" name="test_expirar_pendientes_requires_auth" time="0.049" /><testcase classname="tests.test_stripe_payments.TestAdminExpirar" name="test_expirar_pendientes_reta_inexistente_404" time="0.050" /><testcase classname="tests.test_stripe_payments.TestMockWebhookRetrocompat" name="test_mock_webhook_approved_still_works" time="0.254" /><testcase classname="tests.test_stripe_payments.TestMockWebhookRetrocompat" name="test_mock_webhook_failed_promotes" time="1.069" /></testsuite></testsuites>