<?xml version="1.0" encoding="utf-8"?><testsuites name="pytest tests"><testsuite name="pytest" errors="0" failures="0" skipped="0" tests="24" time="4.843" timestamp="2026-05-26T23:54:57.982980+00:00" hostname="agent-env-6fcfc196-e04f-4efe-af9a-ddc6fdde71ea"><testcase classname="tests.test_api_pixel_padel.TestAuth" name="test_login_success" time="0.506" /><testcase classname="tests.test_api_pixel_padel.TestAuth" name="test_login_bad_password" time="0.276" /><testcase classname="tests.test_api_pixel_padel.TestAuth" name="test_me_returns_admin" time="0.321" /><testcase classname="tests.test_api_pixel_padel.TestAuth" name="test_me_requires_token" time="0.047" /><testcase classname="tests.test_api_pixel_padel.TestRetas" name="test_create_reta_sets_max_jugadores_8x_canchas" time="0.161" /><testcase classname="tests.test_api_pixel_padel.TestRetas" name="test_list_retas_has_semaforo" time="0.155" /><testcase classname="tests.test_api_pixel_padel.TestRadar" name="test_radar_includes_close_excludes_far" time="0.249" /><testcase classname="tests.test_api_pixel_padel.TestPublicDetail" name="test_get_reta_by_slug" time="0.145" /><testcase classname="tests.test_api_pixel_padel.TestCheckoutFlow" name="test_checkout_creates_pendiente_with_lock" time="0.221" /><testcase classname="tests.test_api_pixel_padel.TestCheckoutFlow" name="test_fill_reta_to_rojo_and_409" time="1.007" /><testcase classname="tests.test_api_pixel_padel.TestWaitlist" name="test_waitlist_positions_and_promotion" time="1.179" /><testcase classname="tests.test_api_pixel_padel.TestPDF" name="test_generate_pdf_binary" time="0.228" /><testcase classname="tests.test_api_pixel_padel.TestPlayerStats" name="test_stats_unknown_player_returns_defaults" time="0.050" /><testcase classname="tests.test_api_pixel_padel.TestPlayerStats" name="test_stats_known_player_after_approval" time="0.248" /><testcase classname="tests.test_logic_modules" name="test_validar_rotacion_no_raises" time="0.000" /><testcase classname="tests.test_logic_modules" name="test_round_robin_table_has_7_rondas" time="0.000" /><testcase classname="tests.test_logic_modules" name="test_generar_rol_filtrado[5]" time="0.000" /><testcase classname="tests.test_logic_modules" name="test_generar_rol_filtrado[6]" time="0.000" /><testcase classname="tests.test_logic_modules" name="test_generar_rol_filtrado[7]" time="0.000" /><testcase classname="tests.test_logic_modules" name="test_generar_rol_rechaza_jugadores_incorrectos" time="0.000" /><testcase classname="tests.test_logic_modules" name="test_generar_rol_rechaza_rondas_invalidas" time="0.000" /><testcase classname="tests.test_logic_modules" name="test_haversine_cdmx_aprox_10km" time="0.000" /><testcase classname="tests.test_logic_modules" name="test_haversine_zero_for_same_point" time="0.000" /><testcase classname="tests.test_logic_modules" name="test_construir_fecha_local_iso_offset_cdmx" time="0.001" /></testsuite></testsuites>