<?xml version="1.0" encoding="utf-8"?><testsuites name="pytest tests"><testsuite name="pytest" errors="0" failures="0" skipped="0" tests="17" time="12.186" timestamp="2026-05-27T01:19:13.052479+00:00" hostname="agent-env-6fcfc196-e04f-4efe-af9a-ddc6fdde71ea"><testcase classname="tests.test_stripe_payments.TestStripeCheckoutCreate" name="test_checkout_stripe_creates_pendiente_and_returns_https_url" time="1.469" /><testcase classname="tests.test_stripe_payments.TestStripeCheckoutCreate" name="test_checkout_stripe_reta_inexistente_404" time="0.069" /><testcase classname="tests.test_stripe_payments.TestStripeCheckoutCreate" name="test_checkout_stripe_costo_menor_a_10_returns_400" time="0.181" /><testcase classname="tests.test_stripe_payments.TestStripeCheckoutCreate" name="test_checkout_stripe_full_reta_returns_409" time="1.268" /><testcase classname="tests.test_stripe_payments.TestStripeWebhook" name="test_webhook_paid_marks_inscripcion_aprobada" time="0.653" /><testcase classname="tests.test_stripe_payments.TestStripeWebhook" name="test_webhook_idempotent_by_event_id" time="0.757" /><testcase classname="tests.test_stripe_payments.TestStripeWebhook" name="test_webhook_expired_removes_and_promotes_waitlist" time="1.630" /><testcase classname="tests.test_stripe_payments.TestStripeWebhook" name="test_webhook_invalid_payload_returns_400" time="0.062" /><testcase classname="tests.test_stripe_payments.TestPaymentStatus" name="test_status_pendiente_after_checkout" time="0.827" /><testcase classname="tests.test_stripe_payments.TestPaymentStatus" name="test_status_after_webhook_paid_returns_aprobado" time="0.778" /><testcase classname="tests.test_stripe_payments.TestPaymentStatus" name="test_status_inscripcion_inexistente_404" time="0.061" /><testcase classname="tests.test_stripe_payments.TestWaitlistCount" name="test_waitlist_count_decreases_after_promotion" time="1.503" /><testcase classname="tests.test_stripe_payments.TestAdminExpirar" name="test_expirar_pendientes_elimina_y_promueve" time="1.165" /><testcase classname="tests.test_stripe_payments.TestAdminExpirar" name="test_expirar_pendientes_requires_auth" time="0.061" /><testcase classname="tests.test_stripe_payments.TestAdminExpirar" name="test_expirar_pendientes_reta_inexistente_404" time="0.058" /><testcase classname="tests.test_stripe_payments.TestMockWebhookRetrocompat" name="test_mock_webhook_approved_still_works" time="0.256" /><testcase classname="tests.test_stripe_payments.TestMockWebhookRetrocompat" name="test_mock_webhook_failed_promotes" time="1.337" /></testsuite></testsuites>